<?xml version="1.0" encoding="UTF-8"?>
<testsuite name="softuni.bg.bikeshop.controller.ProductControllerIT" tests="22" skipped="0" failures="0" errors="0" timestamp="2024-08-05T16:38:03" hostname="DESKTOP-RKC5M4M" time="1.432">
  <properties/>
  <testcase name="editProductPageForBikeTest()" classname="softuni.bg.bikeshop.controller.ProductControllerIT" time="0.082"/>
  <testcase name="deleteProductFailureTest()" classname="softuni.bg.bikeshop.controller.ProductControllerIT" time="0.014"/>
  <testcase name="viewMyOffersPageTest()" classname="softuni.bg.bikeshop.controller.ProductControllerIT" time="0.024"/>
  <testcase name="frameProductDetails()" classname="softuni.bg.bikeshop.controller.ProductControllerIT" time="0.045"/>
  <testcase name="viewFavouritesPageTest()" classname="softuni.bg.bikeshop.controller.ProductControllerIT" time="0.04"/>
  <testcase name="buyProductFailTest()" classname="softuni.bg.bikeshop.controller.ProductControllerIT" time="0.014"/>
  <testcase name="viewAddProductPageTest()" classname="softuni.bg.bikeshop.controller.ProductControllerIT" time="0.028"/>
  <testcase name="buyProductViewTest()" classname="softuni.bg.bikeshop.controller.ProductControllerIT" time="0.065"/>
  <testcase name="editProductPageForTiresTest()" classname="softuni.bg.bikeshop.controller.ProductControllerIT" time="0.029"/>
  <testcase name="editProductPageForFrameTest()" classname="softuni.bg.bikeshop.controller.ProductControllerIT" time="0.033"/>
  <testcase name="addToFavouritesTestWhenFailingInProducts()" classname="softuni.bg.bikeshop.controller.ProductControllerIT" time="0.011"/>
  <testcase name="removeFromFavouritesTest()" classname="softuni.bg.bikeshop.controller.ProductControllerIT" time="0.01"/>
  <testcase name="editProductPageForChainTest()" classname="softuni.bg.bikeshop.controller.ProductControllerIT" time="0.026"/>
  <testcase name="addToFavouritesTestWhenFailingDetails()" classname="softuni.bg.bikeshop.controller.ProductControllerIT" time="0.008"/>
  <testcase name="bikeProductDetails()" classname="softuni.bg.bikeshop.controller.ProductControllerIT" time="0.119"/>
  <testcase name="chainProductDetails()" classname="softuni.bg.bikeshop.controller.ProductControllerIT" time="0.125"/>
  <testcase name="deleteProductSuccessfulTest()" classname="softuni.bg.bikeshop.controller.ProductControllerIT" time="0.036"/>
  <testcase name="buyProductSuccessTest()" classname="softuni.bg.bikeshop.controller.ProductControllerIT" time="0.034"/>
  <testcase name="tiresProductDetails()" classname="softuni.bg.bikeshop.controller.ProductControllerIT" time="0.215"/>
  <testcase name="viewAddPartPageTest()" classname="softuni.bg.bikeshop.controller.ProductControllerIT" time="0.187"/>
  <testcase name="productDetails()" classname="softuni.bg.bikeshop.controller.ProductControllerIT" time="0.028"/>
  <testcase name="viewProductsPageTest()" classname="softuni.bg.bikeshop.controller.ProductControllerIT" time="0.044"/>
  <system-out><![CDATA[2024-08-05T19:38:00.461+03:00  INFO 16804 --- [BikeShop] [    Test worker] t.c.s.AnnotationConfigContextLoaderUtils : Could not detect default configuration classes for test class [softuni.bg.bikeshop.controller.ProductControllerIT]: ProductControllerIT does not declare any static, non-private, non-final, nested classes annotated with @Configuration.
2024-08-05T19:38:00.464+03:00  INFO 16804 --- [BikeShop] [    Test worker] .b.t.c.SpringBootTestContextBootstrapper : Found @SpringBootConfiguration softuni.bg.bikeshop.BikeShopApplication for test class softuni.bg.bikeshop.controller.ProductControllerIT
2024-08-05T19:38:00.468+03:00  INFO 16804 --- [BikeShop] [    Test worker] o.s.b.d.r.RestartApplicationListener     : Restart disabled due to context in which it is running
  .   ____          _            __ _ _
 /\\ / ___'_ __ _ _(_)_ __  __ _ \ \ \ \
( ( )\___ | '_ | '_| | '_ \/ _` | \ \ \ \
 \\/  ___)| |_)| | | | | || (_| |  ) ) ) )
  '  |____| .__|_| |_|_| |_\__, | / / / /
 =========|_|==============|___/=/_/_/_/

 :: Spring Boot ::                (v3.3.0)

2024-08-05T19:38:00.496+03:00  INFO 16804 --- [BikeShop] [    Test worker] s.b.b.controller.ProductControllerIT     : Starting ProductControllerIT using Java 17.0.3.1 with PID 16804 (started by PC in D:\SOFTUNI\Final Project\BikeShop)
2024-08-05T19:38:00.497+03:00  INFO 16804 --- [BikeShop] [    Test worker] s.b.b.controller.ProductControllerIT     : No active profile set, falling back to 1 default profile: "default"
2024-08-05T19:38:00.765+03:00  INFO 16804 --- [BikeShop] [    Test worker] .s.d.r.c.RepositoryConfigurationDelegate : Bootstrapping Spring Data JPA repositories in DEFAULT mode.
2024-08-05T19:38:00.791+03:00  INFO 16804 --- [BikeShop] [    Test worker] .s.d.r.c.RepositoryConfigurationDelegate : Finished Spring Data repository scanning in 26 ms. Found 6 JPA repository interfaces.
2024-08-05T19:38:01.322+03:00  INFO 16804 --- [BikeShop] [    Test worker] o.hibernate.jpa.internal.util.LogHelper  : HHH000204: Processing PersistenceUnitInfo [name: default]
2024-08-05T19:38:01.341+03:00  INFO 16804 --- [BikeShop] [    Test worker] o.h.c.internal.RegionFactoryInitiator    : HHH000026: Second-level cache disabled
2024-08-05T19:38:01.379+03:00  INFO 16804 --- [BikeShop] [    Test worker] o.s.o.j.p.SpringPersistenceUnitInfo      : No LoadTimeWeaver setup: ignoring JPA class transformer
2024-08-05T19:38:01.382+03:00  INFO 16804 --- [BikeShop] [    Test worker] com.zaxxer.hikari.HikariDataSource       : HikariPool-6 - Starting...
2024-08-05T19:38:01.393+03:00  INFO 16804 --- [BikeShop] [    Test worker] com.zaxxer.hikari.pool.HikariPool        : HikariPool-6 - Added connection com.mysql.cj.jdbc.ConnectionImpl@1c2e1cf2
2024-08-05T19:38:01.393+03:00  INFO 16804 --- [BikeShop] [    Test worker] com.zaxxer.hikari.HikariDataSource       : HikariPool-6 - Start completed.
2024-08-05T19:38:01.394+03:00  WARN 16804 --- [BikeShop] [    Test worker] org.hibernate.orm.deprecation            : HHH90000025: MySQL8Dialect does not need to be specified explicitly using 'hibernate.dialect' (remove the property setting and it will be selected by default)
2024-08-05T19:38:01.394+03:00  WARN 16804 --- [BikeShop] [    Test worker] org.hibernate.orm.deprecation            : HHH90000026: MySQL8Dialect has been deprecated; use org.hibernate.dialect.MySQLDialect instead
2024-08-05T19:38:01.396+03:00 DEBUG 16804 --- [BikeShop] [    Test worker] o.h.t.d.sql.spi.DdlTypeRegistry          : addDescriptor(12, org.hibernate.type.descriptor.sql.internal.CapacityDependentDdlType@16c87aa2) replaced previous registration(org.hibernate.type.descriptor.sql.internal.CapacityDependentDdlType@4bcd3286)
2024-08-05T19:38:01.396+03:00 DEBUG 16804 --- [BikeShop] [    Test worker] o.h.t.d.sql.spi.DdlTypeRegistry          : addDescriptor(-9, org.hibernate.type.descriptor.sql.internal.CapacityDependentDdlType@2d2ece26) replaced previous registration(org.hibernate.type.descriptor.sql.internal.CapacityDependentDdlType@410b8efd)
2024-08-05T19:38:01.396+03:00 DEBUG 16804 --- [BikeShop] [    Test worker] o.h.t.d.sql.spi.DdlTypeRegistry          : addDescriptor(-3, org.hibernate.type.descriptor.sql.internal.CapacityDependentDdlType@1443e114) replaced previous registration(org.hibernate.type.descriptor.sql.internal.CapacityDependentDdlType@3638a818)
2024-08-05T19:38:01.396+03:00 DEBUG 16804 --- [BikeShop] [    Test worker] o.h.t.d.sql.spi.DdlTypeRegistry          : addDescriptor(4003, org.hibernate.type.descriptor.sql.internal.DdlTypeImpl@6d3c1f07) replaced previous registration(org.hibernate.type.descriptor.sql.internal.DdlTypeImpl@70dd183b)
2024-08-05T19:38:01.396+03:00 DEBUG 16804 --- [BikeShop] [    Test worker] o.h.t.d.sql.spi.DdlTypeRegistry          : addDescriptor(4001, org.hibernate.type.descriptor.sql.internal.DdlTypeImpl@7b1d1c75) replaced previous registration(org.hibernate.type.descriptor.sql.internal.DdlTypeImpl@8161366)
2024-08-05T19:38:01.396+03:00 DEBUG 16804 --- [BikeShop] [    Test worker] o.h.t.d.sql.spi.DdlTypeRegistry          : addDescriptor(4002, org.hibernate.type.descriptor.sql.internal.DdlTypeImpl@5dfe144) replaced previous registration(org.hibernate.type.descriptor.sql.internal.DdlTypeImpl@1d5b2d04)
2024-08-05T19:38:01.396+03:00 DEBUG 16804 --- [BikeShop] [    Test worker] o.h.t.d.sql.spi.DdlTypeRegistry          : addDescriptor(2004, org.hibernate.type.descriptor.sql.internal.CapacityDependentDdlType@eb6646e) replaced previous registration(org.hibernate.type.descriptor.sql.internal.DdlTypeImpl@3603cbfd)
2024-08-05T19:38:01.396+03:00 DEBUG 16804 --- [BikeShop] [    Test worker] o.h.t.d.sql.spi.DdlTypeRegistry          : addDescriptor(2005, org.hibernate.type.descriptor.sql.internal.CapacityDependentDdlType@4cacd9b8) replaced previous registration(org.hibernate.type.descriptor.sql.internal.DdlTypeImpl@85bee24)
2024-08-05T19:38:01.397+03:00 DEBUG 16804 --- [BikeShop] [    Test worker] o.h.t.d.sql.spi.DdlTypeRegistry          : addDescriptor(2011, org.hibernate.type.descriptor.sql.internal.CapacityDependentDdlType@35737e55) replaced previous registration(org.hibernate.type.descriptor.sql.internal.DdlTypeImpl@1d070725)
2024-08-05T19:38:01.397+03:00 DEBUG 16804 --- [BikeShop] [    Test worker] o.h.t.d.jdbc.spi.JdbcTypeRegistry        : addDescriptor(NCharTypeDescriptor) replaced previous registration(CharTypeDescriptor)
2024-08-05T19:38:01.397+03:00 DEBUG 16804 --- [BikeShop] [    Test worker] o.h.t.d.jdbc.spi.JdbcTypeRegistry        : addDescriptor(NVarcharTypeDescriptor) replaced previous registration(VarcharTypeDescriptor)
2024-08-05T19:38:01.397+03:00 DEBUG 16804 --- [BikeShop] [    Test worker] o.h.t.d.jdbc.spi.JdbcTypeRegistry        : addDescriptor(LongNVarcharTypeDescriptor) replaced previous registration(LongVarcharTypeDescriptor)
2024-08-05T19:38:01.397+03:00 DEBUG 16804 --- [BikeShop] [    Test worker] o.h.t.d.jdbc.spi.JdbcTypeRegistry        : addDescriptor(NClobTypeDescriptor(DEFAULT)) replaced previous registration(ClobTypeDescriptor(DEFAULT))
2024-08-05T19:38:01.397+03:00 DEBUG 16804 --- [BikeShop] [    Test worker] o.h.t.d.jdbc.spi.JdbcTypeRegistry        : addDescriptor(2005, ClobTypeDescriptor(STREAM_BINDING)) replaced previous registration(ClobTypeDescriptor(DEFAULT))
2024-08-05T19:38:02.111+03:00  INFO 16804 --- [BikeShop] [    Test worker] o.h.e.t.j.p.i.JtaPlatformInitiator       : HHH000489: No JTA platform available (set 'hibernate.transaction.jta.platform' to enable JTA platform integration)
2024-08-05T19:38:02.132+03:00 DEBUG 16804 --- [BikeShop] [    Test worker] org.hibernate.SQL                        : 
    alter table picture 
       modify column url LONGTEXT not null
2024-08-05T19:38:02.195+03:00 DEBUG 16804 --- [BikeShop] [    Test worker] org.hibernate.SQL                        : 
    alter table products 
       modify column description TEXT
2024-08-05T19:38:02.240+03:00 DEBUG 16804 --- [BikeShop] [    Test worker] org.hibernate.SQL                        : 
    alter table reviews 
       modify column content TEXT not null
2024-08-05T19:38:02.436+03:00  INFO 16804 --- [BikeShop] [    Test worker] j.LocalContainerEntityManagerFactoryBean : Initialized JPA EntityManagerFactory for persistence unit 'default'
2024-08-05T19:38:03.323+03:00  INFO 16804 --- [BikeShop] [    Test worker] r$InitializeUserDetailsManagerConfigurer : Global AuthenticationManager configured with UserDetailsService bean with name userDetailsService
2024-08-05T19:38:03.355+03:00  INFO 16804 --- [BikeShop] [    Test worker] o.s.b.a.w.s.WelcomePageHandlerMapping    : Adding welcome page template: index
2024-08-05T19:38:03.565+03:00  INFO 16804 --- [BikeShop] [    Test worker] o.s.s.web.DefaultSecurityFilterChain     : Will secure any request with [org.springframework.security.web.session.DisableEncodeUrlFilter@5787166, org.springframework.security.web.context.request.async.WebAsyncManagerIntegrationFilter@2baa48e3, org.springframework.security.web.context.SecurityContextHolderFilter@577cb38d, org.springframework.security.web.header.HeaderWriterFilter@65993c30, org.springframework.web.filter.CorsFilter@65adf2ef, org.springframework.security.web.csrf.CsrfFilter@51ece47a, org.springframework.security.web.authentication.logout.LogoutFilter@5c4890f8, org.springframework.security.web.authentication.UsernamePasswordAuthenticationFilter@1dafed7b, org.springframework.security.web.savedrequest.RequestCacheAwareFilter@6105522c, org.springframework.security.web.servletapi.SecurityContextHolderAwareRequestFilter@424e7ab8, org.springframework.security.web.authentication.AnonymousAuthenticationFilter@70b1f14, org.springframework.security.web.access.ExceptionTranslationFilter@7b8b0c78, org.springframework.security.web.access.intercept.AuthorizationFilter@26bd1e9f]
2024-08-05T19:38:03.710+03:00  INFO 16804 --- [BikeShop] [    Test worker] o.s.b.t.m.w.SpringBootMockServletContext : Initializing Spring TestDispatcherServlet ''
2024-08-05T19:38:03.710+03:00  INFO 16804 --- [BikeShop] [    Test worker] o.s.t.web.servlet.TestDispatcherServlet  : Initializing Servlet ''
2024-08-05T19:38:03.711+03:00  INFO 16804 --- [BikeShop] [    Test worker] o.s.t.web.servlet.TestDispatcherServlet  : Completed initialization in 1 ms
2024-08-05T19:38:03.726+03:00  INFO 16804 --- [BikeShop] [    Test worker] s.b.b.controller.ProductControllerIT     : Started ProductControllerIT in 3.257 seconds (process running for 29.57)
2024-08-05T19:38:03.733+03:00 DEBUG 16804 --- [BikeShop] [    Test worker] org.hibernate.SQL                        : 
    select
        count(*) 
    from
        roles r1_0
2024-08-05T19:38:03.740+03:00 DEBUG 16804 --- [BikeShop] [    Test worker] org.hibernate.SQL                        : 
    select
        count(*) 
    from
        users u1_0
]]></system-out>
  <system-err><![CDATA[]]></system-err>
</testsuite>
