<?xml version="1.0" encoding="UTF-8"?>
<testsuite name="softuni.bg.bikeshop.controller.BikeControllerIT" tests="3" skipped="0" failures="0" errors="0" timestamp="2024-08-04T08:20:46" hostname="DESKTOP-RKC5M4M" time="0.232">
  <properties/>
  <testcase name="editBikeTestSuccessful()" classname="softuni.bg.bikeshop.controller.BikeControllerIT" time="0.066"/>
  <testcase name="editBikeTestFail()" classname="softuni.bg.bikeshop.controller.BikeControllerIT" time="0.028"/>
  <testcase name="addBikePageTest()" classname="softuni.bg.bikeshop.controller.BikeControllerIT" time="0.129"/>
  <system-out><![CDATA[2024-08-04T11:20:43.767+03:00  INFO 21212 --- [BikeShop] [    Test worker] t.c.s.AnnotationConfigContextLoaderUtils : Could not detect default configuration classes for test class [softuni.bg.bikeshop.controller.BikeControllerIT]: BikeControllerIT does not declare any static, non-private, non-final, nested classes annotated with @Configuration.
2024-08-04T11:20:43.780+03:00  INFO 21212 --- [BikeShop] [    Test worker] .b.t.c.SpringBootTestContextBootstrapper : Found @SpringBootConfiguration softuni.bg.bikeshop.BikeShopApplication for test class softuni.bg.bikeshop.controller.BikeControllerIT
2024-08-04T11:20:43.820+03:00  INFO 21212 --- [BikeShop] [    Test worker] o.s.b.d.r.RestartApplicationListener     : Restart disabled due to context in which it is running
  .   ____          _            __ _ _
 /\\ / ___'_ __ _ _(_)_ __  __ _ \ \ \ \
( ( )\___ | '_ | '_| | '_ \/ _` | \ \ \ \
 \\/  ___)| |_)| | | | | || (_| |  ) ) ) )
  '  |____| .__|_| |_|_| |_\__, | / / / /
 =========|_|==============|___/=/_/_/_/

 :: Spring Boot ::                (v3.3.0)

2024-08-04T11:20:44.032+03:00  INFO 21212 --- [BikeShop] [    Test worker] s.b.b.controller.BikeControllerIT        : Starting BikeControllerIT using Java 17.0.3.1 with PID 21212 (started by PC in D:\SOFTUNI\Final Project\BikeShop)
2024-08-04T11:20:44.032+03:00  INFO 21212 --- [BikeShop] [    Test worker] s.b.b.controller.BikeControllerIT        : No active profile set, falling back to 1 default profile: "default"
2024-08-04T11:20:44.896+03:00  INFO 21212 --- [BikeShop] [    Test worker] .s.d.r.c.RepositoryConfigurationDelegate : Bootstrapping Spring Data JPA repositories in DEFAULT mode.
2024-08-04T11:20:45.015+03:00  INFO 21212 --- [BikeShop] [    Test worker] .s.d.r.c.RepositoryConfigurationDelegate : Finished Spring Data repository scanning in 118 ms. Found 6 JPA repository interfaces.
2024-08-04T11:20:45.331+03:00  INFO 21212 --- [BikeShop] [    Test worker] o.hibernate.jpa.internal.util.LogHelper  : HHH000204: Processing PersistenceUnitInfo [name: default]
2024-08-04T11:20:45.338+03:00  INFO 21212 --- [BikeShop] [    Test worker] o.h.c.internal.RegionFactoryInitiator    : HHH000026: Second-level cache disabled
2024-08-04T11:20:45.352+03:00  INFO 21212 --- [BikeShop] [    Test worker] o.s.o.j.p.SpringPersistenceUnitInfo      : No LoadTimeWeaver setup: ignoring JPA class transformer
2024-08-04T11:20:45.353+03:00  INFO 21212 --- [BikeShop] [    Test worker] com.zaxxer.hikari.HikariDataSource       : HikariPool-3 - Starting...
2024-08-04T11:20:45.361+03:00  INFO 21212 --- [BikeShop] [    Test worker] com.zaxxer.hikari.pool.HikariPool        : HikariPool-3 - Added connection com.mysql.cj.jdbc.ConnectionImpl@5c72271e
2024-08-04T11:20:45.361+03:00  INFO 21212 --- [BikeShop] [    Test worker] com.zaxxer.hikari.HikariDataSource       : HikariPool-3 - Start completed.
2024-08-04T11:20:45.362+03:00  WARN 21212 --- [BikeShop] [    Test worker] org.hibernate.orm.deprecation            : HHH90000025: MySQL8Dialect does not need to be specified explicitly using 'hibernate.dialect' (remove the property setting and it will be selected by default)
2024-08-04T11:20:45.362+03:00  WARN 21212 --- [BikeShop] [    Test worker] org.hibernate.orm.deprecation            : HHH90000026: MySQL8Dialect has been deprecated; use org.hibernate.dialect.MySQLDialect instead
2024-08-04T11:20:45.362+03:00 DEBUG 21212 --- [BikeShop] [    Test worker] o.h.t.d.sql.spi.DdlTypeRegistry          : addDescriptor(12, org.hibernate.type.descriptor.sql.internal.CapacityDependentDdlType@52b4071c) replaced previous registration(org.hibernate.type.descriptor.sql.internal.CapacityDependentDdlType@3d9349a0)
2024-08-04T11:20:45.363+03:00 DEBUG 21212 --- [BikeShop] [    Test worker] o.h.t.d.sql.spi.DdlTypeRegistry          : addDescriptor(-9, org.hibernate.type.descriptor.sql.internal.CapacityDependentDdlType@5b26d717) replaced previous registration(org.hibernate.type.descriptor.sql.internal.CapacityDependentDdlType@16a151ba)
2024-08-04T11:20:45.363+03:00 DEBUG 21212 --- [BikeShop] [    Test worker] o.h.t.d.sql.spi.DdlTypeRegistry          : addDescriptor(-3, org.hibernate.type.descriptor.sql.internal.CapacityDependentDdlType@645f3895) replaced previous registration(org.hibernate.type.descriptor.sql.internal.CapacityDependentDdlType@4326a3f7)
2024-08-04T11:20:45.363+03:00 DEBUG 21212 --- [BikeShop] [    Test worker] o.h.t.d.sql.spi.DdlTypeRegistry          : addDescriptor(4003, org.hibernate.type.descriptor.sql.internal.DdlTypeImpl@2e554aeb) replaced previous registration(org.hibernate.type.descriptor.sql.internal.DdlTypeImpl@3265e21a)
2024-08-04T11:20:45.363+03:00 DEBUG 21212 --- [BikeShop] [    Test worker] o.h.t.d.sql.spi.DdlTypeRegistry          : addDescriptor(4001, org.hibernate.type.descriptor.sql.internal.DdlTypeImpl@2f63ef53) replaced previous registration(org.hibernate.type.descriptor.sql.internal.DdlTypeImpl@59acd853)
2024-08-04T11:20:45.363+03:00 DEBUG 21212 --- [BikeShop] [    Test worker] o.h.t.d.sql.spi.DdlTypeRegistry          : addDescriptor(4002, org.hibernate.type.descriptor.sql.internal.DdlTypeImpl@5d2ac39f) replaced previous registration(org.hibernate.type.descriptor.sql.internal.DdlTypeImpl@40429f12)
2024-08-04T11:20:45.363+03:00 DEBUG 21212 --- [BikeShop] [    Test worker] o.h.t.d.sql.spi.DdlTypeRegistry          : addDescriptor(2004, org.hibernate.type.descriptor.sql.internal.CapacityDependentDdlType@70ebe93e) replaced previous registration(org.hibernate.type.descriptor.sql.internal.DdlTypeImpl@4fbac930)
2024-08-04T11:20:45.363+03:00 DEBUG 21212 --- [BikeShop] [    Test worker] o.h.t.d.sql.spi.DdlTypeRegistry          : addDescriptor(2005, org.hibernate.type.descriptor.sql.internal.CapacityDependentDdlType@4407cd63) replaced previous registration(org.hibernate.type.descriptor.sql.internal.DdlTypeImpl@106960fe)
2024-08-04T11:20:45.364+03:00 DEBUG 21212 --- [BikeShop] [    Test worker] o.h.t.d.sql.spi.DdlTypeRegistry          : addDescriptor(2011, org.hibernate.type.descriptor.sql.internal.CapacityDependentDdlType@3fe4d9d4) replaced previous registration(org.hibernate.type.descriptor.sql.internal.DdlTypeImpl@268e6451)
2024-08-04T11:20:45.364+03:00 DEBUG 21212 --- [BikeShop] [    Test worker] o.h.t.d.jdbc.spi.JdbcTypeRegistry        : addDescriptor(NCharTypeDescriptor) replaced previous registration(CharTypeDescriptor)
2024-08-04T11:20:45.364+03:00 DEBUG 21212 --- [BikeShop] [    Test worker] o.h.t.d.jdbc.spi.JdbcTypeRegistry        : addDescriptor(NVarcharTypeDescriptor) replaced previous registration(VarcharTypeDescriptor)
2024-08-04T11:20:45.364+03:00 DEBUG 21212 --- [BikeShop] [    Test worker] o.h.t.d.jdbc.spi.JdbcTypeRegistry        : addDescriptor(LongNVarcharTypeDescriptor) replaced previous registration(LongVarcharTypeDescriptor)
2024-08-04T11:20:45.364+03:00 DEBUG 21212 --- [BikeShop] [    Test worker] o.h.t.d.jdbc.spi.JdbcTypeRegistry        : addDescriptor(NClobTypeDescriptor(DEFAULT)) replaced previous registration(ClobTypeDescriptor(DEFAULT))
2024-08-04T11:20:45.364+03:00 DEBUG 21212 --- [BikeShop] [    Test worker] o.h.t.d.jdbc.spi.JdbcTypeRegistry        : addDescriptor(2005, ClobTypeDescriptor(STREAM_BINDING)) replaced previous registration(ClobTypeDescriptor(DEFAULT))
2024-08-04T11:20:45.686+03:00  INFO 21212 --- [BikeShop] [    Test worker] o.h.e.t.j.p.i.JtaPlatformInitiator       : HHH000489: No JTA platform available (set 'hibernate.transaction.jta.platform' to enable JTA platform integration)
2024-08-04T11:20:45.701+03:00 DEBUG 21212 --- [BikeShop] [    Test worker] org.hibernate.SQL                        : 
    alter table picture 
       modify column url LONGTEXT not null
2024-08-04T11:20:45.715+03:00 DEBUG 21212 --- [BikeShop] [    Test worker] org.hibernate.SQL                        : 
    alter table products 
       modify column description TEXT
2024-08-04T11:20:45.741+03:00 DEBUG 21212 --- [BikeShop] [    Test worker] org.hibernate.SQL                        : 
    alter table reviews 
       modify column content TEXT not null
2024-08-04T11:20:45.866+03:00  INFO 21212 --- [BikeShop] [    Test worker] j.LocalContainerEntityManagerFactoryBean : Initialized JPA EntityManagerFactory for persistence unit 'default'
2024-08-04T11:20:46.016+03:00  INFO 21212 --- [BikeShop] [    Test worker] r$InitializeUserDetailsManagerConfigurer : Global AuthenticationManager configured with UserDetailsService bean with name userDetailsService
2024-08-04T11:20:46.033+03:00  INFO 21212 --- [BikeShop] [    Test worker] o.s.b.a.w.s.WelcomePageHandlerMapping    : Adding welcome page template: index
2024-08-04T11:20:46.132+03:00  INFO 21212 --- [BikeShop] [    Test worker] o.s.s.web.DefaultSecurityFilterChain     : Will secure any request with [org.springframework.security.web.session.DisableEncodeUrlFilter@333674ad, org.springframework.security.web.context.request.async.WebAsyncManagerIntegrationFilter@107b7bea, org.springframework.security.web.context.SecurityContextHolderFilter@36353a95, org.springframework.security.web.header.HeaderWriterFilter@3d6d57d4, org.springframework.web.filter.CorsFilter@135f3f19, org.springframework.security.web.csrf.CsrfFilter@508edcd7, org.springframework.security.web.authentication.logout.LogoutFilter@48e1928a, org.springframework.security.web.authentication.UsernamePasswordAuthenticationFilter@7707cd05, org.springframework.security.web.savedrequest.RequestCacheAwareFilter@107b30e0, org.springframework.security.web.servletapi.SecurityContextHolderAwareRequestFilter@9bdf4e, org.springframework.security.web.authentication.AnonymousAuthenticationFilter@5a79b792, org.springframework.security.web.access.ExceptionTranslationFilter@7f1dfdbc, org.springframework.security.web.access.intercept.AuthorizationFilter@5f6b899d]
2024-08-04T11:20:46.274+03:00  INFO 21212 --- [BikeShop] [    Test worker] o.s.b.t.m.w.SpringBootMockServletContext : Initializing Spring TestDispatcherServlet ''
2024-08-04T11:20:46.274+03:00  INFO 21212 --- [BikeShop] [    Test worker] o.s.t.web.servlet.TestDispatcherServlet  : Initializing Servlet ''
2024-08-04T11:20:46.276+03:00  INFO 21212 --- [BikeShop] [    Test worker] o.s.t.web.servlet.TestDispatcherServlet  : Completed initialization in 2 ms
2024-08-04T11:20:46.287+03:00  INFO 21212 --- [BikeShop] [    Test worker] s.b.b.controller.BikeControllerIT        : Started BikeControllerIT in 2.468 seconds (process running for 33.4)
2024-08-04T11:20:46.294+03:00 DEBUG 21212 --- [BikeShop] [    Test worker] org.hibernate.SQL                        : 
    select
        count(*) 
    from
        roles r1_0
2024-08-04T11:20:46.302+03:00 DEBUG 21212 --- [BikeShop] [    Test worker] org.hibernate.SQL                        : 
    select
        count(*) 
    from
        users u1_0
]]></system-out>
  <system-err><![CDATA[]]></system-err>
</testsuite>
