<?xml version="1.0" encoding="UTF-8"?>
<testsuite name="softuni.bg.bikeshop.controller.BikeControllerIT" tests="3" skipped="0" failures="0" errors="0" timestamp="2024-08-04T08:24:41" hostname="DESKTOP-RKC5M4M" time="0.253">
  <properties/>
  <testcase name="editBikeTestSuccessful()" classname="softuni.bg.bikeshop.controller.BikeControllerIT" time="0.048"/>
  <testcase name="editBikeTestFail()" classname="softuni.bg.bikeshop.controller.BikeControllerIT" time="0.019"/>
  <testcase name="addBikePageTest()" classname="softuni.bg.bikeshop.controller.BikeControllerIT" time="0.173"/>
  <system-out><![CDATA[2024-08-04T11:24:39.368+03:00  INFO 9492 --- [BikeShop] [    Test worker] t.c.s.AnnotationConfigContextLoaderUtils : Could not detect default configuration classes for test class [softuni.bg.bikeshop.controller.BikeControllerIT]: BikeControllerIT does not declare any static, non-private, non-final, nested classes annotated with @Configuration.
2024-08-04T11:24:39.371+03:00  INFO 9492 --- [BikeShop] [    Test worker] .b.t.c.SpringBootTestContextBootstrapper : Found @SpringBootConfiguration softuni.bg.bikeshop.BikeShopApplication for test class softuni.bg.bikeshop.controller.BikeControllerIT
2024-08-04T11:24:39.376+03:00  INFO 9492 --- [BikeShop] [    Test worker] o.s.b.d.r.RestartApplicationListener     : Restart disabled due to context in which it is running
  .   ____          _            __ _ _
 /\\ / ___'_ __ _ _(_)_ __  __ _ \ \ \ \
( ( )\___ | '_ | '_| | '_ \/ _` | \ \ \ \
 \\/  ___)| |_)| | | | | || (_| |  ) ) ) )
  '  |____| .__|_| |_|_| |_\__, | / / / /
 =========|_|==============|___/=/_/_/_/

 :: Spring Boot ::                (v3.3.0)

2024-08-04T11:24:39.410+03:00  INFO 9492 --- [BikeShop] [    Test worker] s.b.b.controller.BikeControllerIT        : Starting BikeControllerIT using Java 17.0.3.1 with PID 9492 (started by PC in D:\SOFTUNI\Final Project\BikeShop)
2024-08-04T11:24:39.411+03:00  INFO 9492 --- [BikeShop] [    Test worker] s.b.b.controller.BikeControllerIT        : No active profile set, falling back to 1 default profile: "default"
2024-08-04T11:24:39.699+03:00  INFO 9492 --- [BikeShop] [    Test worker] .s.d.r.c.RepositoryConfigurationDelegate : Bootstrapping Spring Data JPA repositories in DEFAULT mode.
2024-08-04T11:24:39.728+03:00  INFO 9492 --- [BikeShop] [    Test worker] .s.d.r.c.RepositoryConfigurationDelegate : Finished Spring Data repository scanning in 28 ms. Found 6 JPA repository interfaces.
2024-08-04T11:24:39.893+03:00  INFO 9492 --- [BikeShop] [    Test worker] o.hibernate.jpa.internal.util.LogHelper  : HHH000204: Processing PersistenceUnitInfo [name: default]
2024-08-04T11:24:39.899+03:00  INFO 9492 --- [BikeShop] [    Test worker] o.h.c.internal.RegionFactoryInitiator    : HHH000026: Second-level cache disabled
2024-08-04T11:24:39.916+03:00  INFO 9492 --- [BikeShop] [    Test worker] o.s.o.j.p.SpringPersistenceUnitInfo      : No LoadTimeWeaver setup: ignoring JPA class transformer
2024-08-04T11:24:39.918+03:00  INFO 9492 --- [BikeShop] [    Test worker] com.zaxxer.hikari.HikariDataSource       : HikariPool-3 - Starting...
2024-08-04T11:24:39.924+03:00  INFO 9492 --- [BikeShop] [    Test worker] com.zaxxer.hikari.pool.HikariPool        : HikariPool-3 - Added connection com.mysql.cj.jdbc.ConnectionImpl@33c84793
2024-08-04T11:24:39.925+03:00  INFO 9492 --- [BikeShop] [    Test worker] com.zaxxer.hikari.HikariDataSource       : HikariPool-3 - Start completed.
2024-08-04T11:24:39.926+03:00  WARN 9492 --- [BikeShop] [    Test worker] org.hibernate.orm.deprecation            : HHH90000025: MySQL8Dialect does not need to be specified explicitly using 'hibernate.dialect' (remove the property setting and it will be selected by default)
2024-08-04T11:24:39.926+03:00  WARN 9492 --- [BikeShop] [    Test worker] org.hibernate.orm.deprecation            : HHH90000026: MySQL8Dialect has been deprecated; use org.hibernate.dialect.MySQLDialect instead
2024-08-04T11:24:39.927+03:00 DEBUG 9492 --- [BikeShop] [    Test worker] o.h.t.d.sql.spi.DdlTypeRegistry          : addDescriptor(12, org.hibernate.type.descriptor.sql.internal.CapacityDependentDdlType@e068d7) replaced previous registration(org.hibernate.type.descriptor.sql.internal.CapacityDependentDdlType@161e99d8)
2024-08-04T11:24:39.927+03:00 DEBUG 9492 --- [BikeShop] [    Test worker] o.h.t.d.sql.spi.DdlTypeRegistry          : addDescriptor(-9, org.hibernate.type.descriptor.sql.internal.CapacityDependentDdlType@43fd117c) replaced previous registration(org.hibernate.type.descriptor.sql.internal.CapacityDependentDdlType@3278324f)
2024-08-04T11:24:39.927+03:00 DEBUG 9492 --- [BikeShop] [    Test worker] o.h.t.d.sql.spi.DdlTypeRegistry          : addDescriptor(-3, org.hibernate.type.descriptor.sql.internal.CapacityDependentDdlType@315d4207) replaced previous registration(org.hibernate.type.descriptor.sql.internal.CapacityDependentDdlType@536fddad)
2024-08-04T11:24:39.927+03:00 DEBUG 9492 --- [BikeShop] [    Test worker] o.h.t.d.sql.spi.DdlTypeRegistry          : addDescriptor(4003, org.hibernate.type.descriptor.sql.internal.DdlTypeImpl@78b2504d) replaced previous registration(org.hibernate.type.descriptor.sql.internal.DdlTypeImpl@babef5e)
2024-08-04T11:24:39.927+03:00 DEBUG 9492 --- [BikeShop] [    Test worker] o.h.t.d.sql.spi.DdlTypeRegistry          : addDescriptor(4001, org.hibernate.type.descriptor.sql.internal.DdlTypeImpl@50bdd956) replaced previous registration(org.hibernate.type.descriptor.sql.internal.DdlTypeImpl@7d12e459)
2024-08-04T11:24:39.927+03:00 DEBUG 9492 --- [BikeShop] [    Test worker] o.h.t.d.sql.spi.DdlTypeRegistry          : addDescriptor(4002, org.hibernate.type.descriptor.sql.internal.DdlTypeImpl@1748e38e) replaced previous registration(org.hibernate.type.descriptor.sql.internal.DdlTypeImpl@43cd2f26)
2024-08-04T11:24:39.928+03:00 DEBUG 9492 --- [BikeShop] [    Test worker] o.h.t.d.sql.spi.DdlTypeRegistry          : addDescriptor(2004, org.hibernate.type.descriptor.sql.internal.CapacityDependentDdlType@7d043960) replaced previous registration(org.hibernate.type.descriptor.sql.internal.DdlTypeImpl@17de3ab5)
2024-08-04T11:24:39.928+03:00 DEBUG 9492 --- [BikeShop] [    Test worker] o.h.t.d.sql.spi.DdlTypeRegistry          : addDescriptor(2005, org.hibernate.type.descriptor.sql.internal.CapacityDependentDdlType@47daff53) replaced previous registration(org.hibernate.type.descriptor.sql.internal.DdlTypeImpl@6d445c91)
2024-08-04T11:24:39.928+03:00 DEBUG 9492 --- [BikeShop] [    Test worker] o.h.t.d.sql.spi.DdlTypeRegistry          : addDescriptor(2011, org.hibernate.type.descriptor.sql.internal.CapacityDependentDdlType@3157a760) replaced previous registration(org.hibernate.type.descriptor.sql.internal.DdlTypeImpl@57ba286d)
2024-08-04T11:24:39.928+03:00 DEBUG 9492 --- [BikeShop] [    Test worker] o.h.t.d.jdbc.spi.JdbcTypeRegistry        : addDescriptor(NCharTypeDescriptor) replaced previous registration(CharTypeDescriptor)
2024-08-04T11:24:39.928+03:00 DEBUG 9492 --- [BikeShop] [    Test worker] o.h.t.d.jdbc.spi.JdbcTypeRegistry        : addDescriptor(NVarcharTypeDescriptor) replaced previous registration(VarcharTypeDescriptor)
2024-08-04T11:24:39.928+03:00 DEBUG 9492 --- [BikeShop] [    Test worker] o.h.t.d.jdbc.spi.JdbcTypeRegistry        : addDescriptor(LongNVarcharTypeDescriptor) replaced previous registration(LongVarcharTypeDescriptor)
2024-08-04T11:24:39.928+03:00 DEBUG 9492 --- [BikeShop] [    Test worker] o.h.t.d.jdbc.spi.JdbcTypeRegistry        : addDescriptor(NClobTypeDescriptor(DEFAULT)) replaced previous registration(ClobTypeDescriptor(DEFAULT))
2024-08-04T11:24:39.928+03:00 DEBUG 9492 --- [BikeShop] [    Test worker] o.h.t.d.jdbc.spi.JdbcTypeRegistry        : addDescriptor(2005, ClobTypeDescriptor(STREAM_BINDING)) replaced previous registration(ClobTypeDescriptor(DEFAULT))
2024-08-04T11:24:40.510+03:00  INFO 9492 --- [BikeShop] [    Test worker] o.h.e.t.j.p.i.JtaPlatformInitiator       : HHH000489: No JTA platform available (set 'hibernate.transaction.jta.platform' to enable JTA platform integration)
2024-08-04T11:24:40.525+03:00 DEBUG 9492 --- [BikeShop] [    Test worker] org.hibernate.SQL                        : 
    alter table picture 
       modify column url LONGTEXT not null
2024-08-04T11:24:40.540+03:00 DEBUG 9492 --- [BikeShop] [    Test worker] org.hibernate.SQL                        : 
    alter table products 
       modify column description TEXT
2024-08-04T11:24:40.564+03:00 DEBUG 9492 --- [BikeShop] [    Test worker] org.hibernate.SQL                        : 
    alter table reviews 
       modify column content TEXT not null
2024-08-04T11:24:40.695+03:00  INFO 9492 --- [BikeShop] [    Test worker] j.LocalContainerEntityManagerFactoryBean : Initialized JPA EntityManagerFactory for persistence unit 'default'
2024-08-04T11:24:40.833+03:00  INFO 9492 --- [BikeShop] [    Test worker] r$InitializeUserDetailsManagerConfigurer : Global AuthenticationManager configured with UserDetailsService bean with name userDetailsService
2024-08-04T11:24:40.870+03:00  INFO 9492 --- [BikeShop] [    Test worker] o.s.b.a.w.s.WelcomePageHandlerMapping    : Adding welcome page template: index
2024-08-04T11:24:41.280+03:00  INFO 9492 --- [BikeShop] [    Test worker] o.s.s.web.DefaultSecurityFilterChain     : Will secure any request with [org.springframework.security.web.session.DisableEncodeUrlFilter@113d2a24, org.springframework.security.web.context.request.async.WebAsyncManagerIntegrationFilter@331abb0d, org.springframework.security.web.context.SecurityContextHolderFilter@11ff1c7f, org.springframework.security.web.header.HeaderWriterFilter@41a6e7d0, org.springframework.web.filter.CorsFilter@2f6aa16, org.springframework.security.web.csrf.CsrfFilter@76419338, org.springframework.security.web.authentication.logout.LogoutFilter@2fc2ea96, org.springframework.security.web.authentication.UsernamePasswordAuthenticationFilter@2913f3ca, org.springframework.security.web.savedrequest.RequestCacheAwareFilter@6b5d852b, org.springframework.security.web.servletapi.SecurityContextHolderAwareRequestFilter@3059e367, org.springframework.security.web.authentication.AnonymousAuthenticationFilter@344d9421, org.springframework.security.web.access.ExceptionTranslationFilter@22bf3c03, org.springframework.security.web.access.intercept.AuthorizationFilter@578cda32]
2024-08-04T11:24:41.550+03:00  INFO 9492 --- [BikeShop] [    Test worker] o.s.b.t.m.w.SpringBootMockServletContext : Initializing Spring TestDispatcherServlet ''
2024-08-04T11:24:41.550+03:00  INFO 9492 --- [BikeShop] [    Test worker] o.s.t.web.servlet.TestDispatcherServlet  : Initializing Servlet ''
2024-08-04T11:24:41.551+03:00  INFO 9492 --- [BikeShop] [    Test worker] o.s.t.web.servlet.TestDispatcherServlet  : Completed initialization in 1 ms
2024-08-04T11:24:41.561+03:00  INFO 9492 --- [BikeShop] [    Test worker] s.b.b.controller.BikeControllerIT        : Started BikeControllerIT in 2.185 seconds (process running for 45.594)
2024-08-04T11:24:41.566+03:00 DEBUG 9492 --- [BikeShop] [    Test worker] org.hibernate.SQL                        : 
    select
        count(*) 
    from
        roles r1_0
2024-08-04T11:24:41.575+03:00 DEBUG 9492 --- [BikeShop] [    Test worker] org.hibernate.SQL                        : 
    select
        count(*) 
    from
        users u1_0
]]></system-out>
  <system-err><![CDATA[]]></system-err>
</testsuite>
