<?xml version="1.0" encoding="UTF-8"?>
<testsuite name="softuni.bg.bikeshop.service.impl.RoleServiceImplTest" tests="4" skipped="0" failures="0" errors="0" timestamp="2024-08-04T13:51:19" hostname="DESKTOP-RKC5M4M" time="0.105">
  <properties/>
  <testcase name="getUsersCurrentRolesWhenUserHasNoRoles()" classname="softuni.bg.bikeshop.service.impl.RoleServiceImplTest" time="0.088"/>
  <testcase name="getUsersCurrentRolesTest()" classname="softuni.bg.bikeshop.service.impl.RoleServiceImplTest" time="0.0"/>
  <testcase name="initRolesWhenRepoIsEmpty()" classname="softuni.bg.bikeshop.service.impl.RoleServiceImplTest" time="0.005"/>
  <testcase name="getUsersOtherRolesTest()" classname="softuni.bg.bikeshop.service.impl.RoleServiceImplTest" time="0.008"/>
  <system-out><![CDATA[]]></system-out>
  <system-err><![CDATA[]]></system-err>
</testsuite>
