<?xml version="1.0" encoding="UTF-8"?>
<testsuite name="softuni.bg.bikeshop.service.impl.ProductServiceImplTest" tests="20" skipped="0" failures="0" errors="0" timestamp="2024-08-04T13:51:19" hostname="DESKTOP-RKC5M4M" time="0.158">
  <properties/>
  <testcase name="addToFavouritesProductIsAlreadyInList()" classname="softuni.bg.bikeshop.service.impl.ProductServiceImplTest" time="0.015"/>
  <testcase name="deleteProductUserDoesntHaveThisProductTest()" classname="softuni.bg.bikeshop.service.impl.ProductServiceImplTest" time="0.007"/>
  <testcase name="deleteProductUserNotFoundTest()" classname="softuni.bg.bikeshop.service.impl.ProductServiceImplTest" time="0.009"/>
  <testcase name="getAllCurrentUsersProductsSuccessTest()" classname="softuni.bg.bikeshop.service.impl.ProductServiceImplTest" time="0.006"/>
  <testcase name="addToFavouritesProductNotFound()" classname="softuni.bg.bikeshop.service.impl.ProductServiceImplTest" time="0.005"/>
  <testcase name="addToFavouritesUserNotFound()" classname="softuni.bg.bikeshop.service.impl.ProductServiceImplTest" time="0.006"/>
  <testcase name="removeFromFavouritesProductNotFoundTest()" classname="softuni.bg.bikeshop.service.impl.ProductServiceImplTest" time="0.012"/>
  <testcase name="getProductByIdNotFoundTest()" classname="softuni.bg.bikeshop.service.impl.ProductServiceImplTest" time="0.005"/>
  <testcase name="getFavouritesSuccessTest()" classname="softuni.bg.bikeshop.service.impl.ProductServiceImplTest" time="0.009"/>
  <testcase name="getAllTest()" classname="softuni.bg.bikeshop.service.impl.ProductServiceImplTest" time="0.005"/>
  <testcase name="removeFromFavouritesUserNotFoundTest()" classname="softuni.bg.bikeshop.service.impl.ProductServiceImplTest" time="0.006"/>
  <testcase name="removeFromFavouritesTest()" classname="softuni.bg.bikeshop.service.impl.ProductServiceImplTest" time="0.006"/>
  <testcase name="getCurrentProductsUserNotFoundTest()" classname="softuni.bg.bikeshop.service.impl.ProductServiceImplTest" time="0.009"/>
  <testcase name="addToFavourites()" classname="softuni.bg.bikeshop.service.impl.ProductServiceImplTest" time="0.005"/>
  <testcase name="getProductByIdTest()" classname="softuni.bg.bikeshop.service.impl.ProductServiceImplTest" time="0.003"/>
  <testcase name="getProductsCountTest()" classname="softuni.bg.bikeshop.service.impl.ProductServiceImplTest" time="0.005"/>
  <testcase name="deleteProductProductNotFoundTest()" classname="softuni.bg.bikeshop.service.impl.ProductServiceImplTest" time="0.005"/>
  <testcase name="getFavouritesUserNotFoundTest()" classname="softuni.bg.bikeshop.service.impl.ProductServiceImplTest" time="0.004"/>
  <testcase name="buyProductProductNotFoundTest()" classname="softuni.bg.bikeshop.service.impl.ProductServiceImplTest" time="0.006"/>
  <testcase name="deleteProductProductIsSomeonesFavouriteTest()" classname="softuni.bg.bikeshop.service.impl.ProductServiceImplTest" time="0.006"/>
  <system-out><![CDATA[]]></system-out>
  <system-err><![CDATA[]]></system-err>
</testsuite>
