<?xml version="1.0" encoding="UTF-8"?>
<testsuite name="softuni.bg.bikeshop.controller.RegisterControllerIT" tests="3" skipped="0" failures="0" errors="0" timestamp="2024-08-04T08:20:55" hostname="DESKTOP-RKC5M4M" time="0.116">
  <properties/>
  <testcase name="registerSuccessfulTest()" classname="softuni.bg.bikeshop.controller.RegisterControllerIT" time="0.06"/>
  <testcase name="registerFailureWithValidationTest()" classname="softuni.bg.bikeshop.controller.RegisterControllerIT" time="0.018"/>
  <testcase name="registerPageTest()" classname="softuni.bg.bikeshop.controller.RegisterControllerIT" time="0.031"/>
  <system-out><![CDATA[2024-08-04T11:20:55.214+03:00  INFO 21212 --- [BikeShop] [    Test worker] t.c.s.AnnotationConfigContextLoaderUtils : Could not detect default configuration classes for test class [softuni.bg.bikeshop.controller.RegisterControllerIT]: RegisterControllerIT does not declare any static, non-private, non-final, nested classes annotated with @Configuration.
2024-08-04T11:20:55.220+03:00  INFO 21212 --- [BikeShop] [    Test worker] .b.t.c.SpringBootTestContextBootstrapper : Found @SpringBootConfiguration softuni.bg.bikeshop.BikeShopApplication for test class softuni.bg.bikeshop.controller.RegisterControllerIT
]]></system-out>
  <system-err><![CDATA[]]></system-err>
</testsuite>
