<?xml version="1.0" encoding="UTF-8"?>
<testsuite name="softuni.bg.bikeshop.controller.ProductControllerIT" tests="22" skipped="0" failures="0" errors="0" timestamp="2024-08-04T08:20:53" hostname="DESKTOP-RKC5M4M" time="1.333">
  <properties/>
  <testcase name="editProductPageForBikeTest()" classname="softuni.bg.bikeshop.controller.ProductControllerIT" time="0.153"/>
  <testcase name="deleteProductFailureTest()" classname="softuni.bg.bikeshop.controller.ProductControllerIT" time="0.013"/>
  <testcase name="viewMyOffersPageTest()" classname="softuni.bg.bikeshop.controller.ProductControllerIT" time="0.031"/>
  <testcase name="frameProductDetails()" classname="softuni.bg.bikeshop.controller.ProductControllerIT" time="0.044"/>
  <testcase name="viewFavouritesPageTest()" classname="softuni.bg.bikeshop.controller.ProductControllerIT" time="0.029"/>
  <testcase name="buyProductFailTest()" classname="softuni.bg.bikeshop.controller.ProductControllerIT" time="0.026"/>
  <testcase name="viewAddProductPageTest()" classname="softuni.bg.bikeshop.controller.ProductControllerIT" time="0.051"/>
  <testcase name="buyProductViewTest()" classname="softuni.bg.bikeshop.controller.ProductControllerIT" time="0.057"/>
  <testcase name="editProductPageForTiresTest()" classname="softuni.bg.bikeshop.controller.ProductControllerIT" time="0.127"/>
  <testcase name="editProductPageForFrameTest()" classname="softuni.bg.bikeshop.controller.ProductControllerIT" time="0.136"/>
  <testcase name="addToFavouritesTestWhenFailingInProducts()" classname="softuni.bg.bikeshop.controller.ProductControllerIT" time="0.021"/>
  <testcase name="removeFromFavouritesTest()" classname="softuni.bg.bikeshop.controller.ProductControllerIT" time="0.01"/>
  <testcase name="editProductPageForChainTest()" classname="softuni.bg.bikeshop.controller.ProductControllerIT" time="0.037"/>
  <testcase name="addToFavouritesTestWhenFailingDetails()" classname="softuni.bg.bikeshop.controller.ProductControllerIT" time="0.114"/>
  <testcase name="bikeProductDetails()" classname="softuni.bg.bikeshop.controller.ProductControllerIT" time="0.074"/>
  <testcase name="chainProductDetails()" classname="softuni.bg.bikeshop.controller.ProductControllerIT" time="0.055"/>
  <testcase name="deleteProductSuccessfulTest()" classname="softuni.bg.bikeshop.controller.ProductControllerIT" time="0.05"/>
  <testcase name="buyProductSuccessTest()" classname="softuni.bg.bikeshop.controller.ProductControllerIT" time="0.015"/>
  <testcase name="tiresProductDetails()" classname="softuni.bg.bikeshop.controller.ProductControllerIT" time="0.042"/>
  <testcase name="viewAddPartPageTest()" classname="softuni.bg.bikeshop.controller.ProductControllerIT" time="0.024"/>
  <testcase name="productDetails()" classname="softuni.bg.bikeshop.controller.ProductControllerIT" time="0.047"/>
  <testcase name="viewProductsPageTest()" classname="softuni.bg.bikeshop.controller.ProductControllerIT" time="0.024"/>
  <system-out><![CDATA[2024-08-04T11:20:49.961+03:00  INFO 21212 --- [BikeShop] [    Test worker] t.c.s.AnnotationConfigContextLoaderUtils : Could not detect default configuration classes for test class [softuni.bg.bikeshop.controller.ProductControllerIT]: ProductControllerIT does not declare any static, non-private, non-final, nested classes annotated with @Configuration.
2024-08-04T11:20:49.964+03:00  INFO 21212 --- [BikeShop] [    Test worker] .b.t.c.SpringBootTestContextBootstrapper : Found @SpringBootConfiguration softuni.bg.bikeshop.BikeShopApplication for test class softuni.bg.bikeshop.controller.ProductControllerIT
2024-08-04T11:20:49.968+03:00  INFO 21212 --- [BikeShop] [    Test worker] o.s.b.d.r.RestartApplicationListener     : Restart disabled due to context in which it is running
  .   ____          _            __ _ _
 /\\ / ___'_ __ _ _(_)_ __  __ _ \ \ \ \
( ( )\___ | '_ | '_| | '_ \/ _` | \ \ \ \
 \\/  ___)| |_)| | | | | || (_| |  ) ) ) )
  '  |____| .__|_| |_|_| |_\__, | / / / /
 =========|_|==============|___/=/_/_/_/

 :: Spring Boot ::                (v3.3.0)

2024-08-04T11:20:50.004+03:00  INFO 21212 --- [BikeShop] [    Test worker] s.b.b.controller.ProductControllerIT     : Starting ProductControllerIT using Java 17.0.3.1 with PID 21212 (started by PC in D:\SOFTUNI\Final Project\BikeShop)
2024-08-04T11:20:50.004+03:00  INFO 21212 --- [BikeShop] [    Test worker] s.b.b.controller.ProductControllerIT     : No active profile set, falling back to 1 default profile: "default"
2024-08-04T11:20:50.372+03:00  INFO 21212 --- [BikeShop] [    Test worker] .s.d.r.c.RepositoryConfigurationDelegate : Bootstrapping Spring Data JPA repositories in DEFAULT mode.
2024-08-04T11:20:50.418+03:00  INFO 21212 --- [BikeShop] [    Test worker] .s.d.r.c.RepositoryConfigurationDelegate : Finished Spring Data repository scanning in 44 ms. Found 6 JPA repository interfaces.
2024-08-04T11:20:51.135+03:00  INFO 21212 --- [BikeShop] [    Test worker] o.hibernate.jpa.internal.util.LogHelper  : HHH000204: Processing PersistenceUnitInfo [name: default]
2024-08-04T11:20:51.145+03:00  INFO 21212 --- [BikeShop] [    Test worker] o.h.c.internal.RegionFactoryInitiator    : HHH000026: Second-level cache disabled
2024-08-04T11:20:51.195+03:00  INFO 21212 --- [BikeShop] [    Test worker] o.s.o.j.p.SpringPersistenceUnitInfo      : No LoadTimeWeaver setup: ignoring JPA class transformer
2024-08-04T11:20:51.198+03:00  INFO 21212 --- [BikeShop] [    Test worker] com.zaxxer.hikari.HikariDataSource       : HikariPool-6 - Starting...
2024-08-04T11:20:51.206+03:00  INFO 21212 --- [BikeShop] [    Test worker] com.zaxxer.hikari.pool.HikariPool        : HikariPool-6 - Added connection com.mysql.cj.jdbc.ConnectionImpl@17618df2
2024-08-04T11:20:51.206+03:00  INFO 21212 --- [BikeShop] [    Test worker] com.zaxxer.hikari.HikariDataSource       : HikariPool-6 - Start completed.
2024-08-04T11:20:51.207+03:00  WARN 21212 --- [BikeShop] [    Test worker] org.hibernate.orm.deprecation            : HHH90000025: MySQL8Dialect does not need to be specified explicitly using 'hibernate.dialect' (remove the property setting and it will be selected by default)
2024-08-04T11:20:51.207+03:00  WARN 21212 --- [BikeShop] [    Test worker] org.hibernate.orm.deprecation            : HHH90000026: MySQL8Dialect has been deprecated; use org.hibernate.dialect.MySQLDialect instead
2024-08-04T11:20:51.208+03:00 DEBUG 21212 --- [BikeShop] [    Test worker] o.h.t.d.sql.spi.DdlTypeRegistry          : addDescriptor(12, org.hibernate.type.descriptor.sql.internal.CapacityDependentDdlType@27ef9f1f) replaced previous registration(org.hibernate.type.descriptor.sql.internal.CapacityDependentDdlType@e5220bd)
2024-08-04T11:20:51.209+03:00 DEBUG 21212 --- [BikeShop] [    Test worker] o.h.t.d.sql.spi.DdlTypeRegistry          : addDescriptor(-9, org.hibernate.type.descriptor.sql.internal.CapacityDependentDdlType@64f9b819) replaced previous registration(org.hibernate.type.descriptor.sql.internal.CapacityDependentDdlType@7f6ca769)
2024-08-04T11:20:51.209+03:00 DEBUG 21212 --- [BikeShop] [    Test worker] o.h.t.d.sql.spi.DdlTypeRegistry          : addDescriptor(-3, org.hibernate.type.descriptor.sql.internal.CapacityDependentDdlType@2420c8fc) replaced previous registration(org.hibernate.type.descriptor.sql.internal.CapacityDependentDdlType@3b68430d)
2024-08-04T11:20:51.209+03:00 DEBUG 21212 --- [BikeShop] [    Test worker] o.h.t.d.sql.spi.DdlTypeRegistry          : addDescriptor(4003, org.hibernate.type.descriptor.sql.internal.DdlTypeImpl@12f81d09) replaced previous registration(org.hibernate.type.descriptor.sql.internal.DdlTypeImpl@835a7d0)
2024-08-04T11:20:51.209+03:00 DEBUG 21212 --- [BikeShop] [    Test worker] o.h.t.d.sql.spi.DdlTypeRegistry          : addDescriptor(4001, org.hibernate.type.descriptor.sql.internal.DdlTypeImpl@2af0f902) replaced previous registration(org.hibernate.type.descriptor.sql.internal.DdlTypeImpl@5379a77a)
2024-08-04T11:20:51.209+03:00 DEBUG 21212 --- [BikeShop] [    Test worker] o.h.t.d.sql.spi.DdlTypeRegistry          : addDescriptor(4002, org.hibernate.type.descriptor.sql.internal.DdlTypeImpl@1bbf849) replaced previous registration(org.hibernate.type.descriptor.sql.internal.DdlTypeImpl@2495d489)
2024-08-04T11:20:51.209+03:00 DEBUG 21212 --- [BikeShop] [    Test worker] o.h.t.d.sql.spi.DdlTypeRegistry          : addDescriptor(2004, org.hibernate.type.descriptor.sql.internal.CapacityDependentDdlType@90001f0) replaced previous registration(org.hibernate.type.descriptor.sql.internal.DdlTypeImpl@175c25dd)
2024-08-04T11:20:51.209+03:00 DEBUG 21212 --- [BikeShop] [    Test worker] o.h.t.d.sql.spi.DdlTypeRegistry          : addDescriptor(2005, org.hibernate.type.descriptor.sql.internal.CapacityDependentDdlType@49fbfecf) replaced previous registration(org.hibernate.type.descriptor.sql.internal.DdlTypeImpl@43405ae5)
2024-08-04T11:20:51.210+03:00 DEBUG 21212 --- [BikeShop] [    Test worker] o.h.t.d.sql.spi.DdlTypeRegistry          : addDescriptor(2011, org.hibernate.type.descriptor.sql.internal.CapacityDependentDdlType@4ac6ccfc) replaced previous registration(org.hibernate.type.descriptor.sql.internal.DdlTypeImpl@3cc27ab4)
2024-08-04T11:20:51.210+03:00 DEBUG 21212 --- [BikeShop] [    Test worker] o.h.t.d.jdbc.spi.JdbcTypeRegistry        : addDescriptor(NCharTypeDescriptor) replaced previous registration(CharTypeDescriptor)
2024-08-04T11:20:51.210+03:00 DEBUG 21212 --- [BikeShop] [    Test worker] o.h.t.d.jdbc.spi.JdbcTypeRegistry        : addDescriptor(NVarcharTypeDescriptor) replaced previous registration(VarcharTypeDescriptor)
2024-08-04T11:20:51.210+03:00 DEBUG 21212 --- [BikeShop] [    Test worker] o.h.t.d.jdbc.spi.JdbcTypeRegistry        : addDescriptor(LongNVarcharTypeDescriptor) replaced previous registration(LongVarcharTypeDescriptor)
2024-08-04T11:20:51.210+03:00 DEBUG 21212 --- [BikeShop] [    Test worker] o.h.t.d.jdbc.spi.JdbcTypeRegistry        : addDescriptor(NClobTypeDescriptor(DEFAULT)) replaced previous registration(ClobTypeDescriptor(DEFAULT))
2024-08-04T11:20:51.210+03:00 DEBUG 21212 --- [BikeShop] [    Test worker] o.h.t.d.jdbc.spi.JdbcTypeRegistry        : addDescriptor(2005, ClobTypeDescriptor(STREAM_BINDING)) replaced previous registration(ClobTypeDescriptor(DEFAULT))
2024-08-04T11:20:51.803+03:00  INFO 21212 --- [BikeShop] [    Test worker] o.h.e.t.j.p.i.JtaPlatformInitiator       : HHH000489: No JTA platform available (set 'hibernate.transaction.jta.platform' to enable JTA platform integration)
2024-08-04T11:20:51.820+03:00 DEBUG 21212 --- [BikeShop] [    Test worker] org.hibernate.SQL                        : 
    alter table picture 
       modify column url LONGTEXT not null
2024-08-04T11:20:51.847+03:00 DEBUG 21212 --- [BikeShop] [    Test worker] org.hibernate.SQL                        : 
    alter table products 
       modify column description TEXT
2024-08-04T11:20:52.397+03:00 DEBUG 21212 --- [BikeShop] [    Test worker] org.hibernate.SQL                        : 
    alter table reviews 
       modify column content TEXT not null
2024-08-04T11:20:52.576+03:00  INFO 21212 --- [BikeShop] [    Test worker] j.LocalContainerEntityManagerFactoryBean : Initialized JPA EntityManagerFactory for persistence unit 'default'
2024-08-04T11:20:53.168+03:00  INFO 21212 --- [BikeShop] [    Test worker] r$InitializeUserDetailsManagerConfigurer : Global AuthenticationManager configured with UserDetailsService bean with name userDetailsService
2024-08-04T11:20:53.191+03:00  INFO 21212 --- [BikeShop] [    Test worker] o.s.b.a.w.s.WelcomePageHandlerMapping    : Adding welcome page template: index
2024-08-04T11:20:53.361+03:00  INFO 21212 --- [BikeShop] [    Test worker] o.s.s.web.DefaultSecurityFilterChain     : Will secure any request with [org.springframework.security.web.session.DisableEncodeUrlFilter@2abe448b, org.springframework.security.web.context.request.async.WebAsyncManagerIntegrationFilter@272a2aa7, org.springframework.security.web.context.SecurityContextHolderFilter@279dbd48, org.springframework.security.web.header.HeaderWriterFilter@70176150, org.springframework.web.filter.CorsFilter@2744e8f, org.springframework.security.web.csrf.CsrfFilter@5926f473, org.springframework.security.web.authentication.logout.LogoutFilter@1fc5aaa5, org.springframework.security.web.authentication.UsernamePasswordAuthenticationFilter@189c55bf, org.springframework.security.web.savedrequest.RequestCacheAwareFilter@49f640a4, org.springframework.security.web.servletapi.SecurityContextHolderAwareRequestFilter@1e2ec5db, org.springframework.security.web.authentication.AnonymousAuthenticationFilter@78bfc2d3, org.springframework.security.web.access.ExceptionTranslationFilter@7f151342, org.springframework.security.web.access.intercept.AuthorizationFilter@ca53bc6]
2024-08-04T11:20:53.691+03:00  INFO 21212 --- [BikeShop] [    Test worker] o.s.b.t.m.w.SpringBootMockServletContext : Initializing Spring TestDispatcherServlet ''
2024-08-04T11:20:53.692+03:00  INFO 21212 --- [BikeShop] [    Test worker] o.s.t.web.servlet.TestDispatcherServlet  : Initializing Servlet ''
2024-08-04T11:20:53.695+03:00  INFO 21212 --- [BikeShop] [    Test worker] o.s.t.web.servlet.TestDispatcherServlet  : Completed initialization in 2 ms
2024-08-04T11:20:53.718+03:00  INFO 21212 --- [BikeShop] [    Test worker] s.b.b.controller.ProductControllerIT     : Started ProductControllerIT in 3.75 seconds (process running for 40.83)
2024-08-04T11:20:53.738+03:00 DEBUG 21212 --- [BikeShop] [    Test worker] org.hibernate.SQL                        : 
    select
        count(*) 
    from
        roles r1_0
2024-08-04T11:20:53.850+03:00 DEBUG 21212 --- [BikeShop] [    Test worker] org.hibernate.SQL                        : 
    select
        count(*) 
    from
        users u1_0
]]></system-out>
  <system-err><![CDATA[]]></system-err>
</testsuite>
