<?xml version="1.0" encoding="UTF-8"?>
<testsuite name="softuni.bg.bikeshop.BikeShopApplicationTests" tests="1" skipped="0" failures="0" errors="0" timestamp="2024-08-05T16:13:39" hostname="DESKTOP-RKC5M4M" time="0.756">
  <properties/>
  <testcase name="contextLoads()" classname="softuni.bg.bikeshop.BikeShopApplicationTests" time="0.756"/>
  <system-out><![CDATA[19:13:20.912 [Test worker] INFO org.springframework.test.context.support.AnnotationConfigContextLoaderUtils -- Could not detect default configuration classes for test class [softuni.bg.bikeshop.BikeShopApplicationTests]: BikeShopApplicationTests does not declare any static, non-private, non-final, nested classes annotated with @Configuration.
19:13:21.383 [Test worker] INFO org.springframework.boot.test.context.SpringBootTestContextBootstrapper -- Found @SpringBootConfiguration softuni.bg.bikeshop.BikeShopApplication for test class softuni.bg.bikeshop.BikeShopApplicationTests
19:13:22.423 [Test worker] INFO org.springframework.boot.devtools.restart.RestartApplicationListener -- Restart disabled due to context in which it is running
  .   ____          _            __ _ _
 /\\ / ___'_ __ _ _(_)_ __  __ _ \ \ \ \
( ( )\___ | '_ | '_| | '_ \/ _` | \ \ \ \
 \\/  ___)| |_)| | | | | || (_| |  ) ) ) )
  '  |____| .__|_| |_|_| |_\__, | / / / /
 =========|_|==============|___/=/_/_/_/

 :: Spring Boot ::                (v3.3.0)

2024-08-05T19:13:24.293+03:00  INFO 13416 --- [BikeShop] [    Test worker] s.bg.bikeshop.BikeShopApplicationTests   : Starting BikeShopApplicationTests using Java 17.0.3.1 with PID 13416 (started by PC in D:\SOFTUNI\Final Project\BikeShop)
2024-08-05T19:13:24.295+03:00  INFO 13416 --- [BikeShop] [    Test worker] s.bg.bikeshop.BikeShopApplicationTests   : No active profile set, falling back to 1 default profile: "default"
2024-08-05T19:13:28.559+03:00  INFO 13416 --- [BikeShop] [    Test worker] .s.d.r.c.RepositoryConfigurationDelegate : Bootstrapping Spring Data JPA repositories in DEFAULT mode.
2024-08-05T19:13:28.821+03:00  INFO 13416 --- [BikeShop] [    Test worker] .s.d.r.c.RepositoryConfigurationDelegate : Finished Spring Data repository scanning in 205 ms. Found 6 JPA repository interfaces.
2024-08-05T19:13:30.344+03:00  INFO 13416 --- [BikeShop] [    Test worker] o.hibernate.jpa.internal.util.LogHelper  : HHH000204: Processing PersistenceUnitInfo [name: default]
2024-08-05T19:13:30.508+03:00  INFO 13416 --- [BikeShop] [    Test worker] org.hibernate.Version                    : HHH000412: Hibernate ORM core version 6.5.2.Final
2024-08-05T19:13:30.616+03:00  INFO 13416 --- [BikeShop] [    Test worker] o.h.c.internal.RegionFactoryInitiator    : HHH000026: Second-level cache disabled
2024-08-05T19:13:31.336+03:00  INFO 13416 --- [BikeShop] [    Test worker] o.s.o.j.p.SpringPersistenceUnitInfo      : No LoadTimeWeaver setup: ignoring JPA class transformer
2024-08-05T19:13:31.412+03:00  INFO 13416 --- [BikeShop] [    Test worker] com.zaxxer.hikari.HikariDataSource       : HikariPool-1 - Starting...
2024-08-05T19:13:31.793+03:00  INFO 13416 --- [BikeShop] [    Test worker] com.zaxxer.hikari.pool.HikariPool        : HikariPool-1 - Added connection com.mysql.cj.jdbc.ConnectionImpl@499c4d61
2024-08-05T19:13:31.796+03:00  INFO 13416 --- [BikeShop] [    Test worker] com.zaxxer.hikari.HikariDataSource       : HikariPool-1 - Start completed.
2024-08-05T19:13:31.889+03:00  WARN 13416 --- [BikeShop] [    Test worker] org.hibernate.orm.deprecation            : HHH90000025: MySQL8Dialect does not need to be specified explicitly using 'hibernate.dialect' (remove the property setting and it will be selected by default)
2024-08-05T19:13:31.892+03:00  WARN 13416 --- [BikeShop] [    Test worker] org.hibernate.orm.deprecation            : HHH90000026: MySQL8Dialect has been deprecated; use org.hibernate.dialect.MySQLDialect instead
2024-08-05T19:13:31.961+03:00 DEBUG 13416 --- [BikeShop] [    Test worker] o.h.t.d.sql.spi.DdlTypeRegistry          : addDescriptor(12, org.hibernate.type.descriptor.sql.internal.CapacityDependentDdlType@552088cc) replaced previous registration(org.hibernate.type.descriptor.sql.internal.CapacityDependentDdlType@57eed461)
2024-08-05T19:13:31.961+03:00 DEBUG 13416 --- [BikeShop] [    Test worker] o.h.t.d.sql.spi.DdlTypeRegistry          : addDescriptor(-9, org.hibernate.type.descriptor.sql.internal.CapacityDependentDdlType@3c62f69a) replaced previous registration(org.hibernate.type.descriptor.sql.internal.CapacityDependentDdlType@f08f8a9)
2024-08-05T19:13:31.962+03:00 DEBUG 13416 --- [BikeShop] [    Test worker] o.h.t.d.sql.spi.DdlTypeRegistry          : addDescriptor(-3, org.hibernate.type.descriptor.sql.internal.CapacityDependentDdlType@5ebf776c) replaced previous registration(org.hibernate.type.descriptor.sql.internal.CapacityDependentDdlType@7fd3fd06)
2024-08-05T19:13:31.963+03:00 DEBUG 13416 --- [BikeShop] [    Test worker] o.h.t.d.sql.spi.DdlTypeRegistry          : addDescriptor(4003, org.hibernate.type.descriptor.sql.internal.DdlTypeImpl@54ae1240) replaced previous registration(org.hibernate.type.descriptor.sql.internal.DdlTypeImpl@1c2b65cc)
2024-08-05T19:13:31.963+03:00 DEBUG 13416 --- [BikeShop] [    Test worker] o.h.t.d.sql.spi.DdlTypeRegistry          : addDescriptor(4001, org.hibernate.type.descriptor.sql.internal.DdlTypeImpl@390a7532) replaced previous registration(org.hibernate.type.descriptor.sql.internal.DdlTypeImpl@595184d8)
2024-08-05T19:13:31.963+03:00 DEBUG 13416 --- [BikeShop] [    Test worker] o.h.t.d.sql.spi.DdlTypeRegistry          : addDescriptor(4002, org.hibernate.type.descriptor.sql.internal.DdlTypeImpl@7d49a1a0) replaced previous registration(org.hibernate.type.descriptor.sql.internal.DdlTypeImpl@3a0baec0)
2024-08-05T19:13:31.964+03:00 DEBUG 13416 --- [BikeShop] [    Test worker] o.h.t.d.sql.spi.DdlTypeRegistry          : addDescriptor(2004, org.hibernate.type.descriptor.sql.internal.CapacityDependentDdlType@50c2ef56) replaced previous registration(org.hibernate.type.descriptor.sql.internal.DdlTypeImpl@560d6d2)
2024-08-05T19:13:31.965+03:00 DEBUG 13416 --- [BikeShop] [    Test worker] o.h.t.d.sql.spi.DdlTypeRegistry          : addDescriptor(2005, org.hibernate.type.descriptor.sql.internal.CapacityDependentDdlType@3514237f) replaced previous registration(org.hibernate.type.descriptor.sql.internal.DdlTypeImpl@520ee6b3)
2024-08-05T19:13:31.965+03:00 DEBUG 13416 --- [BikeShop] [    Test worker] o.h.t.d.sql.spi.DdlTypeRegistry          : addDescriptor(2011, org.hibernate.type.descriptor.sql.internal.CapacityDependentDdlType@15f11bfb) replaced previous registration(org.hibernate.type.descriptor.sql.internal.DdlTypeImpl@16a499d1)
2024-08-05T19:13:31.970+03:00 DEBUG 13416 --- [BikeShop] [    Test worker] o.h.t.d.jdbc.spi.JdbcTypeRegistry        : addDescriptor(NCharTypeDescriptor) replaced previous registration(CharTypeDescriptor)
2024-08-05T19:13:31.971+03:00 DEBUG 13416 --- [BikeShop] [    Test worker] o.h.t.d.jdbc.spi.JdbcTypeRegistry        : addDescriptor(NVarcharTypeDescriptor) replaced previous registration(VarcharTypeDescriptor)
2024-08-05T19:13:31.972+03:00 DEBUG 13416 --- [BikeShop] [    Test worker] o.h.t.d.jdbc.spi.JdbcTypeRegistry        : addDescriptor(LongNVarcharTypeDescriptor) replaced previous registration(LongVarcharTypeDescriptor)
2024-08-05T19:13:31.984+03:00 DEBUG 13416 --- [BikeShop] [    Test worker] o.h.t.d.jdbc.spi.JdbcTypeRegistry        : addDescriptor(NClobTypeDescriptor(DEFAULT)) replaced previous registration(ClobTypeDescriptor(DEFAULT))
2024-08-05T19:13:31.985+03:00 DEBUG 13416 --- [BikeShop] [    Test worker] o.h.t.d.jdbc.spi.JdbcTypeRegistry        : addDescriptor(2005, ClobTypeDescriptor(STREAM_BINDING)) replaced previous registration(ClobTypeDescriptor(DEFAULT))
2024-08-05T19:13:34.932+03:00  INFO 13416 --- [BikeShop] [    Test worker] o.h.e.t.j.p.i.JtaPlatformInitiator       : HHH000489: No JTA platform available (set 'hibernate.transaction.jta.platform' to enable JTA platform integration)
2024-08-05T19:13:35.032+03:00 DEBUG 13416 --- [BikeShop] [    Test worker] org.hibernate.SQL                        : 
    alter table picture 
       modify column url LONGTEXT not null
2024-08-05T19:13:35.051+03:00 DEBUG 13416 --- [BikeShop] [    Test worker] org.hibernate.SQL                        : 
    alter table products 
       modify column description TEXT
2024-08-05T19:13:35.078+03:00 DEBUG 13416 --- [BikeShop] [    Test worker] org.hibernate.SQL                        : 
    alter table reviews 
       modify column content TEXT not null
2024-08-05T19:13:35.248+03:00  INFO 13416 --- [BikeShop] [    Test worker] j.LocalContainerEntityManagerFactoryBean : Initialized JPA EntityManagerFactory for persistence unit 'default'
2024-08-05T19:13:36.282+03:00  INFO 13416 --- [BikeShop] [    Test worker] o.s.d.j.r.query.QueryEnhancerFactory     : Hibernate is in classpath; If applicable, HQL parser will be used.
2024-08-05T19:13:37.585+03:00  INFO 13416 --- [BikeShop] [    Test worker] r$InitializeUserDetailsManagerConfigurer : Global AuthenticationManager configured with UserDetailsService bean with name userDetailsService
2024-08-05T19:13:37.852+03:00  INFO 13416 --- [BikeShop] [    Test worker] o.s.b.a.w.s.WelcomePageHandlerMapping    : Adding welcome page template: index
2024-08-05T19:13:38.346+03:00  INFO 13416 --- [BikeShop] [    Test worker] o.s.s.web.DefaultSecurityFilterChain     : Will secure any request with [org.springframework.security.web.session.DisableEncodeUrlFilter@456b12c3, org.springframework.security.web.context.request.async.WebAsyncManagerIntegrationFilter@4631a6a9, org.springframework.security.web.context.SecurityContextHolderFilter@7f951dd2, org.springframework.security.web.header.HeaderWriterFilter@6333ac03, org.springframework.web.filter.CorsFilter@2afce1ae, org.springframework.security.web.csrf.CsrfFilter@46a94faf, org.springframework.security.web.authentication.logout.LogoutFilter@66a97b79, org.springframework.security.web.authentication.UsernamePasswordAuthenticationFilter@3bb04b53, org.springframework.security.web.savedrequest.RequestCacheAwareFilter@1f9678b0, org.springframework.security.web.servletapi.SecurityContextHolderAwareRequestFilter@4201bd3, org.springframework.security.web.authentication.AnonymousAuthenticationFilter@66626c96, org.springframework.security.web.access.ExceptionTranslationFilter@6b3b9a19, org.springframework.security.web.access.intercept.AuthorizationFilter@7dd63fcc]
2024-08-05T19:13:39.132+03:00  INFO 13416 --- [BikeShop] [    Test worker] s.bg.bikeshop.BikeShopApplicationTests   : Started BikeShopApplicationTests in 16.905 seconds (process running for 22.537)
2024-08-05T19:13:39.427+03:00 DEBUG 13416 --- [BikeShop] [    Test worker] org.hibernate.SQL                        : 
    select
        count(*) 
    from
        roles r1_0
2024-08-05T19:13:39.440+03:00 DEBUG 13416 --- [BikeShop] [    Test worker] org.hibernate.SQL                        : 
    select
        count(*) 
    from
        users u1_0
]]></system-out>
  <system-err><![CDATA[]]></system-err>
</testsuite>
