<?xml version="1.0" encoding="UTF-8"?>
<testsuite name="softuni.bg.bikeshop.controller.ReviewControllerIT" tests="2" skipped="0" failures="0" errors="0" timestamp="2024-07-27T12:19:41" hostname="DESKTOP-RKC5M4M" time="0.035">
  <properties/>
  <testcase name="addReviewTest()" classname="softuni.bg.bikeshop.controller.ReviewControllerIT" time="0.012"/>
  <testcase name="getAllReviewsOfProductTest()" classname="softuni.bg.bikeshop.controller.ReviewControllerIT" time="0.022"/>
  <system-out><![CDATA[2024-07-27T15:19:39.828+03:00  INFO 10260 --- [BikeShop] [    Test worker] t.c.s.AnnotationConfigContextLoaderUtils : Could not detect default configuration classes for test class [softuni.bg.bikeshop.controller.ReviewControllerIT]: ReviewControllerIT does not declare any static, non-private, non-final, nested classes annotated with @Configuration.
2024-07-27T15:19:39.830+03:00  INFO 10260 --- [BikeShop] [    Test worker] .b.t.c.SpringBootTestContextBootstrapper : Found @SpringBootConfiguration softuni.bg.bikeshop.BikeShopApplication for test class softuni.bg.bikeshop.controller.ReviewControllerIT
2024-07-27T15:19:39.835+03:00  INFO 10260 --- [BikeShop] [    Test worker] o.s.b.d.r.RestartApplicationListener     : Restart disabled due to context in which it is running
  .   ____          _            __ _ _
 /\\ / ___'_ __ _ _(_)_ __  __ _ \ \ \ \
( ( )\___ | '_ | '_| | '_ \/ _` | \ \ \ \
 \\/  ___)| |_)| | | | | || (_| |  ) ) ) )
  '  |____| .__|_| |_|_| |_\__, | / / / /
 =========|_|==============|___/=/_/_/_/

 :: Spring Boot ::                (v3.3.0)

2024-07-27T15:19:39.863+03:00  INFO 10260 --- [BikeShop] [    Test worker] s.b.b.controller.ReviewControllerIT      : Starting ReviewControllerIT using Java 17.0.3.1 with PID 10260 (started by PC in D:\SOFTUNI\Final Project\BikeShop)
2024-07-27T15:19:39.863+03:00  INFO 10260 --- [BikeShop] [    Test worker] s.b.b.controller.ReviewControllerIT      : No active profile set, falling back to 1 default profile: "default"
2024-07-27T15:19:40.122+03:00  INFO 10260 --- [BikeShop] [    Test worker] .s.d.r.c.RepositoryConfigurationDelegate : Bootstrapping Spring Data JPA repositories in DEFAULT mode.
2024-07-27T15:19:40.147+03:00  INFO 10260 --- [BikeShop] [    Test worker] .s.d.r.c.RepositoryConfigurationDelegate : Finished Spring Data repository scanning in 25 ms. Found 6 JPA repository interfaces.
2024-07-27T15:19:40.287+03:00  INFO 10260 --- [BikeShop] [    Test worker] o.hibernate.jpa.internal.util.LogHelper  : HHH000204: Processing PersistenceUnitInfo [name: default]
2024-07-27T15:19:40.293+03:00  INFO 10260 --- [BikeShop] [    Test worker] o.h.c.internal.RegionFactoryInitiator    : HHH000026: Second-level cache disabled
2024-07-27T15:19:40.306+03:00  INFO 10260 --- [BikeShop] [    Test worker] o.s.o.j.p.SpringPersistenceUnitInfo      : No LoadTimeWeaver setup: ignoring JPA class transformer
2024-07-27T15:19:40.308+03:00  INFO 10260 --- [BikeShop] [    Test worker] com.zaxxer.hikari.HikariDataSource       : HikariPool-8 - Starting...
2024-07-27T15:19:40.313+03:00  INFO 10260 --- [BikeShop] [    Test worker] com.zaxxer.hikari.pool.HikariPool        : HikariPool-8 - Added connection com.mysql.cj.jdbc.ConnectionImpl@4d705b45
2024-07-27T15:19:40.314+03:00  INFO 10260 --- [BikeShop] [    Test worker] com.zaxxer.hikari.HikariDataSource       : HikariPool-8 - Start completed.
2024-07-27T15:19:40.314+03:00  WARN 10260 --- [BikeShop] [    Test worker] org.hibernate.orm.deprecation            : HHH90000025: MySQL8Dialect does not need to be specified explicitly using 'hibernate.dialect' (remove the property setting and it will be selected by default)
2024-07-27T15:19:40.314+03:00  WARN 10260 --- [BikeShop] [    Test worker] org.hibernate.orm.deprecation            : HHH90000026: MySQL8Dialect has been deprecated; use org.hibernate.dialect.MySQLDialect instead
2024-07-27T15:19:40.315+03:00 DEBUG 10260 --- [BikeShop] [    Test worker] o.h.t.d.sql.spi.DdlTypeRegistry          : addDescriptor(12, org.hibernate.type.descriptor.sql.internal.CapacityDependentDdlType@b6fb919) replaced previous registration(org.hibernate.type.descriptor.sql.internal.CapacityDependentDdlType@64f227de)
2024-07-27T15:19:40.320+03:00 DEBUG 10260 --- [BikeShop] [    Test worker] o.h.t.d.sql.spi.DdlTypeRegistry          : addDescriptor(-9, org.hibernate.type.descriptor.sql.internal.CapacityDependentDdlType@18dee2e3) replaced previous registration(org.hibernate.type.descriptor.sql.internal.CapacityDependentDdlType@57bb38ce)
2024-07-27T15:19:40.320+03:00 DEBUG 10260 --- [BikeShop] [    Test worker] o.h.t.d.sql.spi.DdlTypeRegistry          : addDescriptor(-3, org.hibernate.type.descriptor.sql.internal.CapacityDependentDdlType@216af451) replaced previous registration(org.hibernate.type.descriptor.sql.internal.CapacityDependentDdlType@54d3fb75)
2024-07-27T15:19:40.320+03:00 DEBUG 10260 --- [BikeShop] [    Test worker] o.h.t.d.sql.spi.DdlTypeRegistry          : addDescriptor(4003, org.hibernate.type.descriptor.sql.internal.DdlTypeImpl@3bf5d2f6) replaced previous registration(org.hibernate.type.descriptor.sql.internal.DdlTypeImpl@3586e00e)
2024-07-27T15:19:40.321+03:00 DEBUG 10260 --- [BikeShop] [    Test worker] o.h.t.d.sql.spi.DdlTypeRegistry          : addDescriptor(4001, org.hibernate.type.descriptor.sql.internal.DdlTypeImpl@43b85293) replaced previous registration(org.hibernate.type.descriptor.sql.internal.DdlTypeImpl@8fb11c2)
2024-07-27T15:19:40.321+03:00 DEBUG 10260 --- [BikeShop] [    Test worker] o.h.t.d.sql.spi.DdlTypeRegistry          : addDescriptor(4002, org.hibernate.type.descriptor.sql.internal.DdlTypeImpl@1d0c0049) replaced previous registration(org.hibernate.type.descriptor.sql.internal.DdlTypeImpl@1f881576)
2024-07-27T15:19:40.321+03:00 DEBUG 10260 --- [BikeShop] [    Test worker] o.h.t.d.sql.spi.DdlTypeRegistry          : addDescriptor(2004, org.hibernate.type.descriptor.sql.internal.CapacityDependentDdlType@1ea5f0de) replaced previous registration(org.hibernate.type.descriptor.sql.internal.DdlTypeImpl@4e8087c9)
2024-07-27T15:19:40.321+03:00 DEBUG 10260 --- [BikeShop] [    Test worker] o.h.t.d.sql.spi.DdlTypeRegistry          : addDescriptor(2005, org.hibernate.type.descriptor.sql.internal.CapacityDependentDdlType@33f3c818) replaced previous registration(org.hibernate.type.descriptor.sql.internal.DdlTypeImpl@6c8f48b5)
2024-07-27T15:19:40.321+03:00 DEBUG 10260 --- [BikeShop] [    Test worker] o.h.t.d.sql.spi.DdlTypeRegistry          : addDescriptor(2011, org.hibernate.type.descriptor.sql.internal.CapacityDependentDdlType@5d9d66fa) replaced previous registration(org.hibernate.type.descriptor.sql.internal.DdlTypeImpl@17691c4f)
2024-07-27T15:19:40.321+03:00 DEBUG 10260 --- [BikeShop] [    Test worker] o.h.t.d.jdbc.spi.JdbcTypeRegistry        : addDescriptor(NCharTypeDescriptor) replaced previous registration(CharTypeDescriptor)
2024-07-27T15:19:40.321+03:00 DEBUG 10260 --- [BikeShop] [    Test worker] o.h.t.d.jdbc.spi.JdbcTypeRegistry        : addDescriptor(NVarcharTypeDescriptor) replaced previous registration(VarcharTypeDescriptor)
2024-07-27T15:19:40.321+03:00 DEBUG 10260 --- [BikeShop] [    Test worker] o.h.t.d.jdbc.spi.JdbcTypeRegistry        : addDescriptor(LongNVarcharTypeDescriptor) replaced previous registration(LongVarcharTypeDescriptor)
2024-07-27T15:19:40.321+03:00 DEBUG 10260 --- [BikeShop] [    Test worker] o.h.t.d.jdbc.spi.JdbcTypeRegistry        : addDescriptor(NClobTypeDescriptor(DEFAULT)) replaced previous registration(ClobTypeDescriptor(DEFAULT))
2024-07-27T15:19:40.321+03:00 DEBUG 10260 --- [BikeShop] [    Test worker] o.h.t.d.jdbc.spi.JdbcTypeRegistry        : addDescriptor(2005, ClobTypeDescriptor(STREAM_BINDING)) replaced previous registration(ClobTypeDescriptor(DEFAULT))
2024-07-27T15:19:40.521+03:00  INFO 10260 --- [BikeShop] [    Test worker] o.h.e.t.j.p.i.JtaPlatformInitiator       : HHH000489: No JTA platform available (set 'hibernate.transaction.jta.platform' to enable JTA platform integration)
2024-07-27T15:19:40.531+03:00 DEBUG 10260 --- [BikeShop] [    Test worker] org.hibernate.SQL                        : 
    alter table picture 
       modify column url LONGTEXT not null
2024-07-27T15:19:40.547+03:00 DEBUG 10260 --- [BikeShop] [    Test worker] org.hibernate.SQL                        : 
    alter table products 
       modify column description TEXT
2024-07-27T15:19:40.585+03:00 DEBUG 10260 --- [BikeShop] [    Test worker] org.hibernate.SQL                        : 
    alter table reviews 
       modify column content TEXT not null
2024-07-27T15:19:40.699+03:00  INFO 10260 --- [BikeShop] [    Test worker] j.LocalContainerEntityManagerFactoryBean : Initialized JPA EntityManagerFactory for persistence unit 'default'
2024-07-27T15:19:40.805+03:00  INFO 10260 --- [BikeShop] [    Test worker] r$InitializeUserDetailsManagerConfigurer : Global AuthenticationManager configured with UserDetailsService bean with name userDetailsService
2024-07-27T15:19:40.814+03:00  INFO 10260 --- [BikeShop] [    Test worker] o.s.b.a.w.s.WelcomePageHandlerMapping    : Adding welcome page template: index
2024-07-27T15:19:40.874+03:00  INFO 10260 --- [BikeShop] [    Test worker] o.s.s.web.DefaultSecurityFilterChain     : Will secure any request with [org.springframework.security.web.session.DisableEncodeUrlFilter@3d32399a, org.springframework.security.web.context.request.async.WebAsyncManagerIntegrationFilter@6d279b2c, org.springframework.security.web.context.SecurityContextHolderFilter@7bf89ed, org.springframework.security.web.header.HeaderWriterFilter@1f38b41a, org.springframework.web.filter.CorsFilter@4b527f7, org.springframework.security.web.csrf.CsrfFilter@2e43e47b, org.springframework.security.web.authentication.logout.LogoutFilter@7c60968, org.springframework.security.web.authentication.UsernamePasswordAuthenticationFilter@a08fcfa, org.springframework.security.web.savedrequest.RequestCacheAwareFilter@36eec55d, org.springframework.security.web.servletapi.SecurityContextHolderAwareRequestFilter@268fef42, org.springframework.security.web.authentication.AnonymousAuthenticationFilter@4917e4b7, org.springframework.security.web.access.ExceptionTranslationFilter@79dd358f, org.springframework.security.web.access.intercept.AuthorizationFilter@1eeef2a5]
2024-07-27T15:19:40.967+03:00  INFO 10260 --- [BikeShop] [    Test worker] o.s.b.t.m.w.SpringBootMockServletContext : Initializing Spring TestDispatcherServlet ''
2024-07-27T15:19:40.967+03:00  INFO 10260 --- [BikeShop] [    Test worker] o.s.t.web.servlet.TestDispatcherServlet  : Initializing Servlet ''
2024-07-27T15:19:40.968+03:00  INFO 10260 --- [BikeShop] [    Test worker] o.s.t.web.servlet.TestDispatcherServlet  : Completed initialization in 1 ms
2024-07-27T15:19:40.976+03:00  INFO 10260 --- [BikeShop] [    Test worker] s.b.b.controller.ReviewControllerIT      : Started ReviewControllerIT in 1.142 seconds (process running for 33.242)
2024-07-27T15:19:40.981+03:00 DEBUG 10260 --- [BikeShop] [    Test worker] org.hibernate.SQL                        : 
    select
        count(*) 
    from
        roles r1_0
2024-07-27T15:19:40.987+03:00 DEBUG 10260 --- [BikeShop] [    Test worker] org.hibernate.SQL                        : 
    select
        count(*) 
    from
        users u1_0
]]></system-out>
  <system-err><![CDATA[]]></system-err>
</testsuite>
