<?xml version="1.0" encoding="UTF-8"?>
<testsuite name="softuni.bg.bikeshop.BikeShopApplicationTests" tests="1" skipped="0" failures="0" errors="0" timestamp="2024-08-04T08:20:39" hostname="DESKTOP-RKC5M4M" time="0.021">
  <properties/>
  <testcase name="contextLoads()" classname="softuni.bg.bikeshop.BikeShopApplicationTests" time="0.021"/>
  <system-out><![CDATA[11:20:20.714 [Test worker] INFO org.springframework.test.context.support.AnnotationConfigContextLoaderUtils -- Could not detect default configuration classes for test class [softuni.bg.bikeshop.BikeShopApplicationTests]: BikeShopApplicationTests does not declare any static, non-private, non-final, nested classes annotated with @Configuration.
11:20:21.211 [Test worker] INFO org.springframework.boot.test.context.SpringBootTestContextBootstrapper -- Found @SpringBootConfiguration softuni.bg.bikeshop.BikeShopApplication for test class softuni.bg.bikeshop.BikeShopApplicationTests
11:20:21.862 [Test worker] INFO org.springframework.boot.devtools.restart.RestartApplicationListener -- Restart disabled due to context in which it is running
  .   ____          _            __ _ _
 /\\ / ___'_ __ _ _(_)_ __  __ _ \ \ \ \
( ( )\___ | '_ | '_| | '_ \/ _` | \ \ \ \
 \\/  ___)| |_)| | | | | || (_| |  ) ) ) )
  '  |____| .__|_| |_|_| |_\__, | / / / /
 =========|_|==============|___/=/_/_/_/

 :: Spring Boot ::                (v3.3.0)

2024-08-04T11:20:23.198+03:00  INFO 21212 --- [BikeShop] [    Test worker] s.bg.bikeshop.BikeShopApplicationTests   : Starting BikeShopApplicationTests using Java 17.0.3.1 with PID 21212 (started by PC in D:\SOFTUNI\Final Project\BikeShop)
2024-08-04T11:20:23.206+03:00  INFO 21212 --- [BikeShop] [    Test worker] s.bg.bikeshop.BikeShopApplicationTests   : No active profile set, falling back to 1 default profile: "default"
2024-08-04T11:20:26.309+03:00  INFO 21212 --- [BikeShop] [    Test worker] .s.d.r.c.RepositoryConfigurationDelegate : Bootstrapping Spring Data JPA repositories in DEFAULT mode.
2024-08-04T11:20:26.562+03:00  INFO 21212 --- [BikeShop] [    Test worker] .s.d.r.c.RepositoryConfigurationDelegate : Finished Spring Data repository scanning in 222 ms. Found 6 JPA repository interfaces.
2024-08-04T11:20:28.238+03:00  INFO 21212 --- [BikeShop] [    Test worker] o.hibernate.jpa.internal.util.LogHelper  : HHH000204: Processing PersistenceUnitInfo [name: default]
2024-08-04T11:20:28.485+03:00  INFO 21212 --- [BikeShop] [    Test worker] org.hibernate.Version                    : HHH000412: Hibernate ORM core version 6.5.2.Final
2024-08-04T11:20:28.590+03:00  INFO 21212 --- [BikeShop] [    Test worker] o.h.c.internal.RegionFactoryInitiator    : HHH000026: Second-level cache disabled
2024-08-04T11:20:29.005+03:00  INFO 21212 --- [BikeShop] [    Test worker] o.s.o.j.p.SpringPersistenceUnitInfo      : No LoadTimeWeaver setup: ignoring JPA class transformer
2024-08-04T11:20:29.121+03:00  INFO 21212 --- [BikeShop] [    Test worker] com.zaxxer.hikari.HikariDataSource       : HikariPool-1 - Starting...
2024-08-04T11:20:29.642+03:00  INFO 21212 --- [BikeShop] [    Test worker] com.zaxxer.hikari.pool.HikariPool        : HikariPool-1 - Added connection com.mysql.cj.jdbc.ConnectionImpl@608c2042
2024-08-04T11:20:29.646+03:00  INFO 21212 --- [BikeShop] [    Test worker] com.zaxxer.hikari.HikariDataSource       : HikariPool-1 - Start completed.
2024-08-04T11:20:29.750+03:00  WARN 21212 --- [BikeShop] [    Test worker] org.hibernate.orm.deprecation            : HHH90000025: MySQL8Dialect does not need to be specified explicitly using 'hibernate.dialect' (remove the property setting and it will be selected by default)
2024-08-04T11:20:29.753+03:00  WARN 21212 --- [BikeShop] [    Test worker] org.hibernate.orm.deprecation            : HHH90000026: MySQL8Dialect has been deprecated; use org.hibernate.dialect.MySQLDialect instead
2024-08-04T11:20:29.805+03:00 DEBUG 21212 --- [BikeShop] [    Test worker] o.h.t.d.sql.spi.DdlTypeRegistry          : addDescriptor(12, org.hibernate.type.descriptor.sql.internal.CapacityDependentDdlType@6d7772d3) replaced previous registration(org.hibernate.type.descriptor.sql.internal.CapacityDependentDdlType@38394e76)
2024-08-04T11:20:29.806+03:00 DEBUG 21212 --- [BikeShop] [    Test worker] o.h.t.d.sql.spi.DdlTypeRegistry          : addDescriptor(-9, org.hibernate.type.descriptor.sql.internal.CapacityDependentDdlType@37d3e740) replaced previous registration(org.hibernate.type.descriptor.sql.internal.CapacityDependentDdlType@5afba80c)
2024-08-04T11:20:29.806+03:00 DEBUG 21212 --- [BikeShop] [    Test worker] o.h.t.d.sql.spi.DdlTypeRegistry          : addDescriptor(-3, org.hibernate.type.descriptor.sql.internal.CapacityDependentDdlType@c4ca86a) replaced previous registration(org.hibernate.type.descriptor.sql.internal.CapacityDependentDdlType@7e741d6b)
2024-08-04T11:20:29.807+03:00 DEBUG 21212 --- [BikeShop] [    Test worker] o.h.t.d.sql.spi.DdlTypeRegistry          : addDescriptor(4003, org.hibernate.type.descriptor.sql.internal.DdlTypeImpl@56351c02) replaced previous registration(org.hibernate.type.descriptor.sql.internal.DdlTypeImpl@51097500)
2024-08-04T11:20:29.808+03:00 DEBUG 21212 --- [BikeShop] [    Test worker] o.h.t.d.sql.spi.DdlTypeRegistry          : addDescriptor(4001, org.hibernate.type.descriptor.sql.internal.DdlTypeImpl@386f88b3) replaced previous registration(org.hibernate.type.descriptor.sql.internal.DdlTypeImpl@662e5590)
2024-08-04T11:20:29.808+03:00 DEBUG 21212 --- [BikeShop] [    Test worker] o.h.t.d.sql.spi.DdlTypeRegistry          : addDescriptor(4002, org.hibernate.type.descriptor.sql.internal.DdlTypeImpl@1885905b) replaced previous registration(org.hibernate.type.descriptor.sql.internal.DdlTypeImpl@23e573e)
2024-08-04T11:20:29.809+03:00 DEBUG 21212 --- [BikeShop] [    Test worker] o.h.t.d.sql.spi.DdlTypeRegistry          : addDescriptor(2004, org.hibernate.type.descriptor.sql.internal.CapacityDependentDdlType@46507dda) replaced previous registration(org.hibernate.type.descriptor.sql.internal.DdlTypeImpl@52463255)
2024-08-04T11:20:29.810+03:00 DEBUG 21212 --- [BikeShop] [    Test worker] o.h.t.d.sql.spi.DdlTypeRegistry          : addDescriptor(2005, org.hibernate.type.descriptor.sql.internal.CapacityDependentDdlType@66f5770e) replaced previous registration(org.hibernate.type.descriptor.sql.internal.DdlTypeImpl@16024b49)
2024-08-04T11:20:29.810+03:00 DEBUG 21212 --- [BikeShop] [    Test worker] o.h.t.d.sql.spi.DdlTypeRegistry          : addDescriptor(2011, org.hibernate.type.descriptor.sql.internal.CapacityDependentDdlType@53f94afe) replaced previous registration(org.hibernate.type.descriptor.sql.internal.DdlTypeImpl@304e1e4e)
2024-08-04T11:20:29.815+03:00 DEBUG 21212 --- [BikeShop] [    Test worker] o.h.t.d.jdbc.spi.JdbcTypeRegistry        : addDescriptor(NCharTypeDescriptor) replaced previous registration(CharTypeDescriptor)
2024-08-04T11:20:29.816+03:00 DEBUG 21212 --- [BikeShop] [    Test worker] o.h.t.d.jdbc.spi.JdbcTypeRegistry        : addDescriptor(NVarcharTypeDescriptor) replaced previous registration(VarcharTypeDescriptor)
2024-08-04T11:20:29.817+03:00 DEBUG 21212 --- [BikeShop] [    Test worker] o.h.t.d.jdbc.spi.JdbcTypeRegistry        : addDescriptor(LongNVarcharTypeDescriptor) replaced previous registration(LongVarcharTypeDescriptor)
2024-08-04T11:20:29.821+03:00 DEBUG 21212 --- [BikeShop] [    Test worker] o.h.t.d.jdbc.spi.JdbcTypeRegistry        : addDescriptor(NClobTypeDescriptor(DEFAULT)) replaced previous registration(ClobTypeDescriptor(DEFAULT))
2024-08-04T11:20:29.822+03:00 DEBUG 21212 --- [BikeShop] [    Test worker] o.h.t.d.jdbc.spi.JdbcTypeRegistry        : addDescriptor(2005, ClobTypeDescriptor(STREAM_BINDING)) replaced previous registration(ClobTypeDescriptor(DEFAULT))
2024-08-04T11:20:33.111+03:00  INFO 21212 --- [BikeShop] [    Test worker] o.h.e.t.j.p.i.JtaPlatformInitiator       : HHH000489: No JTA platform available (set 'hibernate.transaction.jta.platform' to enable JTA platform integration)
2024-08-04T11:20:33.219+03:00 DEBUG 21212 --- [BikeShop] [    Test worker] org.hibernate.SQL                        : 
    alter table picture 
       modify column url LONGTEXT not null
2024-08-04T11:20:33.239+03:00 DEBUG 21212 --- [BikeShop] [    Test worker] org.hibernate.SQL                        : 
    alter table products 
       modify column description TEXT
2024-08-04T11:20:33.268+03:00 DEBUG 21212 --- [BikeShop] [    Test worker] org.hibernate.SQL                        : 
    alter table reviews 
       modify column content TEXT not null
2024-08-04T11:20:33.445+03:00  INFO 21212 --- [BikeShop] [    Test worker] j.LocalContainerEntityManagerFactoryBean : Initialized JPA EntityManagerFactory for persistence unit 'default'
2024-08-04T11:20:34.817+03:00  INFO 21212 --- [BikeShop] [    Test worker] o.s.d.j.r.query.QueryEnhancerFactory     : Hibernate is in classpath; If applicable, HQL parser will be used.
2024-08-04T11:20:37.062+03:00  INFO 21212 --- [BikeShop] [    Test worker] r$InitializeUserDetailsManagerConfigurer : Global AuthenticationManager configured with UserDetailsService bean with name userDetailsService
2024-08-04T11:20:37.301+03:00  INFO 21212 --- [BikeShop] [    Test worker] o.s.b.a.w.s.WelcomePageHandlerMapping    : Adding welcome page template: index
2024-08-04T11:20:38.138+03:00  INFO 21212 --- [BikeShop] [    Test worker] o.s.s.web.DefaultSecurityFilterChain     : Will secure any request with [org.springframework.security.web.session.DisableEncodeUrlFilter@fbb41e5, org.springframework.security.web.context.request.async.WebAsyncManagerIntegrationFilter@eefc1bf, org.springframework.security.web.context.SecurityContextHolderFilter@2bcfdefe, org.springframework.security.web.header.HeaderWriterFilter@2004e611, org.springframework.web.filter.CorsFilter@7546be68, org.springframework.security.web.csrf.CsrfFilter@4cf2b47a, org.springframework.security.web.authentication.logout.LogoutFilter@2078869b, org.springframework.security.web.authentication.UsernamePasswordAuthenticationFilter@3bb75054, org.springframework.security.web.savedrequest.RequestCacheAwareFilter@3a1c65ac, org.springframework.security.web.servletapi.SecurityContextHolderAwareRequestFilter@a9f4621, org.springframework.security.web.authentication.AnonymousAuthenticationFilter@2992d955, org.springframework.security.web.access.ExceptionTranslationFilter@4733c7f0, org.springframework.security.web.access.intercept.AuthorizationFilter@25a8128]
2024-08-04T11:20:39.152+03:00  INFO 21212 --- [BikeShop] [    Test worker] s.bg.bikeshop.BikeShopApplicationTests   : Started BikeShopApplicationTests in 17.335 seconds (process running for 26.265)
2024-08-04T11:20:39.396+03:00 DEBUG 21212 --- [BikeShop] [    Test worker] org.hibernate.SQL                        : 
    select
        count(*) 
    from
        roles r1_0
2024-08-04T11:20:39.416+03:00 DEBUG 21212 --- [BikeShop] [    Test worker] org.hibernate.SQL                        : 
    select
        count(*) 
    from
        users u1_0
]]></system-out>
  <system-err><![CDATA[]]></system-err>
</testsuite>
