<?xml version="1.0" encoding="UTF-8"?>
<testsuite name="softuni.bg.bikeshop.controller.AdminControllerIT" tests="6" skipped="0" failures="0" errors="0" timestamp="2024-08-04T13:51:07" hostname="DESKTOP-RKC5M4M" time="1.068">
  <properties/>
  <testcase name="addRoleSuccessTest()" classname="softuni.bg.bikeshop.controller.AdminControllerIT" time="0.406"/>
  <testcase name="deleteSuccessTest()" classname="softuni.bg.bikeshop.controller.AdminControllerIT" time="0.018"/>
  <testcase name="deleteLoggedUserTest()" classname="softuni.bg.bikeshop.controller.AdminControllerIT" time="0.043"/>
  <testcase name="deleteUserHasActiveOffersTest()" classname="softuni.bg.bikeshop.controller.AdminControllerIT" time="0.024"/>
  <testcase name="viewAdminPageTest()" classname="softuni.bg.bikeshop.controller.AdminControllerIT" time="0.519"/>
  <testcase name="addRoleFailureTest()" classname="softuni.bg.bikeshop.controller.AdminControllerIT" time="0.039"/>
  <system-out><![CDATA[2024-08-04T16:51:05.302+03:00  INFO 10228 --- [BikeShop] [    Test worker] t.c.s.AnnotationConfigContextLoaderUtils : Could not detect default configuration classes for test class [softuni.bg.bikeshop.controller.AdminControllerIT]: AdminControllerIT does not declare any static, non-private, non-final, nested classes annotated with @Configuration.
2024-08-04T16:51:05.499+03:00  INFO 10228 --- [BikeShop] [    Test worker] .b.t.c.SpringBootTestContextBootstrapper : Found @SpringBootConfiguration softuni.bg.bikeshop.BikeShopApplication for test class softuni.bg.bikeshop.controller.AdminControllerIT
2024-08-04T16:51:05.505+03:00  INFO 10228 --- [BikeShop] [    Test worker] o.s.b.d.r.RestartApplicationListener     : Restart disabled due to context in which it is running
  .   ____          _            __ _ _
 /\\ / ___'_ __ _ _(_)_ __  __ _ \ \ \ \
( ( )\___ | '_ | '_| | '_ \/ _` | \ \ \ \
 \\/  ___)| |_)| | | | | || (_| |  ) ) ) )
  '  |____| .__|_| |_|_| |_\__, | / / / /
 =========|_|==============|___/=/_/_/_/

 :: Spring Boot ::                (v3.3.0)

2024-08-04T16:51:05.570+03:00  INFO 10228 --- [BikeShop] [    Test worker] s.b.b.controller.AdminControllerIT       : Starting AdminControllerIT using Java 17.0.3.1 with PID 10228 (started by PC in D:\SOFTUNI\Final Project\BikeShop)
2024-08-04T16:51:05.572+03:00  INFO 10228 --- [BikeShop] [    Test worker] s.b.b.controller.AdminControllerIT       : No active profile set, falling back to 1 default profile: "default"
2024-08-04T16:51:06.035+03:00  INFO 10228 --- [BikeShop] [    Test worker] .s.d.r.c.RepositoryConfigurationDelegate : Bootstrapping Spring Data JPA repositories in DEFAULT mode.
2024-08-04T16:51:06.076+03:00  INFO 10228 --- [BikeShop] [    Test worker] .s.d.r.c.RepositoryConfigurationDelegate : Finished Spring Data repository scanning in 40 ms. Found 6 JPA repository interfaces.
2024-08-04T16:51:06.336+03:00  INFO 10228 --- [BikeShop] [    Test worker] o.hibernate.jpa.internal.util.LogHelper  : HHH000204: Processing PersistenceUnitInfo [name: default]
2024-08-04T16:51:06.342+03:00  INFO 10228 --- [BikeShop] [    Test worker] o.h.c.internal.RegionFactoryInitiator    : HHH000026: Second-level cache disabled
2024-08-04T16:51:06.361+03:00  INFO 10228 --- [BikeShop] [    Test worker] o.s.o.j.p.SpringPersistenceUnitInfo      : No LoadTimeWeaver setup: ignoring JPA class transformer
2024-08-04T16:51:06.362+03:00  INFO 10228 --- [BikeShop] [    Test worker] com.zaxxer.hikari.HikariDataSource       : HikariPool-2 - Starting...
2024-08-04T16:51:06.372+03:00  INFO 10228 --- [BikeShop] [    Test worker] com.zaxxer.hikari.pool.HikariPool        : HikariPool-2 - Added connection com.mysql.cj.jdbc.ConnectionImpl@2706cee5
2024-08-04T16:51:06.373+03:00  INFO 10228 --- [BikeShop] [    Test worker] com.zaxxer.hikari.HikariDataSource       : HikariPool-2 - Start completed.
2024-08-04T16:51:06.373+03:00  WARN 10228 --- [BikeShop] [    Test worker] org.hibernate.orm.deprecation            : HHH90000025: MySQL8Dialect does not need to be specified explicitly using 'hibernate.dialect' (remove the property setting and it will be selected by default)
2024-08-04T16:51:06.373+03:00  WARN 10228 --- [BikeShop] [    Test worker] org.hibernate.orm.deprecation            : HHH90000026: MySQL8Dialect has been deprecated; use org.hibernate.dialect.MySQLDialect instead
2024-08-04T16:51:06.374+03:00 DEBUG 10228 --- [BikeShop] [    Test worker] o.h.t.d.sql.spi.DdlTypeRegistry          : addDescriptor(12, org.hibernate.type.descriptor.sql.internal.CapacityDependentDdlType@463e66c2) replaced previous registration(org.hibernate.type.descriptor.sql.internal.CapacityDependentDdlType@6e48c5b2)
2024-08-04T16:51:06.374+03:00 DEBUG 10228 --- [BikeShop] [    Test worker] o.h.t.d.sql.spi.DdlTypeRegistry          : addDescriptor(-9, org.hibernate.type.descriptor.sql.internal.CapacityDependentDdlType@1c96322c) replaced previous registration(org.hibernate.type.descriptor.sql.internal.CapacityDependentDdlType@d76a6bd)
2024-08-04T16:51:06.374+03:00 DEBUG 10228 --- [BikeShop] [    Test worker] o.h.t.d.sql.spi.DdlTypeRegistry          : addDescriptor(-3, org.hibernate.type.descriptor.sql.internal.CapacityDependentDdlType@38cbc9a7) replaced previous registration(org.hibernate.type.descriptor.sql.internal.CapacityDependentDdlType@1006fe59)
2024-08-04T16:51:06.374+03:00 DEBUG 10228 --- [BikeShop] [    Test worker] o.h.t.d.sql.spi.DdlTypeRegistry          : addDescriptor(4003, org.hibernate.type.descriptor.sql.internal.DdlTypeImpl@3dacb927) replaced previous registration(org.hibernate.type.descriptor.sql.internal.DdlTypeImpl@5d7b361)
2024-08-04T16:51:06.374+03:00 DEBUG 10228 --- [BikeShop] [    Test worker] o.h.t.d.sql.spi.DdlTypeRegistry          : addDescriptor(4001, org.hibernate.type.descriptor.sql.internal.DdlTypeImpl@6337c48d) replaced previous registration(org.hibernate.type.descriptor.sql.internal.DdlTypeImpl@44640a84)
2024-08-04T16:51:06.374+03:00 DEBUG 10228 --- [BikeShop] [    Test worker] o.h.t.d.sql.spi.DdlTypeRegistry          : addDescriptor(4002, org.hibernate.type.descriptor.sql.internal.DdlTypeImpl@1c59f6ae) replaced previous registration(org.hibernate.type.descriptor.sql.internal.DdlTypeImpl@24ad12ff)
2024-08-04T16:51:06.375+03:00 DEBUG 10228 --- [BikeShop] [    Test worker] o.h.t.d.sql.spi.DdlTypeRegistry          : addDescriptor(2004, org.hibernate.type.descriptor.sql.internal.CapacityDependentDdlType@7963a94b) replaced previous registration(org.hibernate.type.descriptor.sql.internal.DdlTypeImpl@1db7acc9)
2024-08-04T16:51:06.375+03:00 DEBUG 10228 --- [BikeShop] [    Test worker] o.h.t.d.sql.spi.DdlTypeRegistry          : addDescriptor(2005, org.hibernate.type.descriptor.sql.internal.CapacityDependentDdlType@4e08c557) replaced previous registration(org.hibernate.type.descriptor.sql.internal.DdlTypeImpl@27e1c83)
2024-08-04T16:51:06.375+03:00 DEBUG 10228 --- [BikeShop] [    Test worker] o.h.t.d.sql.spi.DdlTypeRegistry          : addDescriptor(2011, org.hibernate.type.descriptor.sql.internal.CapacityDependentDdlType@66b3c476) replaced previous registration(org.hibernate.type.descriptor.sql.internal.DdlTypeImpl@46c2ed8d)
2024-08-04T16:51:06.375+03:00 DEBUG 10228 --- [BikeShop] [    Test worker] o.h.t.d.jdbc.spi.JdbcTypeRegistry        : addDescriptor(NCharTypeDescriptor) replaced previous registration(CharTypeDescriptor)
2024-08-04T16:51:06.375+03:00 DEBUG 10228 --- [BikeShop] [    Test worker] o.h.t.d.jdbc.spi.JdbcTypeRegistry        : addDescriptor(NVarcharTypeDescriptor) replaced previous registration(VarcharTypeDescriptor)
2024-08-04T16:51:06.375+03:00 DEBUG 10228 --- [BikeShop] [    Test worker] o.h.t.d.jdbc.spi.JdbcTypeRegistry        : addDescriptor(LongNVarcharTypeDescriptor) replaced previous registration(LongVarcharTypeDescriptor)
2024-08-04T16:51:06.375+03:00 DEBUG 10228 --- [BikeShop] [    Test worker] o.h.t.d.jdbc.spi.JdbcTypeRegistry        : addDescriptor(NClobTypeDescriptor(DEFAULT)) replaced previous registration(ClobTypeDescriptor(DEFAULT))
2024-08-04T16:51:06.375+03:00 DEBUG 10228 --- [BikeShop] [    Test worker] o.h.t.d.jdbc.spi.JdbcTypeRegistry        : addDescriptor(2005, ClobTypeDescriptor(STREAM_BINDING)) replaced previous registration(ClobTypeDescriptor(DEFAULT))
2024-08-04T16:51:06.834+03:00  INFO 10228 --- [BikeShop] [    Test worker] o.h.e.t.j.p.i.JtaPlatformInitiator       : HHH000489: No JTA platform available (set 'hibernate.transaction.jta.platform' to enable JTA platform integration)
2024-08-04T16:51:06.846+03:00 DEBUG 10228 --- [BikeShop] [    Test worker] org.hibernate.SQL                        : 
    alter table picture 
       modify column url LONGTEXT not null
2024-08-04T16:51:06.865+03:00 DEBUG 10228 --- [BikeShop] [    Test worker] org.hibernate.SQL                        : 
    alter table products 
       modify column description TEXT
2024-08-04T16:51:06.892+03:00 DEBUG 10228 --- [BikeShop] [    Test worker] org.hibernate.SQL                        : 
    alter table reviews 
       modify column content TEXT not null
2024-08-04T16:51:07.035+03:00  INFO 10228 --- [BikeShop] [    Test worker] j.LocalContainerEntityManagerFactoryBean : Initialized JPA EntityManagerFactory for persistence unit 'default'
2024-08-04T16:51:07.341+03:00  INFO 10228 --- [BikeShop] [    Test worker] r$InitializeUserDetailsManagerConfigurer : Global AuthenticationManager configured with UserDetailsService bean with name userDetailsService
2024-08-04T16:51:07.351+03:00  INFO 10228 --- [BikeShop] [    Test worker] o.s.b.a.w.s.WelcomePageHandlerMapping    : Adding welcome page template: index
2024-08-04T16:51:07.443+03:00  INFO 10228 --- [BikeShop] [    Test worker] o.s.s.web.DefaultSecurityFilterChain     : Will secure any request with [org.springframework.security.web.session.DisableEncodeUrlFilter@7b3eea4e, org.springframework.security.web.context.request.async.WebAsyncManagerIntegrationFilter@1772cc68, org.springframework.security.web.context.SecurityContextHolderFilter@3767973, org.springframework.security.web.header.HeaderWriterFilter@7dea9ff9, org.springframework.web.filter.CorsFilter@747c1f84, org.springframework.security.web.csrf.CsrfFilter@353a829f, org.springframework.security.web.authentication.logout.LogoutFilter@3593747f, org.springframework.security.web.authentication.UsernamePasswordAuthenticationFilter@55204c19, org.springframework.security.web.savedrequest.RequestCacheAwareFilter@62b92df8, org.springframework.security.web.servletapi.SecurityContextHolderAwareRequestFilter@2c227f74, org.springframework.security.web.authentication.AnonymousAuthenticationFilter@23ebd596, org.springframework.security.web.access.ExceptionTranslationFilter@320f9b40, org.springframework.security.web.access.intercept.AuthorizationFilter@21084cbe]
2024-08-04T16:51:07.693+03:00  INFO 10228 --- [BikeShop] [    Test worker] o.s.b.t.m.w.SpringBootMockServletContext : Initializing Spring TestDispatcherServlet ''
2024-08-04T16:51:07.693+03:00  INFO 10228 --- [BikeShop] [    Test worker] o.s.t.web.servlet.TestDispatcherServlet  : Initializing Servlet ''
2024-08-04T16:51:07.704+03:00  INFO 10228 --- [BikeShop] [    Test worker] o.s.t.web.servlet.TestDispatcherServlet  : Completed initialization in 10 ms
2024-08-04T16:51:07.727+03:00  INFO 10228 --- [BikeShop] [    Test worker] s.b.b.controller.AdminControllerIT       : Started AdminControllerIT in 2.221 seconds (process running for 18.997)
2024-08-04T16:51:07.733+03:00 DEBUG 10228 --- [BikeShop] [    Test worker] org.hibernate.SQL                        : 
    select
        count(*) 
    from
        roles r1_0
2024-08-04T16:51:08.578+03:00  WARN 10228 --- [BikeShop] [    Test worker] actStandardFragmentInsertionTagProcessor : [THYMELEAF][Test worker][admin] Deprecated unwrapped fragment expression "fragments/navbar :: navbar" found in template admin, line 14, col 6. Please use the complete syntax of fragment expressions instead ("~{fragments/navbar :: navbar}"). The old, unwrapped syntax for fragment expressions will be removed in future versions of Thymeleaf.
]]></system-out>
  <system-err><![CDATA[]]></system-err>
</testsuite>
