<?xml version="1.0" encoding="UTF-8"?>
<testsuite name="softuni.bg.bikeshop.controller.ProductControllerIT" tests="22" skipped="0" failures="0" errors="0" timestamp="2024-08-05T16:13:54" hostname="DESKTOP-RKC5M4M" time="2.294">
  <properties/>
  <testcase name="editProductPageForBikeTest()" classname="softuni.bg.bikeshop.controller.ProductControllerIT" time="0.26"/>
  <testcase name="deleteProductFailureTest()" classname="softuni.bg.bikeshop.controller.ProductControllerIT" time="0.09"/>
  <testcase name="viewMyOffersPageTest()" classname="softuni.bg.bikeshop.controller.ProductControllerIT" time="0.139"/>
  <testcase name="frameProductDetails()" classname="softuni.bg.bikeshop.controller.ProductControllerIT" time="0.13"/>
  <testcase name="viewFavouritesPageTest()" classname="softuni.bg.bikeshop.controller.ProductControllerIT" time="0.093"/>
  <testcase name="buyProductFailTest()" classname="softuni.bg.bikeshop.controller.ProductControllerIT" time="0.035"/>
  <testcase name="viewAddProductPageTest()" classname="softuni.bg.bikeshop.controller.ProductControllerIT" time="0.07"/>
  <testcase name="buyProductViewTest()" classname="softuni.bg.bikeshop.controller.ProductControllerIT" time="0.162"/>
  <testcase name="editProductPageForTiresTest()" classname="softuni.bg.bikeshop.controller.ProductControllerIT" time="0.125"/>
  <testcase name="editProductPageForFrameTest()" classname="softuni.bg.bikeshop.controller.ProductControllerIT" time="0.085"/>
  <testcase name="addToFavouritesTestWhenFailingInProducts()" classname="softuni.bg.bikeshop.controller.ProductControllerIT" time="0.031"/>
  <testcase name="removeFromFavouritesTest()" classname="softuni.bg.bikeshop.controller.ProductControllerIT" time="0.011"/>
  <testcase name="editProductPageForChainTest()" classname="softuni.bg.bikeshop.controller.ProductControllerIT" time="0.077"/>
  <testcase name="addToFavouritesTestWhenFailingDetails()" classname="softuni.bg.bikeshop.controller.ProductControllerIT" time="0.04"/>
  <testcase name="bikeProductDetails()" classname="softuni.bg.bikeshop.controller.ProductControllerIT" time="0.14"/>
  <testcase name="chainProductDetails()" classname="softuni.bg.bikeshop.controller.ProductControllerIT" time="0.137"/>
  <testcase name="deleteProductSuccessfulTest()" classname="softuni.bg.bikeshop.controller.ProductControllerIT" time="0.027"/>
  <testcase name="buyProductSuccessTest()" classname="softuni.bg.bikeshop.controller.ProductControllerIT" time="0.032"/>
  <testcase name="tiresProductDetails()" classname="softuni.bg.bikeshop.controller.ProductControllerIT" time="0.155"/>
  <testcase name="viewAddPartPageTest()" classname="softuni.bg.bikeshop.controller.ProductControllerIT" time="0.105"/>
  <testcase name="productDetails()" classname="softuni.bg.bikeshop.controller.ProductControllerIT" time="0.076"/>
  <testcase name="viewProductsPageTest()" classname="softuni.bg.bikeshop.controller.ProductControllerIT" time="0.025"/>
  <system-out><![CDATA[2024-08-05T19:13:49.159+03:00  INFO 13416 --- [BikeShop] [    Test worker] t.c.s.AnnotationConfigContextLoaderUtils : Could not detect default configuration classes for test class [softuni.bg.bikeshop.controller.ProductControllerIT]: ProductControllerIT does not declare any static, non-private, non-final, nested classes annotated with @Configuration.
2024-08-05T19:13:49.167+03:00  INFO 13416 --- [BikeShop] [    Test worker] .b.t.c.SpringBootTestContextBootstrapper : Found @SpringBootConfiguration softuni.bg.bikeshop.BikeShopApplication for test class softuni.bg.bikeshop.controller.ProductControllerIT
2024-08-05T19:13:49.195+03:00  INFO 13416 --- [BikeShop] [    Test worker] o.s.b.d.r.RestartApplicationListener     : Restart disabled due to context in which it is running
  .   ____          _            __ _ _
 /\\ / ___'_ __ _ _(_)_ __  __ _ \ \ \ \
( ( )\___ | '_ | '_| | '_ \/ _` | \ \ \ \
 \\/  ___)| |_)| | | | | || (_| |  ) ) ) )
  '  |____| .__|_| |_|_| |_\__, | / / / /
 =========|_|==============|___/=/_/_/_/

 :: Spring Boot ::                (v3.3.0)

2024-08-05T19:13:49.298+03:00  INFO 13416 --- [BikeShop] [    Test worker] s.b.b.controller.ProductControllerIT     : Starting ProductControllerIT using Java 17.0.3.1 with PID 13416 (started by PC in D:\SOFTUNI\Final Project\BikeShop)
2024-08-05T19:13:49.300+03:00  INFO 13416 --- [BikeShop] [    Test worker] s.b.b.controller.ProductControllerIT     : No active profile set, falling back to 1 default profile: "default"
2024-08-05T19:13:49.547+03:00  INFO 13416 --- [BikeShop] [    Test worker] .s.d.r.c.RepositoryConfigurationDelegate : Bootstrapping Spring Data JPA repositories in DEFAULT mode.
2024-08-05T19:13:49.579+03:00  INFO 13416 --- [BikeShop] [    Test worker] .s.d.r.c.RepositoryConfigurationDelegate : Finished Spring Data repository scanning in 31 ms. Found 6 JPA repository interfaces.
2024-08-05T19:13:50.129+03:00  INFO 13416 --- [BikeShop] [    Test worker] o.hibernate.jpa.internal.util.LogHelper  : HHH000204: Processing PersistenceUnitInfo [name: default]
2024-08-05T19:13:50.149+03:00  INFO 13416 --- [BikeShop] [    Test worker] o.h.c.internal.RegionFactoryInitiator    : HHH000026: Second-level cache disabled
2024-08-05T19:13:50.177+03:00  INFO 13416 --- [BikeShop] [    Test worker] o.s.o.j.p.SpringPersistenceUnitInfo      : No LoadTimeWeaver setup: ignoring JPA class transformer
2024-08-05T19:13:50.180+03:00  INFO 13416 --- [BikeShop] [    Test worker] com.zaxxer.hikari.HikariDataSource       : HikariPool-6 - Starting...
2024-08-05T19:13:50.193+03:00  INFO 13416 --- [BikeShop] [    Test worker] com.zaxxer.hikari.pool.HikariPool        : HikariPool-6 - Added connection com.mysql.cj.jdbc.ConnectionImpl@59b97753
2024-08-05T19:13:50.193+03:00  INFO 13416 --- [BikeShop] [    Test worker] com.zaxxer.hikari.HikariDataSource       : HikariPool-6 - Start completed.
2024-08-05T19:13:50.194+03:00  WARN 13416 --- [BikeShop] [    Test worker] org.hibernate.orm.deprecation            : HHH90000025: MySQL8Dialect does not need to be specified explicitly using 'hibernate.dialect' (remove the property setting and it will be selected by default)
2024-08-05T19:13:50.194+03:00  WARN 13416 --- [BikeShop] [    Test worker] org.hibernate.orm.deprecation            : HHH90000026: MySQL8Dialect has been deprecated; use org.hibernate.dialect.MySQLDialect instead
2024-08-05T19:13:50.195+03:00 DEBUG 13416 --- [BikeShop] [    Test worker] o.h.t.d.sql.spi.DdlTypeRegistry          : addDescriptor(12, org.hibernate.type.descriptor.sql.internal.CapacityDependentDdlType@111ddb71) replaced previous registration(org.hibernate.type.descriptor.sql.internal.CapacityDependentDdlType@565f87ed)
2024-08-05T19:13:50.196+03:00 DEBUG 13416 --- [BikeShop] [    Test worker] o.h.t.d.sql.spi.DdlTypeRegistry          : addDescriptor(-9, org.hibernate.type.descriptor.sql.internal.CapacityDependentDdlType@43ea41d9) replaced previous registration(org.hibernate.type.descriptor.sql.internal.CapacityDependentDdlType@51fba518)
2024-08-05T19:13:50.196+03:00 DEBUG 13416 --- [BikeShop] [    Test worker] o.h.t.d.sql.spi.DdlTypeRegistry          : addDescriptor(-3, org.hibernate.type.descriptor.sql.internal.CapacityDependentDdlType@2ec23a05) replaced previous registration(org.hibernate.type.descriptor.sql.internal.CapacityDependentDdlType@408a0df)
2024-08-05T19:13:50.196+03:00 DEBUG 13416 --- [BikeShop] [    Test worker] o.h.t.d.sql.spi.DdlTypeRegistry          : addDescriptor(4003, org.hibernate.type.descriptor.sql.internal.DdlTypeImpl@15fdcd0e) replaced previous registration(org.hibernate.type.descriptor.sql.internal.DdlTypeImpl@19a279cc)
2024-08-05T19:13:50.196+03:00 DEBUG 13416 --- [BikeShop] [    Test worker] o.h.t.d.sql.spi.DdlTypeRegistry          : addDescriptor(4001, org.hibernate.type.descriptor.sql.internal.DdlTypeImpl@260f6aef) replaced previous registration(org.hibernate.type.descriptor.sql.internal.DdlTypeImpl@674038a9)
2024-08-05T19:13:50.196+03:00 DEBUG 13416 --- [BikeShop] [    Test worker] o.h.t.d.sql.spi.DdlTypeRegistry          : addDescriptor(4002, org.hibernate.type.descriptor.sql.internal.DdlTypeImpl@1c2e1cf2) replaced previous registration(org.hibernate.type.descriptor.sql.internal.DdlTypeImpl@16c87aa2)
2024-08-05T19:13:50.196+03:00 DEBUG 13416 --- [BikeShop] [    Test worker] o.h.t.d.sql.spi.DdlTypeRegistry          : addDescriptor(2004, org.hibernate.type.descriptor.sql.internal.CapacityDependentDdlType@4bcd3286) replaced previous registration(org.hibernate.type.descriptor.sql.internal.DdlTypeImpl@2d2ece26)
2024-08-05T19:13:50.197+03:00 DEBUG 13416 --- [BikeShop] [    Test worker] o.h.t.d.sql.spi.DdlTypeRegistry          : addDescriptor(2005, org.hibernate.type.descriptor.sql.internal.CapacityDependentDdlType@410b8efd) replaced previous registration(org.hibernate.type.descriptor.sql.internal.DdlTypeImpl@1443e114)
2024-08-05T19:13:50.197+03:00 DEBUG 13416 --- [BikeShop] [    Test worker] o.h.t.d.sql.spi.DdlTypeRegistry          : addDescriptor(2011, org.hibernate.type.descriptor.sql.internal.CapacityDependentDdlType@3638a818) replaced previous registration(org.hibernate.type.descriptor.sql.internal.DdlTypeImpl@6d3c1f07)
2024-08-05T19:13:50.197+03:00 DEBUG 13416 --- [BikeShop] [    Test worker] o.h.t.d.jdbc.spi.JdbcTypeRegistry        : addDescriptor(NCharTypeDescriptor) replaced previous registration(CharTypeDescriptor)
2024-08-05T19:13:50.197+03:00 DEBUG 13416 --- [BikeShop] [    Test worker] o.h.t.d.jdbc.spi.JdbcTypeRegistry        : addDescriptor(NVarcharTypeDescriptor) replaced previous registration(VarcharTypeDescriptor)
2024-08-05T19:13:50.197+03:00 DEBUG 13416 --- [BikeShop] [    Test worker] o.h.t.d.jdbc.spi.JdbcTypeRegistry        : addDescriptor(LongNVarcharTypeDescriptor) replaced previous registration(LongVarcharTypeDescriptor)
2024-08-05T19:13:50.197+03:00 DEBUG 13416 --- [BikeShop] [    Test worker] o.h.t.d.jdbc.spi.JdbcTypeRegistry        : addDescriptor(NClobTypeDescriptor(DEFAULT)) replaced previous registration(ClobTypeDescriptor(DEFAULT))
2024-08-05T19:13:50.197+03:00 DEBUG 13416 --- [BikeShop] [    Test worker] o.h.t.d.jdbc.spi.JdbcTypeRegistry        : addDescriptor(2005, ClobTypeDescriptor(STREAM_BINDING)) replaced previous registration(ClobTypeDescriptor(DEFAULT))
2024-08-05T19:13:51.023+03:00  INFO 13416 --- [BikeShop] [    Test worker] o.h.e.t.j.p.i.JtaPlatformInitiator       : HHH000489: No JTA platform available (set 'hibernate.transaction.jta.platform' to enable JTA platform integration)
2024-08-05T19:13:51.046+03:00 DEBUG 13416 --- [BikeShop] [    Test worker] org.hibernate.SQL                        : 
    alter table picture 
       modify column url LONGTEXT not null
2024-08-05T19:13:51.069+03:00 DEBUG 13416 --- [BikeShop] [    Test worker] org.hibernate.SQL                        : 
    alter table products 
       modify column description TEXT
2024-08-05T19:13:51.134+03:00 DEBUG 13416 --- [BikeShop] [    Test worker] org.hibernate.SQL                        : 
    alter table reviews 
       modify column content TEXT not null
2024-08-05T19:13:51.293+03:00  INFO 13416 --- [BikeShop] [    Test worker] j.LocalContainerEntityManagerFactoryBean : Initialized JPA EntityManagerFactory for persistence unit 'default'
2024-08-05T19:13:51.585+03:00  INFO 13416 --- [BikeShop] [    Test worker] r$InitializeUserDetailsManagerConfigurer : Global AuthenticationManager configured with UserDetailsService bean with name userDetailsService
2024-08-05T19:13:51.614+03:00  INFO 13416 --- [BikeShop] [    Test worker] o.s.b.a.w.s.WelcomePageHandlerMapping    : Adding welcome page template: index
2024-08-05T19:13:51.831+03:00  INFO 13416 --- [BikeShop] [    Test worker] o.s.s.web.DefaultSecurityFilterChain     : Will secure any request with [org.springframework.security.web.session.DisableEncodeUrlFilter@3a7104da, org.springframework.security.web.context.request.async.WebAsyncManagerIntegrationFilter@51ece47a, org.springframework.security.web.context.SecurityContextHolderFilter@34072304, org.springframework.security.web.header.HeaderWriterFilter@22268e34, org.springframework.web.filter.CorsFilter@7b8b0c78, org.springframework.security.web.csrf.CsrfFilter@5074f100, org.springframework.security.web.authentication.logout.LogoutFilter@22d0b2d0, org.springframework.security.web.authentication.UsernamePasswordAuthenticationFilter@1d10739a, org.springframework.security.web.savedrequest.RequestCacheAwareFilter@430c2875, org.springframework.security.web.servletapi.SecurityContextHolderAwareRequestFilter@3983d505, org.springframework.security.web.authentication.AnonymousAuthenticationFilter@65993c30, org.springframework.security.web.access.ExceptionTranslationFilter@52351801, org.springframework.security.web.access.intercept.AuthorizationFilter@27b1bf80]
2024-08-05T19:13:52.839+03:00  INFO 13416 --- [BikeShop] [    Test worker] o.s.b.t.m.w.SpringBootMockServletContext : Initializing Spring TestDispatcherServlet ''
2024-08-05T19:13:52.839+03:00  INFO 13416 --- [BikeShop] [    Test worker] o.s.t.web.servlet.TestDispatcherServlet  : Initializing Servlet ''
2024-08-05T19:13:52.844+03:00  INFO 13416 --- [BikeShop] [    Test worker] o.s.t.web.servlet.TestDispatcherServlet  : Completed initialization in 5 ms
2024-08-05T19:13:52.882+03:00  INFO 13416 --- [BikeShop] [    Test worker] s.b.b.controller.ProductControllerIT     : Started ProductControllerIT in 3.701 seconds (process running for 36.288)
2024-08-05T19:13:52.997+03:00 DEBUG 13416 --- [BikeShop] [    Test worker] org.hibernate.SQL                        : 
    select
        count(*) 
    from
        roles r1_0
2024-08-05T19:13:53.957+03:00 DEBUG 13416 --- [BikeShop] [    Test worker] org.hibernate.SQL                        : 
    select
        count(*) 
    from
        users u1_0
]]></system-out>
  <system-err><![CDATA[]]></system-err>
</testsuite>
