<?xml version="1.0" encoding="UTF-8"?>
<testsuite name="softuni.bg.bikeshop.controller.LoginControllerIT" tests="2" skipped="0" failures="0" errors="0" timestamp="2024-08-04T13:51:13" hostname="DESKTOP-RKC5M4M" time="0.034">
  <properties/>
  <testcase name="failedLoginTest()" classname="softuni.bg.bikeshop.controller.LoginControllerIT" time="0.014"/>
  <testcase name="viewLoginPage()" classname="softuni.bg.bikeshop.controller.LoginControllerIT" time="0.019"/>
  <system-out><![CDATA[2024-08-04T16:51:13.354+03:00  INFO 10228 --- [BikeShop] [    Test worker] t.c.s.AnnotationConfigContextLoaderUtils : Could not detect default configuration classes for test class [softuni.bg.bikeshop.controller.LoginControllerIT]: LoginControllerIT does not declare any static, non-private, non-final, nested classes annotated with @Configuration.
2024-08-04T16:51:13.359+03:00  INFO 10228 --- [BikeShop] [    Test worker] .b.t.c.SpringBootTestContextBootstrapper : Found @SpringBootConfiguration softuni.bg.bikeshop.BikeShopApplication for test class softuni.bg.bikeshop.controller.LoginControllerIT
]]></system-out>
  <system-err><![CDATA[]]></system-err>
</testsuite>
