<?xml version="1.0" encoding="UTF-8"?>
<testsuite name="softuni.bg.bikeshop.service.impl.UserDetailsServiceImplTest" tests="2" skipped="0" failures="0" errors="0" timestamp="2024-08-04T13:51:19" hostname="DESKTOP-RKC5M4M" time="0.023">
  <properties/>
  <testcase name="loadUserByUsernameWhenUserDoesNotExist()" classname="softuni.bg.bikeshop.service.impl.UserDetailsServiceImplTest" time="0.018"/>
  <testcase name="loadUserByUsernameWhenUserExists()" classname="softuni.bg.bikeshop.service.impl.UserDetailsServiceImplTest" time="0.005"/>
  <system-out><![CDATA[]]></system-out>
  <system-err><![CDATA[]]></system-err>
</testsuite>
