<?xml version="1.0" encoding="UTF-8"?>
<testsuite name="softuni.bg.bikeshop.controller.BikeControllerIT" tests="3" skipped="0" failures="0" errors="0" timestamp="2024-08-04T13:51:10" hostname="DESKTOP-RKC5M4M" time="0.185">
  <properties/>
  <testcase name="editBikeTestSuccessful()" classname="softuni.bg.bikeshop.controller.BikeControllerIT" time="0.042"/>
  <testcase name="editBikeTestFail()" classname="softuni.bg.bikeshop.controller.BikeControllerIT" time="0.016"/>
  <testcase name="addBikePageTest()" classname="softuni.bg.bikeshop.controller.BikeControllerIT" time="0.099"/>
  <system-out><![CDATA[2024-08-04T16:51:08.819+03:00  INFO 10228 --- [BikeShop] [    Test worker] t.c.s.AnnotationConfigContextLoaderUtils : Could not detect default configuration classes for test class [softuni.bg.bikeshop.controller.BikeControllerIT]: BikeControllerIT does not declare any static, non-private, non-final, nested classes annotated with @Configuration.
2024-08-04T16:51:08.827+03:00  INFO 10228 --- [BikeShop] [    Test worker] .b.t.c.SpringBootTestContextBootstrapper : Found @SpringBootConfiguration softuni.bg.bikeshop.BikeShopApplication for test class softuni.bg.bikeshop.controller.BikeControllerIT
2024-08-04T16:51:08.860+03:00  INFO 10228 --- [BikeShop] [    Test worker] o.s.b.d.r.RestartApplicationListener     : Restart disabled due to context in which it is running
  .   ____          _            __ _ _
 /\\ / ___'_ __ _ _(_)_ __  __ _ \ \ \ \
( ( )\___ | '_ | '_| | '_ \/ _` | \ \ \ \
 \\/  ___)| |_)| | | | | || (_| |  ) ) ) )
  '  |____| .__|_| |_|_| |_\__, | / / / /
 =========|_|==============|___/=/_/_/_/

 :: Spring Boot ::                (v3.3.0)

2024-08-04T16:51:08.903+03:00  INFO 10228 --- [BikeShop] [    Test worker] s.b.b.controller.BikeControllerIT        : Starting BikeControllerIT using Java 17.0.3.1 with PID 10228 (started by PC in D:\SOFTUNI\Final Project\BikeShop)
2024-08-04T16:51:08.903+03:00  INFO 10228 --- [BikeShop] [    Test worker] s.b.b.controller.BikeControllerIT        : No active profile set, falling back to 1 default profile: "default"
2024-08-04T16:51:09.277+03:00  INFO 10228 --- [BikeShop] [    Test worker] .s.d.r.c.RepositoryConfigurationDelegate : Bootstrapping Spring Data JPA repositories in DEFAULT mode.
2024-08-04T16:51:09.325+03:00  INFO 10228 --- [BikeShop] [    Test worker] .s.d.r.c.RepositoryConfigurationDelegate : Finished Spring Data repository scanning in 46 ms. Found 6 JPA repository interfaces.
2024-08-04T16:51:09.496+03:00  INFO 10228 --- [BikeShop] [    Test worker] o.hibernate.jpa.internal.util.LogHelper  : HHH000204: Processing PersistenceUnitInfo [name: default]
2024-08-04T16:51:09.501+03:00  INFO 10228 --- [BikeShop] [    Test worker] o.h.c.internal.RegionFactoryInitiator    : HHH000026: Second-level cache disabled
2024-08-04T16:51:09.524+03:00  INFO 10228 --- [BikeShop] [    Test worker] o.s.o.j.p.SpringPersistenceUnitInfo      : No LoadTimeWeaver setup: ignoring JPA class transformer
2024-08-04T16:51:09.526+03:00  INFO 10228 --- [BikeShop] [    Test worker] com.zaxxer.hikari.HikariDataSource       : HikariPool-3 - Starting...
2024-08-04T16:51:09.536+03:00  INFO 10228 --- [BikeShop] [    Test worker] com.zaxxer.hikari.pool.HikariPool        : HikariPool-3 - Added connection com.mysql.cj.jdbc.ConnectionImpl@3b5c7033
2024-08-04T16:51:09.536+03:00  INFO 10228 --- [BikeShop] [    Test worker] com.zaxxer.hikari.HikariDataSource       : HikariPool-3 - Start completed.
2024-08-04T16:51:09.537+03:00  WARN 10228 --- [BikeShop] [    Test worker] org.hibernate.orm.deprecation            : HHH90000025: MySQL8Dialect does not need to be specified explicitly using 'hibernate.dialect' (remove the property setting and it will be selected by default)
2024-08-04T16:51:09.537+03:00  WARN 10228 --- [BikeShop] [    Test worker] org.hibernate.orm.deprecation            : HHH90000026: MySQL8Dialect has been deprecated; use org.hibernate.dialect.MySQLDialect instead
2024-08-04T16:51:09.537+03:00 DEBUG 10228 --- [BikeShop] [    Test worker] o.h.t.d.sql.spi.DdlTypeRegistry          : addDescriptor(12, org.hibernate.type.descriptor.sql.internal.CapacityDependentDdlType@1fdf8aa4) replaced previous registration(org.hibernate.type.descriptor.sql.internal.CapacityDependentDdlType@4cf4fb3b)
2024-08-04T16:51:09.537+03:00 DEBUG 10228 --- [BikeShop] [    Test worker] o.h.t.d.sql.spi.DdlTypeRegistry          : addDescriptor(-9, org.hibernate.type.descriptor.sql.internal.CapacityDependentDdlType@13a46f54) replaced previous registration(org.hibernate.type.descriptor.sql.internal.CapacityDependentDdlType@4ba148fb)
2024-08-04T16:51:09.538+03:00 DEBUG 10228 --- [BikeShop] [    Test worker] o.h.t.d.sql.spi.DdlTypeRegistry          : addDescriptor(-3, org.hibernate.type.descriptor.sql.internal.CapacityDependentDdlType@28486181) replaced previous registration(org.hibernate.type.descriptor.sql.internal.CapacityDependentDdlType@438e6a90)
2024-08-04T16:51:09.538+03:00 DEBUG 10228 --- [BikeShop] [    Test worker] o.h.t.d.sql.spi.DdlTypeRegistry          : addDescriptor(4003, org.hibernate.type.descriptor.sql.internal.DdlTypeImpl@73e0637a) replaced previous registration(org.hibernate.type.descriptor.sql.internal.DdlTypeImpl@32471b6d)
2024-08-04T16:51:09.538+03:00 DEBUG 10228 --- [BikeShop] [    Test worker] o.h.t.d.sql.spi.DdlTypeRegistry          : addDescriptor(4001, org.hibernate.type.descriptor.sql.internal.DdlTypeImpl@596830cd) replaced previous registration(org.hibernate.type.descriptor.sql.internal.DdlTypeImpl@69020b9a)
2024-08-04T16:51:09.538+03:00 DEBUG 10228 --- [BikeShop] [    Test worker] o.h.t.d.sql.spi.DdlTypeRegistry          : addDescriptor(4002, org.hibernate.type.descriptor.sql.internal.DdlTypeImpl@19895e73) replaced previous registration(org.hibernate.type.descriptor.sql.internal.DdlTypeImpl@131fa25c)
2024-08-04T16:51:09.538+03:00 DEBUG 10228 --- [BikeShop] [    Test worker] o.h.t.d.sql.spi.DdlTypeRegistry          : addDescriptor(2004, org.hibernate.type.descriptor.sql.internal.CapacityDependentDdlType@be906aa) replaced previous registration(org.hibernate.type.descriptor.sql.internal.DdlTypeImpl@724e9296)
2024-08-04T16:51:09.538+03:00 DEBUG 10228 --- [BikeShop] [    Test worker] o.h.t.d.sql.spi.DdlTypeRegistry          : addDescriptor(2005, org.hibernate.type.descriptor.sql.internal.CapacityDependentDdlType@21e7206a) replaced previous registration(org.hibernate.type.descriptor.sql.internal.DdlTypeImpl@4f847b48)
2024-08-04T16:51:09.538+03:00 DEBUG 10228 --- [BikeShop] [    Test worker] o.h.t.d.sql.spi.DdlTypeRegistry          : addDescriptor(2011, org.hibernate.type.descriptor.sql.internal.CapacityDependentDdlType@c9be844) replaced previous registration(org.hibernate.type.descriptor.sql.internal.DdlTypeImpl@a471163)
2024-08-04T16:51:09.538+03:00 DEBUG 10228 --- [BikeShop] [    Test worker] o.h.t.d.jdbc.spi.JdbcTypeRegistry        : addDescriptor(NCharTypeDescriptor) replaced previous registration(CharTypeDescriptor)
2024-08-04T16:51:09.539+03:00 DEBUG 10228 --- [BikeShop] [    Test worker] o.h.t.d.jdbc.spi.JdbcTypeRegistry        : addDescriptor(NVarcharTypeDescriptor) replaced previous registration(VarcharTypeDescriptor)
2024-08-04T16:51:09.539+03:00 DEBUG 10228 --- [BikeShop] [    Test worker] o.h.t.d.jdbc.spi.JdbcTypeRegistry        : addDescriptor(LongNVarcharTypeDescriptor) replaced previous registration(LongVarcharTypeDescriptor)
2024-08-04T16:51:09.539+03:00 DEBUG 10228 --- [BikeShop] [    Test worker] o.h.t.d.jdbc.spi.JdbcTypeRegistry        : addDescriptor(NClobTypeDescriptor(DEFAULT)) replaced previous registration(ClobTypeDescriptor(DEFAULT))
2024-08-04T16:51:09.539+03:00 DEBUG 10228 --- [BikeShop] [    Test worker] o.h.t.d.jdbc.spi.JdbcTypeRegistry        : addDescriptor(2005, ClobTypeDescriptor(STREAM_BINDING)) replaced previous registration(ClobTypeDescriptor(DEFAULT))
2024-08-04T16:51:09.943+03:00  INFO 10228 --- [BikeShop] [    Test worker] o.h.e.t.j.p.i.JtaPlatformInitiator       : HHH000489: No JTA platform available (set 'hibernate.transaction.jta.platform' to enable JTA platform integration)
2024-08-04T16:51:09.954+03:00 DEBUG 10228 --- [BikeShop] [    Test worker] org.hibernate.SQL                        : 
    alter table picture 
       modify column url LONGTEXT not null
2024-08-04T16:51:09.971+03:00 DEBUG 10228 --- [BikeShop] [    Test worker] org.hibernate.SQL                        : 
    alter table products 
       modify column description TEXT
2024-08-04T16:51:09.997+03:00 DEBUG 10228 --- [BikeShop] [    Test worker] org.hibernate.SQL                        : 
    alter table reviews 
       modify column content TEXT not null
2024-08-04T16:51:10.140+03:00  INFO 10228 --- [BikeShop] [    Test worker] j.LocalContainerEntityManagerFactoryBean : Initialized JPA EntityManagerFactory for persistence unit 'default'
2024-08-04T16:51:10.334+03:00  INFO 10228 --- [BikeShop] [    Test worker] r$InitializeUserDetailsManagerConfigurer : Global AuthenticationManager configured with UserDetailsService bean with name userDetailsService
2024-08-04T16:51:10.350+03:00  INFO 10228 --- [BikeShop] [    Test worker] o.s.b.a.w.s.WelcomePageHandlerMapping    : Adding welcome page template: index
2024-08-04T16:51:10.456+03:00  INFO 10228 --- [BikeShop] [    Test worker] o.s.s.web.DefaultSecurityFilterChain     : Will secure any request with [org.springframework.security.web.session.DisableEncodeUrlFilter@41f40b0e, org.springframework.security.web.context.request.async.WebAsyncManagerIntegrationFilter@1510b5ce, org.springframework.security.web.context.SecurityContextHolderFilter@5407721, org.springframework.security.web.header.HeaderWriterFilter@3e4ea922, org.springframework.web.filter.CorsFilter@46acd2b6, org.springframework.security.web.csrf.CsrfFilter@4722250f, org.springframework.security.web.authentication.logout.LogoutFilter@782bbb5e, org.springframework.security.web.authentication.UsernamePasswordAuthenticationFilter@64a0bd8f, org.springframework.security.web.savedrequest.RequestCacheAwareFilter@531c30db, org.springframework.security.web.servletapi.SecurityContextHolderAwareRequestFilter@35989ae2, org.springframework.security.web.authentication.AnonymousAuthenticationFilter@27815329, org.springframework.security.web.access.ExceptionTranslationFilter@76721208, org.springframework.security.web.access.intercept.AuthorizationFilter@3bbd0a50]
2024-08-04T16:51:10.595+03:00  INFO 10228 --- [BikeShop] [    Test worker] o.s.b.t.m.w.SpringBootMockServletContext : Initializing Spring TestDispatcherServlet ''
2024-08-04T16:51:10.595+03:00  INFO 10228 --- [BikeShop] [    Test worker] o.s.t.web.servlet.TestDispatcherServlet  : Initializing Servlet ''
2024-08-04T16:51:10.596+03:00  INFO 10228 --- [BikeShop] [    Test worker] o.s.t.web.servlet.TestDispatcherServlet  : Completed initialization in 1 ms
2024-08-04T16:51:10.605+03:00  INFO 10228 --- [BikeShop] [    Test worker] s.b.b.controller.BikeControllerIT        : Started BikeControllerIT in 1.746 seconds (process running for 21.876)
2024-08-04T16:51:10.619+03:00 DEBUG 10228 --- [BikeShop] [    Test worker] org.hibernate.SQL                        : 
    select
        count(*) 
    from
        roles r1_0
2024-08-04T16:51:10.639+03:00 DEBUG 10228 --- [BikeShop] [    Test worker] org.hibernate.SQL                        : 
    select
        count(*) 
    from
        users u1_0
]]></system-out>
  <system-err><![CDATA[]]></system-err>
</testsuite>
