<?xml version="1.0" encoding="UTF-8"?>
<testsuite name="softuni.bg.bikeshop.controller.BikeControllerIT" tests="3" skipped="0" failures="0" errors="0" timestamp="2024-07-27T12:19:33" hostname="DESKTOP-RKC5M4M" time="0.163">
  <properties/>
  <testcase name="editBikeTestSuccessful()" classname="softuni.bg.bikeshop.controller.BikeControllerIT" time="0.051"/>
  <testcase name="editBikeTestFail()" classname="softuni.bg.bikeshop.controller.BikeControllerIT" time="0.014"/>
  <testcase name="addBikePageTest()" classname="softuni.bg.bikeshop.controller.BikeControllerIT" time="0.093"/>
  <system-out><![CDATA[2024-07-27T15:19:30.792+03:00  INFO 10260 --- [BikeShop] [    Test worker] t.c.s.AnnotationConfigContextLoaderUtils : Could not detect default configuration classes for test class [softuni.bg.bikeshop.controller.BikeControllerIT]: BikeControllerIT does not declare any static, non-private, non-final, nested classes annotated with @Configuration.
2024-07-27T15:19:30.799+03:00  INFO 10260 --- [BikeShop] [    Test worker] .b.t.c.SpringBootTestContextBootstrapper : Found @SpringBootConfiguration softuni.bg.bikeshop.BikeShopApplication for test class softuni.bg.bikeshop.controller.BikeControllerIT
2024-07-27T15:19:30.810+03:00  INFO 10260 --- [BikeShop] [    Test worker] o.s.b.d.r.RestartApplicationListener     : Restart disabled due to context in which it is running
  .   ____          _            __ _ _
 /\\ / ___'_ __ _ _(_)_ __  __ _ \ \ \ \
( ( )\___ | '_ | '_| | '_ \/ _` | \ \ \ \
 \\/  ___)| |_)| | | | | || (_| |  ) ) ) )
  '  |____| .__|_| |_|_| |_\__, | / / / /
 =========|_|==============|___/=/_/_/_/

 :: Spring Boot ::                (v3.3.0)

2024-07-27T15:19:30.863+03:00  INFO 10260 --- [BikeShop] [    Test worker] s.b.b.controller.BikeControllerIT        : Starting BikeControllerIT using Java 17.0.3.1 with PID 10260 (started by PC in D:\SOFTUNI\Final Project\BikeShop)
2024-07-27T15:19:30.863+03:00  INFO 10260 --- [BikeShop] [    Test worker] s.b.b.controller.BikeControllerIT        : No active profile set, falling back to 1 default profile: "default"
2024-07-27T15:19:31.289+03:00  INFO 10260 --- [BikeShop] [    Test worker] .s.d.r.c.RepositoryConfigurationDelegate : Bootstrapping Spring Data JPA repositories in DEFAULT mode.
2024-07-27T15:19:31.325+03:00  INFO 10260 --- [BikeShop] [    Test worker] .s.d.r.c.RepositoryConfigurationDelegate : Finished Spring Data repository scanning in 35 ms. Found 6 JPA repository interfaces.
2024-07-27T15:19:31.632+03:00  INFO 10260 --- [BikeShop] [    Test worker] o.hibernate.jpa.internal.util.LogHelper  : HHH000204: Processing PersistenceUnitInfo [name: default]
2024-07-27T15:19:31.640+03:00  INFO 10260 --- [BikeShop] [    Test worker] o.h.c.internal.RegionFactoryInitiator    : HHH000026: Second-level cache disabled
2024-07-27T15:19:31.657+03:00  INFO 10260 --- [BikeShop] [    Test worker] o.s.o.j.p.SpringPersistenceUnitInfo      : No LoadTimeWeaver setup: ignoring JPA class transformer
2024-07-27T15:19:31.659+03:00  INFO 10260 --- [BikeShop] [    Test worker] com.zaxxer.hikari.HikariDataSource       : HikariPool-3 - Starting...
2024-07-27T15:19:31.666+03:00  INFO 10260 --- [BikeShop] [    Test worker] com.zaxxer.hikari.pool.HikariPool        : HikariPool-3 - Added connection com.mysql.cj.jdbc.ConnectionImpl@5a6e1f51
2024-07-27T15:19:31.666+03:00  INFO 10260 --- [BikeShop] [    Test worker] com.zaxxer.hikari.HikariDataSource       : HikariPool-3 - Start completed.
2024-07-27T15:19:31.667+03:00  WARN 10260 --- [BikeShop] [    Test worker] org.hibernate.orm.deprecation            : HHH90000025: MySQL8Dialect does not need to be specified explicitly using 'hibernate.dialect' (remove the property setting and it will be selected by default)
2024-07-27T15:19:31.668+03:00  WARN 10260 --- [BikeShop] [    Test worker] org.hibernate.orm.deprecation            : HHH90000026: MySQL8Dialect has been deprecated; use org.hibernate.dialect.MySQLDialect instead
2024-07-27T15:19:31.669+03:00 DEBUG 10260 --- [BikeShop] [    Test worker] o.h.t.d.sql.spi.DdlTypeRegistry          : addDescriptor(12, org.hibernate.type.descriptor.sql.internal.CapacityDependentDdlType@5c2424a0) replaced previous registration(org.hibernate.type.descriptor.sql.internal.CapacityDependentDdlType@308b8e8f)
2024-07-27T15:19:31.669+03:00 DEBUG 10260 --- [BikeShop] [    Test worker] o.h.t.d.sql.spi.DdlTypeRegistry          : addDescriptor(-9, org.hibernate.type.descriptor.sql.internal.CapacityDependentDdlType@1faa627c) replaced previous registration(org.hibernate.type.descriptor.sql.internal.CapacityDependentDdlType@3514624f)
2024-07-27T15:19:31.670+03:00 DEBUG 10260 --- [BikeShop] [    Test worker] o.h.t.d.sql.spi.DdlTypeRegistry          : addDescriptor(-3, org.hibernate.type.descriptor.sql.internal.CapacityDependentDdlType@48684169) replaced previous registration(org.hibernate.type.descriptor.sql.internal.CapacityDependentDdlType@247b411d)
2024-07-27T15:19:31.670+03:00 DEBUG 10260 --- [BikeShop] [    Test worker] o.h.t.d.sql.spi.DdlTypeRegistry          : addDescriptor(4003, org.hibernate.type.descriptor.sql.internal.DdlTypeImpl@688e6e6c) replaced previous registration(org.hibernate.type.descriptor.sql.internal.DdlTypeImpl@7e1e6f28)
2024-07-27T15:19:31.670+03:00 DEBUG 10260 --- [BikeShop] [    Test worker] o.h.t.d.sql.spi.DdlTypeRegistry          : addDescriptor(4001, org.hibernate.type.descriptor.sql.internal.DdlTypeImpl@74770a8b) replaced previous registration(org.hibernate.type.descriptor.sql.internal.DdlTypeImpl@a7adeb1)
2024-07-27T15:19:31.670+03:00 DEBUG 10260 --- [BikeShop] [    Test worker] o.h.t.d.sql.spi.DdlTypeRegistry          : addDescriptor(4002, org.hibernate.type.descriptor.sql.internal.DdlTypeImpl@111c2c9c) replaced previous registration(org.hibernate.type.descriptor.sql.internal.DdlTypeImpl@1cf676b8)
2024-07-27T15:19:31.670+03:00 DEBUG 10260 --- [BikeShop] [    Test worker] o.h.t.d.sql.spi.DdlTypeRegistry          : addDescriptor(2004, org.hibernate.type.descriptor.sql.internal.CapacityDependentDdlType@501904ff) replaced previous registration(org.hibernate.type.descriptor.sql.internal.DdlTypeImpl@c4ac71b)
2024-07-27T15:19:31.670+03:00 DEBUG 10260 --- [BikeShop] [    Test worker] o.h.t.d.sql.spi.DdlTypeRegistry          : addDescriptor(2005, org.hibernate.type.descriptor.sql.internal.CapacityDependentDdlType@7c4272c2) replaced previous registration(org.hibernate.type.descriptor.sql.internal.DdlTypeImpl@53ae8844)
2024-07-27T15:19:31.670+03:00 DEBUG 10260 --- [BikeShop] [    Test worker] o.h.t.d.sql.spi.DdlTypeRegistry          : addDescriptor(2011, org.hibernate.type.descriptor.sql.internal.CapacityDependentDdlType@4b885032) replaced previous registration(org.hibernate.type.descriptor.sql.internal.DdlTypeImpl@11a02447)
2024-07-27T15:19:31.670+03:00 DEBUG 10260 --- [BikeShop] [    Test worker] o.h.t.d.jdbc.spi.JdbcTypeRegistry        : addDescriptor(NCharTypeDescriptor) replaced previous registration(CharTypeDescriptor)
2024-07-27T15:19:31.670+03:00 DEBUG 10260 --- [BikeShop] [    Test worker] o.h.t.d.jdbc.spi.JdbcTypeRegistry        : addDescriptor(NVarcharTypeDescriptor) replaced previous registration(VarcharTypeDescriptor)
2024-07-27T15:19:31.671+03:00 DEBUG 10260 --- [BikeShop] [    Test worker] o.h.t.d.jdbc.spi.JdbcTypeRegistry        : addDescriptor(LongNVarcharTypeDescriptor) replaced previous registration(LongVarcharTypeDescriptor)
2024-07-27T15:19:31.671+03:00 DEBUG 10260 --- [BikeShop] [    Test worker] o.h.t.d.jdbc.spi.JdbcTypeRegistry        : addDescriptor(NClobTypeDescriptor(DEFAULT)) replaced previous registration(ClobTypeDescriptor(DEFAULT))
2024-07-27T15:19:31.671+03:00 DEBUG 10260 --- [BikeShop] [    Test worker] o.h.t.d.jdbc.spi.JdbcTypeRegistry        : addDescriptor(2005, ClobTypeDescriptor(STREAM_BINDING)) replaced previous registration(ClobTypeDescriptor(DEFAULT))
2024-07-27T15:19:31.998+03:00  INFO 10260 --- [BikeShop] [    Test worker] o.h.e.t.j.p.i.JtaPlatformInitiator       : HHH000489: No JTA platform available (set 'hibernate.transaction.jta.platform' to enable JTA platform integration)
2024-07-27T15:19:32.013+03:00 DEBUG 10260 --- [BikeShop] [    Test worker] org.hibernate.SQL                        : 
    alter table picture 
       modify column url LONGTEXT not null
2024-07-27T15:19:32.030+03:00 DEBUG 10260 --- [BikeShop] [    Test worker] org.hibernate.SQL                        : 
    alter table products 
       modify column description TEXT
2024-07-27T15:19:32.055+03:00 DEBUG 10260 --- [BikeShop] [    Test worker] org.hibernate.SQL                        : 
    alter table reviews 
       modify column content TEXT not null
2024-07-27T15:19:32.208+03:00  INFO 10260 --- [BikeShop] [    Test worker] j.LocalContainerEntityManagerFactoryBean : Initialized JPA EntityManagerFactory for persistence unit 'default'
2024-07-27T15:19:32.426+03:00  INFO 10260 --- [BikeShop] [    Test worker] r$InitializeUserDetailsManagerConfigurer : Global AuthenticationManager configured with UserDetailsService bean with name userDetailsService
2024-07-27T15:19:32.453+03:00  INFO 10260 --- [BikeShop] [    Test worker] o.s.b.a.w.s.WelcomePageHandlerMapping    : Adding welcome page template: index
2024-07-27T15:19:32.699+03:00  INFO 10260 --- [BikeShop] [    Test worker] o.s.s.web.DefaultSecurityFilterChain     : Will secure any request with [org.springframework.security.web.session.DisableEncodeUrlFilter@5a23d4d8, org.springframework.security.web.context.request.async.WebAsyncManagerIntegrationFilter@7ffc28de, org.springframework.security.web.context.SecurityContextHolderFilter@4d5aa20b, org.springframework.security.web.header.HeaderWriterFilter@41a42c6b, org.springframework.web.filter.CorsFilter@736d26f1, org.springframework.security.web.csrf.CsrfFilter@6cb62e90, org.springframework.security.web.authentication.logout.LogoutFilter@189738f4, org.springframework.security.web.authentication.UsernamePasswordAuthenticationFilter@7bd203ce, org.springframework.security.web.savedrequest.RequestCacheAwareFilter@1045c79e, org.springframework.security.web.servletapi.SecurityContextHolderAwareRequestFilter@60e2370e, org.springframework.security.web.authentication.AnonymousAuthenticationFilter@18ca8721, org.springframework.security.web.access.ExceptionTranslationFilter@223a5dad, org.springframework.security.web.access.intercept.AuthorizationFilter@57fb7ccc]
2024-07-27T15:19:32.982+03:00  INFO 10260 --- [BikeShop] [    Test worker] o.s.b.t.m.w.SpringBootMockServletContext : Initializing Spring TestDispatcherServlet ''
2024-07-27T15:19:32.982+03:00  INFO 10260 --- [BikeShop] [    Test worker] o.s.t.web.servlet.TestDispatcherServlet  : Initializing Servlet ''
2024-07-27T15:19:32.984+03:00  INFO 10260 --- [BikeShop] [    Test worker] o.s.t.web.servlet.TestDispatcherServlet  : Completed initialization in 2 ms
2024-07-27T15:19:33.001+03:00  INFO 10260 --- [BikeShop] [    Test worker] s.b.b.controller.BikeControllerIT        : Started BikeControllerIT in 2.192 seconds (process running for 25.266)
2024-07-27T15:19:33.007+03:00 DEBUG 10260 --- [BikeShop] [    Test worker] org.hibernate.SQL                        : 
    select
        count(*) 
    from
        roles r1_0
2024-07-27T15:19:33.015+03:00 DEBUG 10260 --- [BikeShop] [    Test worker] org.hibernate.SQL                        : 
    select
        count(*) 
    from
        users u1_0
]]></system-out>
  <system-err><![CDATA[]]></system-err>
</testsuite>
