<?xml version="1.0" encoding="UTF-8"?>
<testsuite name="softuni.bg.bikeshop.controller.ReviewControllerIT" tests="2" skipped="0" failures="0" errors="0" timestamp="2024-08-04T08:24:55" hostname="DESKTOP-RKC5M4M" time="0.059">
  <properties/>
  <testcase name="addReviewTest()" classname="softuni.bg.bikeshop.controller.ReviewControllerIT" time="0.017"/>
  <testcase name="getAllReviewsOfProductTest()" classname="softuni.bg.bikeshop.controller.ReviewControllerIT" time="0.041"/>
  <system-out><![CDATA[2024-08-04T11:24:51.956+03:00  INFO 9492 --- [BikeShop] [    Test worker] t.c.s.AnnotationConfigContextLoaderUtils : Could not detect default configuration classes for test class [softuni.bg.bikeshop.controller.ReviewControllerIT]: ReviewControllerIT does not declare any static, non-private, non-final, nested classes annotated with @Configuration.
2024-08-04T11:24:51.973+03:00  INFO 9492 --- [BikeShop] [    Test worker] .b.t.c.SpringBootTestContextBootstrapper : Found @SpringBootConfiguration softuni.bg.bikeshop.BikeShopApplication for test class softuni.bg.bikeshop.controller.ReviewControllerIT
2024-08-04T11:24:51.986+03:00  INFO 9492 --- [BikeShop] [    Test worker] o.s.b.d.r.RestartApplicationListener     : Restart disabled due to context in which it is running
  .   ____          _            __ _ _
 /\\ / ___'_ __ _ _(_)_ __  __ _ \ \ \ \
( ( )\___ | '_ | '_| | '_ \/ _` | \ \ \ \
 \\/  ___)| |_)| | | | | || (_| |  ) ) ) )
  '  |____| .__|_| |_|_| |_\__, | / / / /
 =========|_|==============|___/=/_/_/_/

 :: Spring Boot ::                (v3.3.0)

2024-08-04T11:24:52.081+03:00  INFO 9492 --- [BikeShop] [    Test worker] s.b.b.controller.ReviewControllerIT      : Starting ReviewControllerIT using Java 17.0.3.1 with PID 9492 (started by PC in D:\SOFTUNI\Final Project\BikeShop)
2024-08-04T11:24:52.082+03:00  INFO 9492 --- [BikeShop] [    Test worker] s.b.b.controller.ReviewControllerIT      : No active profile set, falling back to 1 default profile: "default"
2024-08-04T11:24:52.904+03:00  INFO 9492 --- [BikeShop] [    Test worker] .s.d.r.c.RepositoryConfigurationDelegate : Bootstrapping Spring Data JPA repositories in DEFAULT mode.
2024-08-04T11:24:52.951+03:00  INFO 9492 --- [BikeShop] [    Test worker] .s.d.r.c.RepositoryConfigurationDelegate : Finished Spring Data repository scanning in 46 ms. Found 6 JPA repository interfaces.
2024-08-04T11:24:53.429+03:00  INFO 9492 --- [BikeShop] [    Test worker] o.hibernate.jpa.internal.util.LogHelper  : HHH000204: Processing PersistenceUnitInfo [name: default]
2024-08-04T11:24:53.435+03:00  INFO 9492 --- [BikeShop] [    Test worker] o.h.c.internal.RegionFactoryInitiator    : HHH000026: Second-level cache disabled
2024-08-04T11:24:53.451+03:00  INFO 9492 --- [BikeShop] [    Test worker] o.s.o.j.p.SpringPersistenceUnitInfo      : No LoadTimeWeaver setup: ignoring JPA class transformer
2024-08-04T11:24:53.452+03:00  INFO 9492 --- [BikeShop] [    Test worker] com.zaxxer.hikari.HikariDataSource       : HikariPool-7 - Starting...
2024-08-04T11:24:53.460+03:00  INFO 9492 --- [BikeShop] [    Test worker] com.zaxxer.hikari.pool.HikariPool        : HikariPool-7 - Added connection com.mysql.cj.jdbc.ConnectionImpl@5695fad9
2024-08-04T11:24:53.460+03:00  INFO 9492 --- [BikeShop] [    Test worker] com.zaxxer.hikari.HikariDataSource       : HikariPool-7 - Start completed.
2024-08-04T11:24:53.461+03:00  WARN 9492 --- [BikeShop] [    Test worker] org.hibernate.orm.deprecation            : HHH90000025: MySQL8Dialect does not need to be specified explicitly using 'hibernate.dialect' (remove the property setting and it will be selected by default)
2024-08-04T11:24:53.461+03:00  WARN 9492 --- [BikeShop] [    Test worker] org.hibernate.orm.deprecation            : HHH90000026: MySQL8Dialect has been deprecated; use org.hibernate.dialect.MySQLDialect instead
2024-08-04T11:24:53.461+03:00 DEBUG 9492 --- [BikeShop] [    Test worker] o.h.t.d.sql.spi.DdlTypeRegistry          : addDescriptor(12, org.hibernate.type.descriptor.sql.internal.CapacityDependentDdlType@590b7982) replaced previous registration(org.hibernate.type.descriptor.sql.internal.CapacityDependentDdlType@2032cd25)
2024-08-04T11:24:53.462+03:00 DEBUG 9492 --- [BikeShop] [    Test worker] o.h.t.d.sql.spi.DdlTypeRegistry          : addDescriptor(-9, org.hibernate.type.descriptor.sql.internal.CapacityDependentDdlType@2a45c12) replaced previous registration(org.hibernate.type.descriptor.sql.internal.CapacityDependentDdlType@7b1e2dad)
2024-08-04T11:24:53.462+03:00 DEBUG 9492 --- [BikeShop] [    Test worker] o.h.t.d.sql.spi.DdlTypeRegistry          : addDescriptor(-3, org.hibernate.type.descriptor.sql.internal.CapacityDependentDdlType@79db9c25) replaced previous registration(org.hibernate.type.descriptor.sql.internal.CapacityDependentDdlType@4fb63dde)
2024-08-04T11:24:53.462+03:00 DEBUG 9492 --- [BikeShop] [    Test worker] o.h.t.d.sql.spi.DdlTypeRegistry          : addDescriptor(4003, org.hibernate.type.descriptor.sql.internal.DdlTypeImpl@6fd2acf6) replaced previous registration(org.hibernate.type.descriptor.sql.internal.DdlTypeImpl@65ab87e4)
2024-08-04T11:24:53.462+03:00 DEBUG 9492 --- [BikeShop] [    Test worker] o.h.t.d.sql.spi.DdlTypeRegistry          : addDescriptor(4001, org.hibernate.type.descriptor.sql.internal.DdlTypeImpl@40b415c0) replaced previous registration(org.hibernate.type.descriptor.sql.internal.DdlTypeImpl@3e9298c5)
2024-08-04T11:24:53.462+03:00 DEBUG 9492 --- [BikeShop] [    Test worker] o.h.t.d.sql.spi.DdlTypeRegistry          : addDescriptor(4002, org.hibernate.type.descriptor.sql.internal.DdlTypeImpl@445d26fd) replaced previous registration(org.hibernate.type.descriptor.sql.internal.DdlTypeImpl@7d700d35)
2024-08-04T11:24:53.462+03:00 DEBUG 9492 --- [BikeShop] [    Test worker] o.h.t.d.sql.spi.DdlTypeRegistry          : addDescriptor(2004, org.hibernate.type.descriptor.sql.internal.CapacityDependentDdlType@1d0a0d4e) replaced previous registration(org.hibernate.type.descriptor.sql.internal.DdlTypeImpl@3774ea9a)
2024-08-04T11:24:53.462+03:00 DEBUG 9492 --- [BikeShop] [    Test worker] o.h.t.d.sql.spi.DdlTypeRegistry          : addDescriptor(2005, org.hibernate.type.descriptor.sql.internal.CapacityDependentDdlType@1a334847) replaced previous registration(org.hibernate.type.descriptor.sql.internal.DdlTypeImpl@67d7f791)
2024-08-04T11:24:53.462+03:00 DEBUG 9492 --- [BikeShop] [    Test worker] o.h.t.d.sql.spi.DdlTypeRegistry          : addDescriptor(2011, org.hibernate.type.descriptor.sql.internal.CapacityDependentDdlType@2afaf658) replaced previous registration(org.hibernate.type.descriptor.sql.internal.DdlTypeImpl@3a4af9a7)
2024-08-04T11:24:53.462+03:00 DEBUG 9492 --- [BikeShop] [    Test worker] o.h.t.d.jdbc.spi.JdbcTypeRegistry        : addDescriptor(NCharTypeDescriptor) replaced previous registration(CharTypeDescriptor)
2024-08-04T11:24:53.463+03:00 DEBUG 9492 --- [BikeShop] [    Test worker] o.h.t.d.jdbc.spi.JdbcTypeRegistry        : addDescriptor(NVarcharTypeDescriptor) replaced previous registration(VarcharTypeDescriptor)
2024-08-04T11:24:53.463+03:00 DEBUG 9492 --- [BikeShop] [    Test worker] o.h.t.d.jdbc.spi.JdbcTypeRegistry        : addDescriptor(LongNVarcharTypeDescriptor) replaced previous registration(LongVarcharTypeDescriptor)
2024-08-04T11:24:53.463+03:00 DEBUG 9492 --- [BikeShop] [    Test worker] o.h.t.d.jdbc.spi.JdbcTypeRegistry        : addDescriptor(NClobTypeDescriptor(DEFAULT)) replaced previous registration(ClobTypeDescriptor(DEFAULT))
2024-08-04T11:24:53.463+03:00 DEBUG 9492 --- [BikeShop] [    Test worker] o.h.t.d.jdbc.spi.JdbcTypeRegistry        : addDescriptor(2005, ClobTypeDescriptor(STREAM_BINDING)) replaced previous registration(ClobTypeDescriptor(DEFAULT))
2024-08-04T11:24:53.871+03:00  INFO 9492 --- [BikeShop] [    Test worker] o.h.e.t.j.p.i.JtaPlatformInitiator       : HHH000489: No JTA platform available (set 'hibernate.transaction.jta.platform' to enable JTA platform integration)
2024-08-04T11:24:53.886+03:00 DEBUG 9492 --- [BikeShop] [    Test worker] org.hibernate.SQL                        : 
    alter table picture 
       modify column url LONGTEXT not null
2024-08-04T11:24:53.907+03:00 DEBUG 9492 --- [BikeShop] [    Test worker] org.hibernate.SQL                        : 
    alter table products 
       modify column description TEXT
2024-08-04T11:24:53.936+03:00 DEBUG 9492 --- [BikeShop] [    Test worker] org.hibernate.SQL                        : 
    alter table reviews 
       modify column content TEXT not null
2024-08-04T11:24:54.075+03:00  INFO 9492 --- [BikeShop] [    Test worker] j.LocalContainerEntityManagerFactoryBean : Initialized JPA EntityManagerFactory for persistence unit 'default'
2024-08-04T11:24:54.693+03:00  INFO 9492 --- [BikeShop] [    Test worker] r$InitializeUserDetailsManagerConfigurer : Global AuthenticationManager configured with UserDetailsService bean with name userDetailsService
2024-08-04T11:24:54.712+03:00  INFO 9492 --- [BikeShop] [    Test worker] o.s.b.a.w.s.WelcomePageHandlerMapping    : Adding welcome page template: index
2024-08-04T11:24:54.896+03:00  INFO 9492 --- [BikeShop] [    Test worker] o.s.s.web.DefaultSecurityFilterChain     : Will secure any request with [org.springframework.security.web.session.DisableEncodeUrlFilter@3ef40fce, org.springframework.security.web.context.request.async.WebAsyncManagerIntegrationFilter@632006f3, org.springframework.security.web.context.SecurityContextHolderFilter@408880cc, org.springframework.security.web.header.HeaderWriterFilter@bc21b3f, org.springframework.web.filter.CorsFilter@38fbf42c, org.springframework.security.web.csrf.CsrfFilter@3fd6b82, org.springframework.security.web.authentication.logout.LogoutFilter@6a40086a, org.springframework.security.web.authentication.UsernamePasswordAuthenticationFilter@541d4e7f, org.springframework.security.web.savedrequest.RequestCacheAwareFilter@28c14224, org.springframework.security.web.servletapi.SecurityContextHolderAwareRequestFilter@754a9dfa, org.springframework.security.web.authentication.AnonymousAuthenticationFilter@6ab2bfa, org.springframework.security.web.access.ExceptionTranslationFilter@5f305cca, org.springframework.security.web.access.intercept.AuthorizationFilter@693656c5]
2024-08-04T11:24:55.064+03:00  INFO 9492 --- [BikeShop] [    Test worker] o.s.b.t.m.w.SpringBootMockServletContext : Initializing Spring TestDispatcherServlet ''
2024-08-04T11:24:55.065+03:00  INFO 9492 --- [BikeShop] [    Test worker] o.s.t.web.servlet.TestDispatcherServlet  : Initializing Servlet ''
2024-08-04T11:24:55.065+03:00  INFO 9492 --- [BikeShop] [    Test worker] o.s.t.web.servlet.TestDispatcherServlet  : Completed initialization in 0 ms
2024-08-04T11:24:55.086+03:00  INFO 9492 --- [BikeShop] [    Test worker] s.b.b.controller.ReviewControllerIT      : Started ReviewControllerIT in 3.1 seconds (process running for 59.119)
2024-08-04T11:24:55.092+03:00 DEBUG 9492 --- [BikeShop] [    Test worker] org.hibernate.SQL                        : 
    select
        count(*) 
    from
        roles r1_0
2024-08-04T11:24:55.105+03:00 DEBUG 9492 --- [BikeShop] [    Test worker] org.hibernate.SQL                        : 
    select
        count(*) 
    from
        users u1_0
]]></system-out>
  <system-err><![CDATA[]]></system-err>
</testsuite>
