<?xml version="1.0" encoding="UTF-8"?>
<testsuite name="softuni.bg.bikeshop.controller.PartControllerIT" tests="3" skipped="0" failures="0" errors="0" timestamp="2024-08-04T13:51:14" hostname="DESKTOP-RKC5M4M" time="0.179">
  <properties/>
  <testcase name="editPartIfNotSuccessTest()" classname="softuni.bg.bikeshop.controller.PartControllerIT" time="0.087"/>
  <testcase name="editPartBindingResultHasErrorsTest()" classname="softuni.bg.bikeshop.controller.PartControllerIT" time="0.032"/>
  <testcase name="editPartTestSuccess()" classname="softuni.bg.bikeshop.controller.PartControllerIT" time="0.053"/>
  <system-out><![CDATA[2024-08-04T16:51:13.399+03:00  INFO 10228 --- [BikeShop] [    Test worker] t.c.s.AnnotationConfigContextLoaderUtils : Could not detect default configuration classes for test class [softuni.bg.bikeshop.controller.PartControllerIT]: PartControllerIT does not declare any static, non-private, non-final, nested classes annotated with @Configuration.
2024-08-04T16:51:13.405+03:00  INFO 10228 --- [BikeShop] [    Test worker] .b.t.c.SpringBootTestContextBootstrapper : Found @SpringBootConfiguration softuni.bg.bikeshop.BikeShopApplication for test class softuni.bg.bikeshop.controller.PartControllerIT
2024-08-04T16:51:13.410+03:00  INFO 10228 --- [BikeShop] [    Test worker] o.s.b.d.r.RestartApplicationListener     : Restart disabled due to context in which it is running
  .   ____          _            __ _ _
 /\\ / ___'_ __ _ _(_)_ __  __ _ \ \ \ \
( ( )\___ | '_ | '_| | '_ \/ _` | \ \ \ \
 \\/  ___)| |_)| | | | | || (_| |  ) ) ) )
  '  |____| .__|_| |_|_| |_\__, | / / / /
 =========|_|==============|___/=/_/_/_/

 :: Spring Boot ::                (v3.3.0)

2024-08-04T16:51:13.441+03:00  INFO 10228 --- [BikeShop] [    Test worker] s.b.b.controller.PartControllerIT        : Starting PartControllerIT using Java 17.0.3.1 with PID 10228 (started by PC in D:\SOFTUNI\Final Project\BikeShop)
2024-08-04T16:51:13.441+03:00  INFO 10228 --- [BikeShop] [    Test worker] s.b.b.controller.PartControllerIT        : No active profile set, falling back to 1 default profile: "default"
2024-08-04T16:51:13.688+03:00  INFO 10228 --- [BikeShop] [    Test worker] .s.d.r.c.RepositoryConfigurationDelegate : Bootstrapping Spring Data JPA repositories in DEFAULT mode.
2024-08-04T16:51:13.723+03:00  INFO 10228 --- [BikeShop] [    Test worker] .s.d.r.c.RepositoryConfigurationDelegate : Finished Spring Data repository scanning in 34 ms. Found 6 JPA repository interfaces.
2024-08-04T16:51:13.865+03:00  INFO 10228 --- [BikeShop] [    Test worker] o.hibernate.jpa.internal.util.LogHelper  : HHH000204: Processing PersistenceUnitInfo [name: default]
2024-08-04T16:51:13.871+03:00  INFO 10228 --- [BikeShop] [    Test worker] o.h.c.internal.RegionFactoryInitiator    : HHH000026: Second-level cache disabled
2024-08-04T16:51:13.889+03:00  INFO 10228 --- [BikeShop] [    Test worker] o.s.o.j.p.SpringPersistenceUnitInfo      : No LoadTimeWeaver setup: ignoring JPA class transformer
2024-08-04T16:51:13.891+03:00  INFO 10228 --- [BikeShop] [    Test worker] com.zaxxer.hikari.HikariDataSource       : HikariPool-5 - Starting...
2024-08-04T16:51:13.896+03:00  INFO 10228 --- [BikeShop] [    Test worker] com.zaxxer.hikari.pool.HikariPool        : HikariPool-5 - Added connection com.mysql.cj.jdbc.ConnectionImpl@79f12c07
2024-08-04T16:51:13.897+03:00  INFO 10228 --- [BikeShop] [    Test worker] com.zaxxer.hikari.HikariDataSource       : HikariPool-5 - Start completed.
2024-08-04T16:51:13.897+03:00  WARN 10228 --- [BikeShop] [    Test worker] org.hibernate.orm.deprecation            : HHH90000025: MySQL8Dialect does not need to be specified explicitly using 'hibernate.dialect' (remove the property setting and it will be selected by default)
2024-08-04T16:51:13.897+03:00  WARN 10228 --- [BikeShop] [    Test worker] org.hibernate.orm.deprecation            : HHH90000026: MySQL8Dialect has been deprecated; use org.hibernate.dialect.MySQLDialect instead
2024-08-04T16:51:13.898+03:00 DEBUG 10228 --- [BikeShop] [    Test worker] o.h.t.d.sql.spi.DdlTypeRegistry          : addDescriptor(12, org.hibernate.type.descriptor.sql.internal.CapacityDependentDdlType@48cfefdb) replaced previous registration(org.hibernate.type.descriptor.sql.internal.CapacityDependentDdlType@1bfe4385)
2024-08-04T16:51:13.898+03:00 DEBUG 10228 --- [BikeShop] [    Test worker] o.h.t.d.sql.spi.DdlTypeRegistry          : addDescriptor(-9, org.hibernate.type.descriptor.sql.internal.CapacityDependentDdlType@721a22c) replaced previous registration(org.hibernate.type.descriptor.sql.internal.CapacityDependentDdlType@77c037db)
2024-08-04T16:51:13.899+03:00 DEBUG 10228 --- [BikeShop] [    Test worker] o.h.t.d.sql.spi.DdlTypeRegistry          : addDescriptor(-3, org.hibernate.type.descriptor.sql.internal.CapacityDependentDdlType@40c6afcf) replaced previous registration(org.hibernate.type.descriptor.sql.internal.CapacityDependentDdlType@294d2e39)
2024-08-04T16:51:13.899+03:00 DEBUG 10228 --- [BikeShop] [    Test worker] o.h.t.d.sql.spi.DdlTypeRegistry          : addDescriptor(4003, org.hibernate.type.descriptor.sql.internal.DdlTypeImpl@23f7d9fe) replaced previous registration(org.hibernate.type.descriptor.sql.internal.DdlTypeImpl@557f5cb4)
2024-08-04T16:51:13.899+03:00 DEBUG 10228 --- [BikeShop] [    Test worker] o.h.t.d.sql.spi.DdlTypeRegistry          : addDescriptor(4001, org.hibernate.type.descriptor.sql.internal.DdlTypeImpl@20b23903) replaced previous registration(org.hibernate.type.descriptor.sql.internal.DdlTypeImpl@60cee7ca)
2024-08-04T16:51:13.899+03:00 DEBUG 10228 --- [BikeShop] [    Test worker] o.h.t.d.sql.spi.DdlTypeRegistry          : addDescriptor(4002, org.hibernate.type.descriptor.sql.internal.DdlTypeImpl@7debfa04) replaced previous registration(org.hibernate.type.descriptor.sql.internal.DdlTypeImpl@52de93f1)
2024-08-04T16:51:13.899+03:00 DEBUG 10228 --- [BikeShop] [    Test worker] o.h.t.d.sql.spi.DdlTypeRegistry          : addDescriptor(2004, org.hibernate.type.descriptor.sql.internal.CapacityDependentDdlType@6315d288) replaced previous registration(org.hibernate.type.descriptor.sql.internal.DdlTypeImpl@74f29997)
2024-08-04T16:51:13.899+03:00 DEBUG 10228 --- [BikeShop] [    Test worker] o.h.t.d.sql.spi.DdlTypeRegistry          : addDescriptor(2005, org.hibernate.type.descriptor.sql.internal.CapacityDependentDdlType@56eb76d7) replaced previous registration(org.hibernate.type.descriptor.sql.internal.DdlTypeImpl@708c26e0)
2024-08-04T16:51:13.900+03:00 DEBUG 10228 --- [BikeShop] [    Test worker] o.h.t.d.sql.spi.DdlTypeRegistry          : addDescriptor(2011, org.hibernate.type.descriptor.sql.internal.CapacityDependentDdlType@3dc03beb) replaced previous registration(org.hibernate.type.descriptor.sql.internal.DdlTypeImpl@5d1e33e5)
2024-08-04T16:51:13.900+03:00 DEBUG 10228 --- [BikeShop] [    Test worker] o.h.t.d.jdbc.spi.JdbcTypeRegistry        : addDescriptor(NCharTypeDescriptor) replaced previous registration(CharTypeDescriptor)
2024-08-04T16:51:13.900+03:00 DEBUG 10228 --- [BikeShop] [    Test worker] o.h.t.d.jdbc.spi.JdbcTypeRegistry        : addDescriptor(NVarcharTypeDescriptor) replaced previous registration(VarcharTypeDescriptor)
2024-08-04T16:51:13.900+03:00 DEBUG 10228 --- [BikeShop] [    Test worker] o.h.t.d.jdbc.spi.JdbcTypeRegistry        : addDescriptor(LongNVarcharTypeDescriptor) replaced previous registration(LongVarcharTypeDescriptor)
2024-08-04T16:51:13.900+03:00 DEBUG 10228 --- [BikeShop] [    Test worker] o.h.t.d.jdbc.spi.JdbcTypeRegistry        : addDescriptor(NClobTypeDescriptor(DEFAULT)) replaced previous registration(ClobTypeDescriptor(DEFAULT))
2024-08-04T16:51:13.900+03:00 DEBUG 10228 --- [BikeShop] [    Test worker] o.h.t.d.jdbc.spi.JdbcTypeRegistry        : addDescriptor(2005, ClobTypeDescriptor(STREAM_BINDING)) replaced previous registration(ClobTypeDescriptor(DEFAULT))
2024-08-04T16:51:14.079+03:00  INFO 10228 --- [BikeShop] [    Test worker] o.h.e.t.j.p.i.JtaPlatformInitiator       : HHH000489: No JTA platform available (set 'hibernate.transaction.jta.platform' to enable JTA platform integration)
2024-08-04T16:51:14.090+03:00 DEBUG 10228 --- [BikeShop] [    Test worker] org.hibernate.SQL                        : 
    alter table picture 
       modify column url LONGTEXT not null
2024-08-04T16:51:14.107+03:00 DEBUG 10228 --- [BikeShop] [    Test worker] org.hibernate.SQL                        : 
    alter table products 
       modify column description TEXT
2024-08-04T16:51:14.133+03:00 DEBUG 10228 --- [BikeShop] [    Test worker] org.hibernate.SQL                        : 
    alter table reviews 
       modify column content TEXT not null
2024-08-04T16:51:14.264+03:00  INFO 10228 --- [BikeShop] [    Test worker] j.LocalContainerEntityManagerFactoryBean : Initialized JPA EntityManagerFactory for persistence unit 'default'
2024-08-04T16:51:14.375+03:00  INFO 10228 --- [BikeShop] [    Test worker] r$InitializeUserDetailsManagerConfigurer : Global AuthenticationManager configured with UserDetailsService bean with name userDetailsService
2024-08-04T16:51:14.384+03:00  INFO 10228 --- [BikeShop] [    Test worker] o.s.b.a.w.s.WelcomePageHandlerMapping    : Adding welcome page template: index
2024-08-04T16:51:14.445+03:00  INFO 10228 --- [BikeShop] [    Test worker] o.s.s.web.DefaultSecurityFilterChain     : Will secure any request with [org.springframework.security.web.session.DisableEncodeUrlFilter@4098b2ec, org.springframework.security.web.context.request.async.WebAsyncManagerIntegrationFilter@39bcac46, org.springframework.security.web.context.SecurityContextHolderFilter@7a15778d, org.springframework.security.web.header.HeaderWriterFilter@3964443f, org.springframework.web.filter.CorsFilter@3a7f08c0, org.springframework.security.web.csrf.CsrfFilter@23927f47, org.springframework.security.web.authentication.logout.LogoutFilter@4bd18e68, org.springframework.security.web.authentication.UsernamePasswordAuthenticationFilter@7fddeb5, org.springframework.security.web.savedrequest.RequestCacheAwareFilter@4acd47cf, org.springframework.security.web.servletapi.SecurityContextHolderAwareRequestFilter@1f7d202, org.springframework.security.web.authentication.AnonymousAuthenticationFilter@539e714c, org.springframework.security.web.access.ExceptionTranslationFilter@3edea5f9, org.springframework.security.web.access.intercept.AuthorizationFilter@545ae342]
2024-08-04T16:51:14.517+03:00  INFO 10228 --- [BikeShop] [    Test worker] o.s.b.t.m.w.SpringBootMockServletContext : Initializing Spring TestDispatcherServlet ''
2024-08-04T16:51:14.517+03:00  INFO 10228 --- [BikeShop] [    Test worker] o.s.t.web.servlet.TestDispatcherServlet  : Initializing Servlet ''
2024-08-04T16:51:14.518+03:00  INFO 10228 --- [BikeShop] [    Test worker] o.s.t.web.servlet.TestDispatcherServlet  : Completed initialization in 1 ms
2024-08-04T16:51:14.525+03:00  INFO 10228 --- [BikeShop] [    Test worker] s.b.b.controller.PartControllerIT        : Started PartControllerIT in 1.115 seconds (process running for 25.797)
2024-08-04T16:51:14.529+03:00 DEBUG 10228 --- [BikeShop] [    Test worker] org.hibernate.SQL                        : 
    select
        count(*) 
    from
        roles r1_0
2024-08-04T16:51:14.536+03:00 DEBUG 10228 --- [BikeShop] [    Test worker] org.hibernate.SQL                        : 
    select
        count(*) 
    from
        users u1_0
]]></system-out>
  <system-err><![CDATA[]]></system-err>
</testsuite>
