<?xml version="1.0" encoding="UTF-8"?>
<testsuite name="softuni.bg.bikeshop.controller.UserControllerIT" tests="3" skipped="0" failures="0" errors="0" timestamp="2024-07-27T12:19:42" hostname="DESKTOP-RKC5M4M" time="0.084">
  <properties/>
  <testcase name="editUsernameWithSuccessTest()" classname="softuni.bg.bikeshop.controller.UserControllerIT" time="0.021"/>
  <testcase name="viewUserProfilePage()" classname="softuni.bg.bikeshop.controller.UserControllerIT" time="0.047"/>
  <testcase name="editUsernameWithFailureTest()" classname="softuni.bg.bikeshop.controller.UserControllerIT" time="0.01"/>
  <system-out><![CDATA[2024-07-27T15:19:41.084+03:00  INFO 10260 --- [BikeShop] [    Test worker] t.c.s.AnnotationConfigContextLoaderUtils : Could not detect default configuration classes for test class [softuni.bg.bikeshop.controller.UserControllerIT]: UserControllerIT does not declare any static, non-private, non-final, nested classes annotated with @Configuration.
2024-07-27T15:19:41.086+03:00  INFO 10260 --- [BikeShop] [    Test worker] .b.t.c.SpringBootTestContextBootstrapper : Found @SpringBootConfiguration softuni.bg.bikeshop.BikeShopApplication for test class softuni.bg.bikeshop.controller.UserControllerIT
2024-07-27T15:19:41.092+03:00  INFO 10260 --- [BikeShop] [    Test worker] o.s.b.d.r.RestartApplicationListener     : Restart disabled due to context in which it is running
  .   ____          _            __ _ _
 /\\ / ___'_ __ _ _(_)_ __  __ _ \ \ \ \
( ( )\___ | '_ | '_| | '_ \/ _` | \ \ \ \
 \\/  ___)| |_)| | | | | || (_| |  ) ) ) )
  '  |____| .__|_| |_|_| |_\__, | / / / /
 =========|_|==============|___/=/_/_/_/

 :: Spring Boot ::                (v3.3.0)

2024-07-27T15:19:41.121+03:00  INFO 10260 --- [BikeShop] [    Test worker] s.b.b.controller.UserControllerIT        : Starting UserControllerIT using Java 17.0.3.1 with PID 10260 (started by PC in D:\SOFTUNI\Final Project\BikeShop)
2024-07-27T15:19:41.121+03:00  INFO 10260 --- [BikeShop] [    Test worker] s.b.b.controller.UserControllerIT        : No active profile set, falling back to 1 default profile: "default"
2024-07-27T15:19:41.332+03:00  INFO 10260 --- [BikeShop] [    Test worker] .s.d.r.c.RepositoryConfigurationDelegate : Bootstrapping Spring Data JPA repositories in DEFAULT mode.
2024-07-27T15:19:41.356+03:00  INFO 10260 --- [BikeShop] [    Test worker] .s.d.r.c.RepositoryConfigurationDelegate : Finished Spring Data repository scanning in 23 ms. Found 6 JPA repository interfaces.
2024-07-27T15:19:41.441+03:00  INFO 10260 --- [BikeShop] [    Test worker] o.hibernate.jpa.internal.util.LogHelper  : HHH000204: Processing PersistenceUnitInfo [name: default]
2024-07-27T15:19:41.447+03:00  INFO 10260 --- [BikeShop] [    Test worker] o.h.c.internal.RegionFactoryInitiator    : HHH000026: Second-level cache disabled
2024-07-27T15:19:41.460+03:00  INFO 10260 --- [BikeShop] [    Test worker] o.s.o.j.p.SpringPersistenceUnitInfo      : No LoadTimeWeaver setup: ignoring JPA class transformer
2024-07-27T15:19:41.461+03:00  INFO 10260 --- [BikeShop] [    Test worker] com.zaxxer.hikari.HikariDataSource       : HikariPool-9 - Starting...
2024-07-27T15:19:41.468+03:00  INFO 10260 --- [BikeShop] [    Test worker] com.zaxxer.hikari.pool.HikariPool        : HikariPool-9 - Added connection com.mysql.cj.jdbc.ConnectionImpl@77c6524d
2024-07-27T15:19:41.468+03:00  INFO 10260 --- [BikeShop] [    Test worker] com.zaxxer.hikari.HikariDataSource       : HikariPool-9 - Start completed.
2024-07-27T15:19:41.468+03:00  WARN 10260 --- [BikeShop] [    Test worker] org.hibernate.orm.deprecation            : HHH90000025: MySQL8Dialect does not need to be specified explicitly using 'hibernate.dialect' (remove the property setting and it will be selected by default)
2024-07-27T15:19:41.468+03:00  WARN 10260 --- [BikeShop] [    Test worker] org.hibernate.orm.deprecation            : HHH90000026: MySQL8Dialect has been deprecated; use org.hibernate.dialect.MySQLDialect instead
2024-07-27T15:19:41.469+03:00 DEBUG 10260 --- [BikeShop] [    Test worker] o.h.t.d.sql.spi.DdlTypeRegistry          : addDescriptor(12, org.hibernate.type.descriptor.sql.internal.CapacityDependentDdlType@347a3c36) replaced previous registration(org.hibernate.type.descriptor.sql.internal.CapacityDependentDdlType@1e852547)
2024-07-27T15:19:41.469+03:00 DEBUG 10260 --- [BikeShop] [    Test worker] o.h.t.d.sql.spi.DdlTypeRegistry          : addDescriptor(-9, org.hibernate.type.descriptor.sql.internal.CapacityDependentDdlType@47415904) replaced previous registration(org.hibernate.type.descriptor.sql.internal.CapacityDependentDdlType@2503f9b)
2024-07-27T15:19:41.469+03:00 DEBUG 10260 --- [BikeShop] [    Test worker] o.h.t.d.sql.spi.DdlTypeRegistry          : addDescriptor(-3, org.hibernate.type.descriptor.sql.internal.CapacityDependentDdlType@672e286b) replaced previous registration(org.hibernate.type.descriptor.sql.internal.CapacityDependentDdlType@50b686d4)
2024-07-27T15:19:41.470+03:00 DEBUG 10260 --- [BikeShop] [    Test worker] o.h.t.d.sql.spi.DdlTypeRegistry          : addDescriptor(4003, org.hibernate.type.descriptor.sql.internal.DdlTypeImpl@1d726cbf) replaced previous registration(org.hibernate.type.descriptor.sql.internal.DdlTypeImpl@1e5d346d)
2024-07-27T15:19:41.470+03:00 DEBUG 10260 --- [BikeShop] [    Test worker] o.h.t.d.sql.spi.DdlTypeRegistry          : addDescriptor(4001, org.hibernate.type.descriptor.sql.internal.DdlTypeImpl@8a62abd) replaced previous registration(org.hibernate.type.descriptor.sql.internal.DdlTypeImpl@6c429d5b)
2024-07-27T15:19:41.470+03:00 DEBUG 10260 --- [BikeShop] [    Test worker] o.h.t.d.sql.spi.DdlTypeRegistry          : addDescriptor(4002, org.hibernate.type.descriptor.sql.internal.DdlTypeImpl@625b03f8) replaced previous registration(org.hibernate.type.descriptor.sql.internal.DdlTypeImpl@1552bd82)
2024-07-27T15:19:41.470+03:00 DEBUG 10260 --- [BikeShop] [    Test worker] o.h.t.d.sql.spi.DdlTypeRegistry          : addDescriptor(2004, org.hibernate.type.descriptor.sql.internal.CapacityDependentDdlType@2c188e57) replaced previous registration(org.hibernate.type.descriptor.sql.internal.DdlTypeImpl@544876ca)
2024-07-27T15:19:41.470+03:00 DEBUG 10260 --- [BikeShop] [    Test worker] o.h.t.d.sql.spi.DdlTypeRegistry          : addDescriptor(2005, org.hibernate.type.descriptor.sql.internal.CapacityDependentDdlType@6e36fb78) replaced previous registration(org.hibernate.type.descriptor.sql.internal.DdlTypeImpl@6e08e591)
2024-07-27T15:19:41.470+03:00 DEBUG 10260 --- [BikeShop] [    Test worker] o.h.t.d.sql.spi.DdlTypeRegistry          : addDescriptor(2011, org.hibernate.type.descriptor.sql.internal.CapacityDependentDdlType@60aa431) replaced previous registration(org.hibernate.type.descriptor.sql.internal.DdlTypeImpl@11e36c1c)
2024-07-27T15:19:41.470+03:00 DEBUG 10260 --- [BikeShop] [    Test worker] o.h.t.d.jdbc.spi.JdbcTypeRegistry        : addDescriptor(NCharTypeDescriptor) replaced previous registration(CharTypeDescriptor)
2024-07-27T15:19:41.470+03:00 DEBUG 10260 --- [BikeShop] [    Test worker] o.h.t.d.jdbc.spi.JdbcTypeRegistry        : addDescriptor(NVarcharTypeDescriptor) replaced previous registration(VarcharTypeDescriptor)
2024-07-27T15:19:41.470+03:00 DEBUG 10260 --- [BikeShop] [    Test worker] o.h.t.d.jdbc.spi.JdbcTypeRegistry        : addDescriptor(LongNVarcharTypeDescriptor) replaced previous registration(LongVarcharTypeDescriptor)
2024-07-27T15:19:41.470+03:00 DEBUG 10260 --- [BikeShop] [    Test worker] o.h.t.d.jdbc.spi.JdbcTypeRegistry        : addDescriptor(NClobTypeDescriptor(DEFAULT)) replaced previous registration(ClobTypeDescriptor(DEFAULT))
2024-07-27T15:19:41.471+03:00 DEBUG 10260 --- [BikeShop] [    Test worker] o.h.t.d.jdbc.spi.JdbcTypeRegistry        : addDescriptor(2005, ClobTypeDescriptor(STREAM_BINDING)) replaced previous registration(ClobTypeDescriptor(DEFAULT))
2024-07-27T15:19:41.758+03:00  INFO 10260 --- [BikeShop] [    Test worker] o.h.e.t.j.p.i.JtaPlatformInitiator       : HHH000489: No JTA platform available (set 'hibernate.transaction.jta.platform' to enable JTA platform integration)
2024-07-27T15:19:41.773+03:00 DEBUG 10260 --- [BikeShop] [    Test worker] org.hibernate.SQL                        : 
    alter table picture 
       modify column url LONGTEXT not null
2024-07-27T15:19:41.798+03:00 DEBUG 10260 --- [BikeShop] [    Test worker] org.hibernate.SQL                        : 
    alter table products 
       modify column description TEXT
2024-07-27T15:19:41.866+03:00 DEBUG 10260 --- [BikeShop] [    Test worker] org.hibernate.SQL                        : 
    alter table reviews 
       modify column content TEXT not null
2024-07-27T15:19:42.074+03:00  INFO 10260 --- [BikeShop] [    Test worker] j.LocalContainerEntityManagerFactoryBean : Initialized JPA EntityManagerFactory for persistence unit 'default'
2024-07-27T15:19:42.300+03:00  INFO 10260 --- [BikeShop] [    Test worker] r$InitializeUserDetailsManagerConfigurer : Global AuthenticationManager configured with UserDetailsService bean with name userDetailsService
2024-07-27T15:19:42.313+03:00  INFO 10260 --- [BikeShop] [    Test worker] o.s.b.a.w.s.WelcomePageHandlerMapping    : Adding welcome page template: index
2024-07-27T15:19:42.387+03:00  INFO 10260 --- [BikeShop] [    Test worker] o.s.s.web.DefaultSecurityFilterChain     : Will secure any request with [org.springframework.security.web.session.DisableEncodeUrlFilter@cf2f830, org.springframework.security.web.context.request.async.WebAsyncManagerIntegrationFilter@7e5af44a, org.springframework.security.web.context.SecurityContextHolderFilter@130b3ad7, org.springframework.security.web.header.HeaderWriterFilter@3cb7e27c, org.springframework.web.filter.CorsFilter@5d091efa, org.springframework.security.web.csrf.CsrfFilter@6f677e4d, org.springframework.security.web.authentication.logout.LogoutFilter@7e2416d9, org.springframework.security.web.authentication.UsernamePasswordAuthenticationFilter@523eae70, org.springframework.security.web.savedrequest.RequestCacheAwareFilter@47cabbed, org.springframework.security.web.servletapi.SecurityContextHolderAwareRequestFilter@3794ff96, org.springframework.security.web.authentication.AnonymousAuthenticationFilter@7a637605, org.springframework.security.web.access.ExceptionTranslationFilter@1fbde260, org.springframework.security.web.access.intercept.AuthorizationFilter@7c5bf57e]
2024-07-27T15:19:42.490+03:00  INFO 10260 --- [BikeShop] [    Test worker] o.s.b.t.m.w.SpringBootMockServletContext : Initializing Spring TestDispatcherServlet ''
2024-07-27T15:19:42.490+03:00  INFO 10260 --- [BikeShop] [    Test worker] o.s.t.web.servlet.TestDispatcherServlet  : Initializing Servlet ''
2024-07-27T15:19:42.491+03:00  INFO 10260 --- [BikeShop] [    Test worker] o.s.t.web.servlet.TestDispatcherServlet  : Completed initialization in 0 ms
2024-07-27T15:19:42.500+03:00  INFO 10260 --- [BikeShop] [    Test worker] s.b.b.controller.UserControllerIT        : Started UserControllerIT in 1.409 seconds (process running for 34.766)
2024-07-27T15:19:42.506+03:00 DEBUG 10260 --- [BikeShop] [    Test worker] org.hibernate.SQL                        : 
    select
        count(*) 
    from
        roles r1_0
]]></system-out>
  <system-err><![CDATA[]]></system-err>
</testsuite>
