<?xml version="1.0" encoding="UTF-8"?>
<testsuite name="softuni.bg.bikeshop.controller.HomeControllerIT" tests="2" skipped="0" failures="0" errors="0" timestamp="2024-08-04T08:24:43" hostname="DESKTOP-RKC5M4M" time="0.109">
  <properties/>
  <testcase name="getIndexPage()" classname="softuni.bg.bikeshop.controller.HomeControllerIT" time="0.057"/>
  <testcase name="getAboutUs()" classname="softuni.bg.bikeshop.controller.HomeControllerIT" time="0.051"/>
  <system-out><![CDATA[2024-08-04T11:24:41.870+03:00  INFO 9492 --- [BikeShop] [    Test worker] t.c.s.AnnotationConfigContextLoaderUtils : Could not detect default configuration classes for test class [softuni.bg.bikeshop.controller.HomeControllerIT]: HomeControllerIT does not declare any static, non-private, non-final, nested classes annotated with @Configuration.
2024-08-04T11:24:41.873+03:00  INFO 9492 --- [BikeShop] [    Test worker] .b.t.c.SpringBootTestContextBootstrapper : Found @SpringBootConfiguration softuni.bg.bikeshop.BikeShopApplication for test class softuni.bg.bikeshop.controller.HomeControllerIT
2024-08-04T11:24:41.878+03:00  INFO 9492 --- [BikeShop] [    Test worker] o.s.b.d.r.RestartApplicationListener     : Restart disabled due to context in which it is running
  .   ____          _            __ _ _
 /\\ / ___'_ __ _ _(_)_ __  __ _ \ \ \ \
( ( )\___ | '_ | '_| | '_ \/ _` | \ \ \ \
 \\/  ___)| |_)| | | | | || (_| |  ) ) ) )
  '  |____| .__|_| |_|_| |_\__, | / / / /
 =========|_|==============|___/=/_/_/_/

 :: Spring Boot ::                (v3.3.0)

2024-08-04T11:24:41.935+03:00  INFO 9492 --- [BikeShop] [    Test worker] s.b.b.controller.HomeControllerIT        : Starting HomeControllerIT using Java 17.0.3.1 with PID 9492 (started by PC in D:\SOFTUNI\Final Project\BikeShop)
2024-08-04T11:24:41.935+03:00  INFO 9492 --- [BikeShop] [    Test worker] s.b.b.controller.HomeControllerIT        : No active profile set, falling back to 1 default profile: "default"
2024-08-04T11:24:42.262+03:00  INFO 9492 --- [BikeShop] [    Test worker] .s.d.r.c.RepositoryConfigurationDelegate : Bootstrapping Spring Data JPA repositories in DEFAULT mode.
2024-08-04T11:24:42.447+03:00  INFO 9492 --- [BikeShop] [    Test worker] .s.d.r.c.RepositoryConfigurationDelegate : Finished Spring Data repository scanning in 185 ms. Found 6 JPA repository interfaces.
2024-08-04T11:24:42.650+03:00  INFO 9492 --- [BikeShop] [    Test worker] o.hibernate.jpa.internal.util.LogHelper  : HHH000204: Processing PersistenceUnitInfo [name: default]
2024-08-04T11:24:42.656+03:00  INFO 9492 --- [BikeShop] [    Test worker] o.h.c.internal.RegionFactoryInitiator    : HHH000026: Second-level cache disabled
2024-08-04T11:24:42.672+03:00  INFO 9492 --- [BikeShop] [    Test worker] o.s.o.j.p.SpringPersistenceUnitInfo      : No LoadTimeWeaver setup: ignoring JPA class transformer
2024-08-04T11:24:42.677+03:00  INFO 9492 --- [BikeShop] [    Test worker] com.zaxxer.hikari.HikariDataSource       : HikariPool-4 - Starting...
2024-08-04T11:24:42.697+03:00  INFO 9492 --- [BikeShop] [    Test worker] com.zaxxer.hikari.pool.HikariPool        : HikariPool-4 - Added connection com.mysql.cj.jdbc.ConnectionImpl@36b085da
2024-08-04T11:24:42.698+03:00  INFO 9492 --- [BikeShop] [    Test worker] com.zaxxer.hikari.HikariDataSource       : HikariPool-4 - Start completed.
2024-08-04T11:24:42.698+03:00  WARN 9492 --- [BikeShop] [    Test worker] org.hibernate.orm.deprecation            : HHH90000025: MySQL8Dialect does not need to be specified explicitly using 'hibernate.dialect' (remove the property setting and it will be selected by default)
2024-08-04T11:24:42.698+03:00  WARN 9492 --- [BikeShop] [    Test worker] org.hibernate.orm.deprecation            : HHH90000026: MySQL8Dialect has been deprecated; use org.hibernate.dialect.MySQLDialect instead
2024-08-04T11:24:42.700+03:00 DEBUG 9492 --- [BikeShop] [    Test worker] o.h.t.d.sql.spi.DdlTypeRegistry          : addDescriptor(12, org.hibernate.type.descriptor.sql.internal.CapacityDependentDdlType@66adb24) replaced previous registration(org.hibernate.type.descriptor.sql.internal.CapacityDependentDdlType@2aeef1ca)
2024-08-04T11:24:42.700+03:00 DEBUG 9492 --- [BikeShop] [    Test worker] o.h.t.d.sql.spi.DdlTypeRegistry          : addDescriptor(-9, org.hibernate.type.descriptor.sql.internal.CapacityDependentDdlType@27d8008a) replaced previous registration(org.hibernate.type.descriptor.sql.internal.CapacityDependentDdlType@15f4dffe)
2024-08-04T11:24:42.700+03:00 DEBUG 9492 --- [BikeShop] [    Test worker] o.h.t.d.sql.spi.DdlTypeRegistry          : addDescriptor(-3, org.hibernate.type.descriptor.sql.internal.CapacityDependentDdlType@4517959f) replaced previous registration(org.hibernate.type.descriptor.sql.internal.CapacityDependentDdlType@182a5c56)
2024-08-04T11:24:42.700+03:00 DEBUG 9492 --- [BikeShop] [    Test worker] o.h.t.d.sql.spi.DdlTypeRegistry          : addDescriptor(4003, org.hibernate.type.descriptor.sql.internal.DdlTypeImpl@7f91d389) replaced previous registration(org.hibernate.type.descriptor.sql.internal.DdlTypeImpl@4c29f8aa)
2024-08-04T11:24:42.700+03:00 DEBUG 9492 --- [BikeShop] [    Test worker] o.h.t.d.sql.spi.DdlTypeRegistry          : addDescriptor(4001, org.hibernate.type.descriptor.sql.internal.DdlTypeImpl@356b37dd) replaced previous registration(org.hibernate.type.descriptor.sql.internal.DdlTypeImpl@7fe915ca)
2024-08-04T11:24:42.700+03:00 DEBUG 9492 --- [BikeShop] [    Test worker] o.h.t.d.sql.spi.DdlTypeRegistry          : addDescriptor(4002, org.hibernate.type.descriptor.sql.internal.DdlTypeImpl@e158c25) replaced previous registration(org.hibernate.type.descriptor.sql.internal.DdlTypeImpl@d7ad9e5)
2024-08-04T11:24:42.701+03:00 DEBUG 9492 --- [BikeShop] [    Test worker] o.h.t.d.sql.spi.DdlTypeRegistry          : addDescriptor(2004, org.hibernate.type.descriptor.sql.internal.CapacityDependentDdlType@61c3d248) replaced previous registration(org.hibernate.type.descriptor.sql.internal.DdlTypeImpl@56b3dcff)
2024-08-04T11:24:42.701+03:00 DEBUG 9492 --- [BikeShop] [    Test worker] o.h.t.d.sql.spi.DdlTypeRegistry          : addDescriptor(2005, org.hibernate.type.descriptor.sql.internal.CapacityDependentDdlType@74e506a8) replaced previous registration(org.hibernate.type.descriptor.sql.internal.DdlTypeImpl@2f8b4c20)
2024-08-04T11:24:42.701+03:00 DEBUG 9492 --- [BikeShop] [    Test worker] o.h.t.d.sql.spi.DdlTypeRegistry          : addDescriptor(2011, org.hibernate.type.descriptor.sql.internal.CapacityDependentDdlType@50a59a0b) replaced previous registration(org.hibernate.type.descriptor.sql.internal.DdlTypeImpl@1839f0c4)
2024-08-04T11:24:42.701+03:00 DEBUG 9492 --- [BikeShop] [    Test worker] o.h.t.d.jdbc.spi.JdbcTypeRegistry        : addDescriptor(NCharTypeDescriptor) replaced previous registration(CharTypeDescriptor)
2024-08-04T11:24:42.701+03:00 DEBUG 9492 --- [BikeShop] [    Test worker] o.h.t.d.jdbc.spi.JdbcTypeRegistry        : addDescriptor(NVarcharTypeDescriptor) replaced previous registration(VarcharTypeDescriptor)
2024-08-04T11:24:42.701+03:00 DEBUG 9492 --- [BikeShop] [    Test worker] o.h.t.d.jdbc.spi.JdbcTypeRegistry        : addDescriptor(LongNVarcharTypeDescriptor) replaced previous registration(LongVarcharTypeDescriptor)
2024-08-04T11:24:42.701+03:00 DEBUG 9492 --- [BikeShop] [    Test worker] o.h.t.d.jdbc.spi.JdbcTypeRegistry        : addDescriptor(NClobTypeDescriptor(DEFAULT)) replaced previous registration(ClobTypeDescriptor(DEFAULT))
2024-08-04T11:24:42.701+03:00 DEBUG 9492 --- [BikeShop] [    Test worker] o.h.t.d.jdbc.spi.JdbcTypeRegistry        : addDescriptor(2005, ClobTypeDescriptor(STREAM_BINDING)) replaced previous registration(ClobTypeDescriptor(DEFAULT))
2024-08-04T11:24:43.270+03:00  INFO 9492 --- [BikeShop] [    Test worker] o.h.e.t.j.p.i.JtaPlatformInitiator       : HHH000489: No JTA platform available (set 'hibernate.transaction.jta.platform' to enable JTA platform integration)
2024-08-04T11:24:43.283+03:00 DEBUG 9492 --- [BikeShop] [    Test worker] org.hibernate.SQL                        : 
    alter table picture 
       modify column url LONGTEXT not null
2024-08-04T11:24:43.299+03:00 DEBUG 9492 --- [BikeShop] [    Test worker] org.hibernate.SQL                        : 
    alter table products 
       modify column description TEXT
2024-08-04T11:24:43.335+03:00 DEBUG 9492 --- [BikeShop] [    Test worker] org.hibernate.SQL                        : 
    alter table reviews 
       modify column content TEXT not null
2024-08-04T11:24:43.456+03:00  INFO 9492 --- [BikeShop] [    Test worker] j.LocalContainerEntityManagerFactoryBean : Initialized JPA EntityManagerFactory for persistence unit 'default'
2024-08-04T11:24:43.589+03:00  INFO 9492 --- [BikeShop] [    Test worker] r$InitializeUserDetailsManagerConfigurer : Global AuthenticationManager configured with UserDetailsService bean with name userDetailsService
2024-08-04T11:24:43.602+03:00  INFO 9492 --- [BikeShop] [    Test worker] o.s.b.a.w.s.WelcomePageHandlerMapping    : Adding welcome page template: index
2024-08-04T11:24:43.728+03:00  INFO 9492 --- [BikeShop] [    Test worker] o.s.s.web.DefaultSecurityFilterChain     : Will secure any request with [org.springframework.security.web.session.DisableEncodeUrlFilter@59f3c17e, org.springframework.security.web.context.request.async.WebAsyncManagerIntegrationFilter@79c1301b, org.springframework.security.web.context.SecurityContextHolderFilter@70e1a8ab, org.springframework.security.web.header.HeaderWriterFilter@5daf0cb0, org.springframework.web.filter.CorsFilter@e11248f, org.springframework.security.web.csrf.CsrfFilter@3400f5aa, org.springframework.security.web.authentication.logout.LogoutFilter@1a714d1, org.springframework.security.web.authentication.UsernamePasswordAuthenticationFilter@60cb502a, org.springframework.security.web.savedrequest.RequestCacheAwareFilter@43ffaeb8, org.springframework.security.web.servletapi.SecurityContextHolderAwareRequestFilter@5991020b, org.springframework.security.web.authentication.AnonymousAuthenticationFilter@34616f67, org.springframework.security.web.access.ExceptionTranslationFilter@1bf0208c, org.springframework.security.web.access.intercept.AuthorizationFilter@6e432c80]
2024-08-04T11:24:43.844+03:00  INFO 9492 --- [BikeShop] [    Test worker] o.s.b.t.m.w.SpringBootMockServletContext : Initializing Spring TestDispatcherServlet ''
2024-08-04T11:24:43.844+03:00  INFO 9492 --- [BikeShop] [    Test worker] o.s.t.web.servlet.TestDispatcherServlet  : Initializing Servlet ''
2024-08-04T11:24:43.845+03:00  INFO 9492 --- [BikeShop] [    Test worker] o.s.t.web.servlet.TestDispatcherServlet  : Completed initialization in 1 ms
2024-08-04T11:24:43.853+03:00  INFO 9492 --- [BikeShop] [    Test worker] s.b.b.controller.HomeControllerIT        : Started HomeControllerIT in 1.975 seconds (process running for 47.886)
2024-08-04T11:24:43.857+03:00 DEBUG 9492 --- [BikeShop] [    Test worker] org.hibernate.SQL                        : 
    select
        count(*) 
    from
        roles r1_0
2024-08-04T11:24:43.864+03:00 DEBUG 9492 --- [BikeShop] [    Test worker] org.hibernate.SQL                        : 
    select
        count(*) 
    from
        users u1_0
2024-08-04T11:24:43.903+03:00  WARN 9492 --- [BikeShop] [    Test worker] actStandardFragmentInsertionTagProcessor : [THYMELEAF][Test worker][index] Deprecated unwrapped fragment expression "fragments/navbar :: navbar" found in template index, line 12, col 15. Please use the complete syntax of fragment expressions instead ("~{fragments/navbar :: navbar}"). The old, unwrapped syntax for fragment expressions will be removed in future versions of Thymeleaf.
2024-08-04T11:24:43.953+03:00  WARN 9492 --- [BikeShop] [    Test worker] actStandardFragmentInsertionTagProcessor : [THYMELEAF][Test worker][about] Deprecated unwrapped fragment expression "fragments/navbar :: navbar" found in template about, line 14, col 13. Please use the complete syntax of fragment expressions instead ("~{fragments/navbar :: navbar}"). The old, unwrapped syntax for fragment expressions will be removed in future versions of Thymeleaf.
]]></system-out>
  <system-err><![CDATA[]]></system-err>
</testsuite>
