<?xml version="1.0" encoding="UTF-8"?>
<testsuite name="softuni.bg.bikeshop.controller.AdminControllerIT" tests="6" skipped="0" failures="0" errors="0" timestamp="2024-08-05T16:13:42" hostname="DESKTOP-RKC5M4M" time="1.643">
  <properties/>
  <testcase name="addRoleSuccessTest()" classname="softuni.bg.bikeshop.controller.AdminControllerIT" time="0.602"/>
  <testcase name="deleteSuccessTest()" classname="softuni.bg.bikeshop.controller.AdminControllerIT" time="0.017"/>
  <testcase name="deleteLoggedUserTest()" classname="softuni.bg.bikeshop.controller.AdminControllerIT" time="0.025"/>
  <testcase name="deleteUserHasActiveOffersTest()" classname="softuni.bg.bikeshop.controller.AdminControllerIT" time="0.013"/>
  <testcase name="viewAdminPageTest()" classname="softuni.bg.bikeshop.controller.AdminControllerIT" time="0.931"/>
  <testcase name="addRoleFailureTest()" classname="softuni.bg.bikeshop.controller.AdminControllerIT" time="0.039"/>
  <system-out><![CDATA[2024-08-05T19:13:40.248+03:00  INFO 13416 --- [BikeShop] [    Test worker] t.c.s.AnnotationConfigContextLoaderUtils : Could not detect default configuration classes for test class [softuni.bg.bikeshop.controller.AdminControllerIT]: AdminControllerIT does not declare any static, non-private, non-final, nested classes annotated with @Configuration.
2024-08-05T19:13:40.281+03:00  INFO 13416 --- [BikeShop] [    Test worker] .b.t.c.SpringBootTestContextBootstrapper : Found @SpringBootConfiguration softuni.bg.bikeshop.BikeShopApplication for test class softuni.bg.bikeshop.controller.AdminControllerIT
2024-08-05T19:13:40.286+03:00  INFO 13416 --- [BikeShop] [    Test worker] o.s.b.d.r.RestartApplicationListener     : Restart disabled due to context in which it is running
  .   ____          _            __ _ _
 /\\ / ___'_ __ _ _(_)_ __  __ _ \ \ \ \
( ( )\___ | '_ | '_| | '_ \/ _` | \ \ \ \
 \\/  ___)| |_)| | | | | || (_| |  ) ) ) )
  '  |____| .__|_| |_|_| |_\__, | / / / /
 =========|_|==============|___/=/_/_/_/

 :: Spring Boot ::                (v3.3.0)

2024-08-05T19:13:40.341+03:00  INFO 13416 --- [BikeShop] [    Test worker] s.b.b.controller.AdminControllerIT       : Starting AdminControllerIT using Java 17.0.3.1 with PID 13416 (started by PC in D:\SOFTUNI\Final Project\BikeShop)
2024-08-05T19:13:40.341+03:00  INFO 13416 --- [BikeShop] [    Test worker] s.b.b.controller.AdminControllerIT       : No active profile set, falling back to 1 default profile: "default"
2024-08-05T19:13:40.618+03:00  INFO 13416 --- [BikeShop] [    Test worker] .s.d.r.c.RepositoryConfigurationDelegate : Bootstrapping Spring Data JPA repositories in DEFAULT mode.
2024-08-05T19:13:40.668+03:00  INFO 13416 --- [BikeShop] [    Test worker] .s.d.r.c.RepositoryConfigurationDelegate : Finished Spring Data repository scanning in 48 ms. Found 6 JPA repository interfaces.
2024-08-05T19:13:41.022+03:00  INFO 13416 --- [BikeShop] [    Test worker] o.hibernate.jpa.internal.util.LogHelper  : HHH000204: Processing PersistenceUnitInfo [name: default]
2024-08-05T19:13:41.029+03:00  INFO 13416 --- [BikeShop] [    Test worker] o.h.c.internal.RegionFactoryInitiator    : HHH000026: Second-level cache disabled
2024-08-05T19:13:41.048+03:00  INFO 13416 --- [BikeShop] [    Test worker] o.s.o.j.p.SpringPersistenceUnitInfo      : No LoadTimeWeaver setup: ignoring JPA class transformer
2024-08-05T19:13:41.050+03:00  INFO 13416 --- [BikeShop] [    Test worker] com.zaxxer.hikari.HikariDataSource       : HikariPool-2 - Starting...
2024-08-05T19:13:41.057+03:00  INFO 13416 --- [BikeShop] [    Test worker] com.zaxxer.hikari.pool.HikariPool        : HikariPool-2 - Added connection com.mysql.cj.jdbc.ConnectionImpl@4eb3dacc
2024-08-05T19:13:41.058+03:00  INFO 13416 --- [BikeShop] [    Test worker] com.zaxxer.hikari.HikariDataSource       : HikariPool-2 - Start completed.
2024-08-05T19:13:41.059+03:00  WARN 13416 --- [BikeShop] [    Test worker] org.hibernate.orm.deprecation            : HHH90000025: MySQL8Dialect does not need to be specified explicitly using 'hibernate.dialect' (remove the property setting and it will be selected by default)
2024-08-05T19:13:41.059+03:00  WARN 13416 --- [BikeShop] [    Test worker] org.hibernate.orm.deprecation            : HHH90000026: MySQL8Dialect has been deprecated; use org.hibernate.dialect.MySQLDialect instead
2024-08-05T19:13:41.060+03:00 DEBUG 13416 --- [BikeShop] [    Test worker] o.h.t.d.sql.spi.DdlTypeRegistry          : addDescriptor(12, org.hibernate.type.descriptor.sql.internal.CapacityDependentDdlType@2d16e71e) replaced previous registration(org.hibernate.type.descriptor.sql.internal.CapacityDependentDdlType@3a6e8bc0)
2024-08-05T19:13:41.060+03:00 DEBUG 13416 --- [BikeShop] [    Test worker] o.h.t.d.sql.spi.DdlTypeRegistry          : addDescriptor(-9, org.hibernate.type.descriptor.sql.internal.CapacityDependentDdlType@5aa943c5) replaced previous registration(org.hibernate.type.descriptor.sql.internal.CapacityDependentDdlType@a1c87e6)
2024-08-05T19:13:41.061+03:00 DEBUG 13416 --- [BikeShop] [    Test worker] o.h.t.d.sql.spi.DdlTypeRegistry          : addDescriptor(-3, org.hibernate.type.descriptor.sql.internal.CapacityDependentDdlType@10a8bfac) replaced previous registration(org.hibernate.type.descriptor.sql.internal.CapacityDependentDdlType@5e5616f2)
2024-08-05T19:13:41.061+03:00 DEBUG 13416 --- [BikeShop] [    Test worker] o.h.t.d.sql.spi.DdlTypeRegistry          : addDescriptor(4003, org.hibernate.type.descriptor.sql.internal.DdlTypeImpl@4e71c196) replaced previous registration(org.hibernate.type.descriptor.sql.internal.DdlTypeImpl@20bc4c09)
2024-08-05T19:13:41.061+03:00 DEBUG 13416 --- [BikeShop] [    Test worker] o.h.t.d.sql.spi.DdlTypeRegistry          : addDescriptor(4001, org.hibernate.type.descriptor.sql.internal.DdlTypeImpl@753cc26d) replaced previous registration(org.hibernate.type.descriptor.sql.internal.DdlTypeImpl@1b33bbbe)
2024-08-05T19:13:41.061+03:00 DEBUG 13416 --- [BikeShop] [    Test worker] o.h.t.d.sql.spi.DdlTypeRegistry          : addDescriptor(4002, org.hibernate.type.descriptor.sql.internal.DdlTypeImpl@5b0eb43f) replaced previous registration(org.hibernate.type.descriptor.sql.internal.DdlTypeImpl@19106753)
2024-08-05T19:13:41.061+03:00 DEBUG 13416 --- [BikeShop] [    Test worker] o.h.t.d.sql.spi.DdlTypeRegistry          : addDescriptor(2004, org.hibernate.type.descriptor.sql.internal.CapacityDependentDdlType@a2cf1b6) replaced previous registration(org.hibernate.type.descriptor.sql.internal.DdlTypeImpl@c444506)
2024-08-05T19:13:41.062+03:00 DEBUG 13416 --- [BikeShop] [    Test worker] o.h.t.d.sql.spi.DdlTypeRegistry          : addDescriptor(2005, org.hibernate.type.descriptor.sql.internal.CapacityDependentDdlType@22c5a7fd) replaced previous registration(org.hibernate.type.descriptor.sql.internal.DdlTypeImpl@38f57609)
2024-08-05T19:13:41.062+03:00 DEBUG 13416 --- [BikeShop] [    Test worker] o.h.t.d.sql.spi.DdlTypeRegistry          : addDescriptor(2011, org.hibernate.type.descriptor.sql.internal.CapacityDependentDdlType@55b991e0) replaced previous registration(org.hibernate.type.descriptor.sql.internal.DdlTypeImpl@7bfb9224)
2024-08-05T19:13:41.062+03:00 DEBUG 13416 --- [BikeShop] [    Test worker] o.h.t.d.jdbc.spi.JdbcTypeRegistry        : addDescriptor(NCharTypeDescriptor) replaced previous registration(CharTypeDescriptor)
2024-08-05T19:13:41.062+03:00 DEBUG 13416 --- [BikeShop] [    Test worker] o.h.t.d.jdbc.spi.JdbcTypeRegistry        : addDescriptor(NVarcharTypeDescriptor) replaced previous registration(VarcharTypeDescriptor)
2024-08-05T19:13:41.062+03:00 DEBUG 13416 --- [BikeShop] [    Test worker] o.h.t.d.jdbc.spi.JdbcTypeRegistry        : addDescriptor(LongNVarcharTypeDescriptor) replaced previous registration(LongVarcharTypeDescriptor)
2024-08-05T19:13:41.062+03:00 DEBUG 13416 --- [BikeShop] [    Test worker] o.h.t.d.jdbc.spi.JdbcTypeRegistry        : addDescriptor(NClobTypeDescriptor(DEFAULT)) replaced previous registration(ClobTypeDescriptor(DEFAULT))
2024-08-05T19:13:41.062+03:00 DEBUG 13416 --- [BikeShop] [    Test worker] o.h.t.d.jdbc.spi.JdbcTypeRegistry        : addDescriptor(2005, ClobTypeDescriptor(STREAM_BINDING)) replaced previous registration(ClobTypeDescriptor(DEFAULT))
2024-08-05T19:13:41.419+03:00  INFO 13416 --- [BikeShop] [    Test worker] o.h.e.t.j.p.i.JtaPlatformInitiator       : HHH000489: No JTA platform available (set 'hibernate.transaction.jta.platform' to enable JTA platform integration)
2024-08-05T19:13:41.437+03:00 DEBUG 13416 --- [BikeShop] [    Test worker] org.hibernate.SQL                        : 
    alter table picture 
       modify column url LONGTEXT not null
2024-08-05T19:13:41.452+03:00 DEBUG 13416 --- [BikeShop] [    Test worker] org.hibernate.SQL                        : 
    alter table products 
       modify column description TEXT
2024-08-05T19:13:41.479+03:00 DEBUG 13416 --- [BikeShop] [    Test worker] org.hibernate.SQL                        : 
    alter table reviews 
       modify column content TEXT not null
2024-08-05T19:13:41.626+03:00  INFO 13416 --- [BikeShop] [    Test worker] j.LocalContainerEntityManagerFactoryBean : Initialized JPA EntityManagerFactory for persistence unit 'default'
2024-08-05T19:13:41.835+03:00  INFO 13416 --- [BikeShop] [    Test worker] r$InitializeUserDetailsManagerConfigurer : Global AuthenticationManager configured with UserDetailsService bean with name userDetailsService
2024-08-05T19:13:41.844+03:00  INFO 13416 --- [BikeShop] [    Test worker] o.s.b.a.w.s.WelcomePageHandlerMapping    : Adding welcome page template: index
2024-08-05T19:13:41.928+03:00  INFO 13416 --- [BikeShop] [    Test worker] o.s.s.web.DefaultSecurityFilterChain     : Will secure any request with [org.springframework.security.web.session.DisableEncodeUrlFilter@62c732d2, org.springframework.security.web.context.request.async.WebAsyncManagerIntegrationFilter@3dbe3bc4, org.springframework.security.web.context.SecurityContextHolderFilter@2ae56ac6, org.springframework.security.web.header.HeaderWriterFilter@7c654cfc, org.springframework.web.filter.CorsFilter@69c071db, org.springframework.security.web.csrf.CsrfFilter@30e67f98, org.springframework.security.web.authentication.logout.LogoutFilter@7a1bcfb1, org.springframework.security.web.authentication.UsernamePasswordAuthenticationFilter@46050be4, org.springframework.security.web.savedrequest.RequestCacheAwareFilter@29fccabd, org.springframework.security.web.servletapi.SecurityContextHolderAwareRequestFilter@2d7d92a7, org.springframework.security.web.authentication.AnonymousAuthenticationFilter@7740d2c, org.springframework.security.web.access.ExceptionTranslationFilter@3186b07d, org.springframework.security.web.access.intercept.AuthorizationFilter@74d41fcf]
2024-08-05T19:13:42.214+03:00  INFO 13416 --- [BikeShop] [    Test worker] o.s.b.t.m.w.SpringBootMockServletContext : Initializing Spring TestDispatcherServlet ''
2024-08-05T19:13:42.214+03:00  INFO 13416 --- [BikeShop] [    Test worker] o.s.t.web.servlet.TestDispatcherServlet  : Initializing Servlet ''
2024-08-05T19:13:42.216+03:00  INFO 13416 --- [BikeShop] [    Test worker] o.s.t.web.servlet.TestDispatcherServlet  : Completed initialization in 1 ms
2024-08-05T19:13:42.231+03:00  INFO 13416 --- [BikeShop] [    Test worker] s.b.b.controller.AdminControllerIT       : Started AdminControllerIT in 1.944 seconds (process running for 25.636)
2024-08-05T19:13:42.259+03:00 DEBUG 13416 --- [BikeShop] [    Test worker] org.hibernate.SQL                        : 
    select
        count(*) 
    from
        roles r1_0
2024-08-05T19:13:43.633+03:00  WARN 13416 --- [BikeShop] [    Test worker] actStandardFragmentInsertionTagProcessor : [THYMELEAF][Test worker][admin] Deprecated unwrapped fragment expression "fragments/navbar :: navbar" found in template admin, line 14, col 6. Please use the complete syntax of fragment expressions instead ("~{fragments/navbar :: navbar}"). The old, unwrapped syntax for fragment expressions will be removed in future versions of Thymeleaf.
]]></system-out>
  <system-err><![CDATA[]]></system-err>
</testsuite>
