<?xml version="1.0" encoding="UTF-8"?>
<testsuite name="softuni.bg.bikeshop.controller.ReviewControllerIT" tests="2" skipped="0" failures="0" errors="0" timestamp="2024-08-05T16:38:08" hostname="DESKTOP-RKC5M4M" time="0.052">
  <properties/>
  <testcase name="addReviewTest()" classname="softuni.bg.bikeshop.controller.ReviewControllerIT" time="0.013"/>
  <testcase name="getAllReviewsOfProductTest()" classname="softuni.bg.bikeshop.controller.ReviewControllerIT" time="0.037"/>
  <system-out><![CDATA[2024-08-05T19:38:05.486+03:00  INFO 16804 --- [BikeShop] [    Test worker] t.c.s.AnnotationConfigContextLoaderUtils : Could not detect default configuration classes for test class [softuni.bg.bikeshop.controller.ReviewControllerIT]: ReviewControllerIT does not declare any static, non-private, non-final, nested classes annotated with @Configuration.
2024-08-05T19:38:05.498+03:00  INFO 16804 --- [BikeShop] [    Test worker] .b.t.c.SpringBootTestContextBootstrapper : Found @SpringBootConfiguration softuni.bg.bikeshop.BikeShopApplication for test class softuni.bg.bikeshop.controller.ReviewControllerIT
2024-08-05T19:38:05.506+03:00  INFO 16804 --- [BikeShop] [    Test worker] o.s.b.d.r.RestartApplicationListener     : Restart disabled due to context in which it is running
  .   ____          _            __ _ _
 /\\ / ___'_ __ _ _(_)_ __  __ _ \ \ \ \
( ( )\___ | '_ | '_| | '_ \/ _` | \ \ \ \
 \\/  ___)| |_)| | | | | || (_| |  ) ) ) )
  '  |____| .__|_| |_|_| |_\__, | / / / /
 =========|_|==============|___/=/_/_/_/

 :: Spring Boot ::                (v3.3.0)

2024-08-05T19:38:05.635+03:00  INFO 16804 --- [BikeShop] [    Test worker] s.b.b.controller.ReviewControllerIT      : Starting ReviewControllerIT using Java 17.0.3.1 with PID 16804 (started by PC in D:\SOFTUNI\Final Project\BikeShop)
2024-08-05T19:38:05.636+03:00  INFO 16804 --- [BikeShop] [    Test worker] s.b.b.controller.ReviewControllerIT      : No active profile set, falling back to 1 default profile: "default"
2024-08-05T19:38:06.952+03:00  INFO 16804 --- [BikeShop] [    Test worker] .s.d.r.c.RepositoryConfigurationDelegate : Bootstrapping Spring Data JPA repositories in DEFAULT mode.
2024-08-05T19:38:06.998+03:00  INFO 16804 --- [BikeShop] [    Test worker] .s.d.r.c.RepositoryConfigurationDelegate : Finished Spring Data repository scanning in 45 ms. Found 6 JPA repository interfaces.
2024-08-05T19:38:07.351+03:00  INFO 16804 --- [BikeShop] [    Test worker] o.hibernate.jpa.internal.util.LogHelper  : HHH000204: Processing PersistenceUnitInfo [name: default]
2024-08-05T19:38:07.366+03:00  INFO 16804 --- [BikeShop] [    Test worker] o.h.c.internal.RegionFactoryInitiator    : HHH000026: Second-level cache disabled
2024-08-05T19:38:07.383+03:00  INFO 16804 --- [BikeShop] [    Test worker] o.s.o.j.p.SpringPersistenceUnitInfo      : No LoadTimeWeaver setup: ignoring JPA class transformer
2024-08-05T19:38:07.384+03:00  INFO 16804 --- [BikeShop] [    Test worker] com.zaxxer.hikari.HikariDataSource       : HikariPool-7 - Starting...
2024-08-05T19:38:07.397+03:00  INFO 16804 --- [BikeShop] [    Test worker] com.zaxxer.hikari.pool.HikariPool        : HikariPool-7 - Added connection com.mysql.cj.jdbc.ConnectionImpl@636f7adf
2024-08-05T19:38:07.398+03:00  INFO 16804 --- [BikeShop] [    Test worker] com.zaxxer.hikari.HikariDataSource       : HikariPool-7 - Start completed.
2024-08-05T19:38:07.398+03:00  WARN 16804 --- [BikeShop] [    Test worker] org.hibernate.orm.deprecation            : HHH90000025: MySQL8Dialect does not need to be specified explicitly using 'hibernate.dialect' (remove the property setting and it will be selected by default)
2024-08-05T19:38:07.398+03:00  WARN 16804 --- [BikeShop] [    Test worker] org.hibernate.orm.deprecation            : HHH90000026: MySQL8Dialect has been deprecated; use org.hibernate.dialect.MySQLDialect instead
2024-08-05T19:38:07.399+03:00 DEBUG 16804 --- [BikeShop] [    Test worker] o.h.t.d.sql.spi.DdlTypeRegistry          : addDescriptor(12, org.hibernate.type.descriptor.sql.internal.CapacityDependentDdlType@5b68097a) replaced previous registration(org.hibernate.type.descriptor.sql.internal.CapacityDependentDdlType@59139fb7)
2024-08-05T19:38:07.399+03:00 DEBUG 16804 --- [BikeShop] [    Test worker] o.h.t.d.sql.spi.DdlTypeRegistry          : addDescriptor(-9, org.hibernate.type.descriptor.sql.internal.CapacityDependentDdlType@550e427a) replaced previous registration(org.hibernate.type.descriptor.sql.internal.CapacityDependentDdlType@4daf6386)
2024-08-05T19:38:07.399+03:00 DEBUG 16804 --- [BikeShop] [    Test worker] o.h.t.d.sql.spi.DdlTypeRegistry          : addDescriptor(-3, org.hibernate.type.descriptor.sql.internal.CapacityDependentDdlType@56178090) replaced previous registration(org.hibernate.type.descriptor.sql.internal.CapacityDependentDdlType@133c43c2)
2024-08-05T19:38:07.399+03:00 DEBUG 16804 --- [BikeShop] [    Test worker] o.h.t.d.sql.spi.DdlTypeRegistry          : addDescriptor(4003, org.hibernate.type.descriptor.sql.internal.DdlTypeImpl@3486de4d) replaced previous registration(org.hibernate.type.descriptor.sql.internal.DdlTypeImpl@2833808)
2024-08-05T19:38:07.399+03:00 DEBUG 16804 --- [BikeShop] [    Test worker] o.h.t.d.sql.spi.DdlTypeRegistry          : addDescriptor(4001, org.hibernate.type.descriptor.sql.internal.DdlTypeImpl@687a3bc8) replaced previous registration(org.hibernate.type.descriptor.sql.internal.DdlTypeImpl@19294756)
2024-08-05T19:38:07.400+03:00 DEBUG 16804 --- [BikeShop] [    Test worker] o.h.t.d.sql.spi.DdlTypeRegistry          : addDescriptor(4002, org.hibernate.type.descriptor.sql.internal.DdlTypeImpl@1b5f8688) replaced previous registration(org.hibernate.type.descriptor.sql.internal.DdlTypeImpl@87be93)
2024-08-05T19:38:07.400+03:00 DEBUG 16804 --- [BikeShop] [    Test worker] o.h.t.d.sql.spi.DdlTypeRegistry          : addDescriptor(2004, org.hibernate.type.descriptor.sql.internal.CapacityDependentDdlType@399a7130) replaced previous registration(org.hibernate.type.descriptor.sql.internal.DdlTypeImpl@6ada92a2)
2024-08-05T19:38:07.400+03:00 DEBUG 16804 --- [BikeShop] [    Test worker] o.h.t.d.sql.spi.DdlTypeRegistry          : addDescriptor(2005, org.hibernate.type.descriptor.sql.internal.CapacityDependentDdlType@d5632b7) replaced previous registration(org.hibernate.type.descriptor.sql.internal.DdlTypeImpl@309876a8)
2024-08-05T19:38:07.400+03:00 DEBUG 16804 --- [BikeShop] [    Test worker] o.h.t.d.sql.spi.DdlTypeRegistry          : addDescriptor(2011, org.hibernate.type.descriptor.sql.internal.CapacityDependentDdlType@5a61927a) replaced previous registration(org.hibernate.type.descriptor.sql.internal.DdlTypeImpl@64904416)
2024-08-05T19:38:07.400+03:00 DEBUG 16804 --- [BikeShop] [    Test worker] o.h.t.d.jdbc.spi.JdbcTypeRegistry        : addDescriptor(NCharTypeDescriptor) replaced previous registration(CharTypeDescriptor)
2024-08-05T19:38:07.400+03:00 DEBUG 16804 --- [BikeShop] [    Test worker] o.h.t.d.jdbc.spi.JdbcTypeRegistry        : addDescriptor(NVarcharTypeDescriptor) replaced previous registration(VarcharTypeDescriptor)
2024-08-05T19:38:07.400+03:00 DEBUG 16804 --- [BikeShop] [    Test worker] o.h.t.d.jdbc.spi.JdbcTypeRegistry        : addDescriptor(LongNVarcharTypeDescriptor) replaced previous registration(LongVarcharTypeDescriptor)
2024-08-05T19:38:07.400+03:00 DEBUG 16804 --- [BikeShop] [    Test worker] o.h.t.d.jdbc.spi.JdbcTypeRegistry        : addDescriptor(NClobTypeDescriptor(DEFAULT)) replaced previous registration(ClobTypeDescriptor(DEFAULT))
2024-08-05T19:38:07.400+03:00 DEBUG 16804 --- [BikeShop] [    Test worker] o.h.t.d.jdbc.spi.JdbcTypeRegistry        : addDescriptor(2005, ClobTypeDescriptor(STREAM_BINDING)) replaced previous registration(ClobTypeDescriptor(DEFAULT))
2024-08-05T19:38:07.947+03:00  INFO 16804 --- [BikeShop] [    Test worker] o.h.e.t.j.p.i.JtaPlatformInitiator       : HHH000489: No JTA platform available (set 'hibernate.transaction.jta.platform' to enable JTA platform integration)
2024-08-05T19:38:07.959+03:00 DEBUG 16804 --- [BikeShop] [    Test worker] org.hibernate.SQL                        : 
    alter table picture 
       modify column url LONGTEXT not null
2024-08-05T19:38:07.990+03:00 DEBUG 16804 --- [BikeShop] [    Test worker] org.hibernate.SQL                        : 
    alter table products 
       modify column description TEXT
2024-08-05T19:38:08.025+03:00 DEBUG 16804 --- [BikeShop] [    Test worker] org.hibernate.SQL                        : 
    alter table reviews 
       modify column content TEXT not null
2024-08-05T19:38:08.174+03:00  INFO 16804 --- [BikeShop] [    Test worker] j.LocalContainerEntityManagerFactoryBean : Initialized JPA EntityManagerFactory for persistence unit 'default'
2024-08-05T19:38:08.347+03:00  INFO 16804 --- [BikeShop] [    Test worker] r$InitializeUserDetailsManagerConfigurer : Global AuthenticationManager configured with UserDetailsService bean with name userDetailsService
2024-08-05T19:38:08.368+03:00  INFO 16804 --- [BikeShop] [    Test worker] o.s.b.a.w.s.WelcomePageHandlerMapping    : Adding welcome page template: index
2024-08-05T19:38:08.488+03:00  INFO 16804 --- [BikeShop] [    Test worker] o.s.s.web.DefaultSecurityFilterChain     : Will secure any request with [org.springframework.security.web.session.DisableEncodeUrlFilter@4994b23d, org.springframework.security.web.context.request.async.WebAsyncManagerIntegrationFilter@381d5eb8, org.springframework.security.web.context.SecurityContextHolderFilter@6fa2a253, org.springframework.security.web.header.HeaderWriterFilter@3e0238c, org.springframework.web.filter.CorsFilter@4fe258f2, org.springframework.security.web.csrf.CsrfFilter@571d28fe, org.springframework.security.web.authentication.logout.LogoutFilter@1b5bd1f5, org.springframework.security.web.authentication.UsernamePasswordAuthenticationFilter@c851e21, org.springframework.security.web.savedrequest.RequestCacheAwareFilter@51c62d81, org.springframework.security.web.servletapi.SecurityContextHolderAwareRequestFilter@63eff41c, org.springframework.security.web.authentication.AnonymousAuthenticationFilter@6bb22339, org.springframework.security.web.access.ExceptionTranslationFilter@539c20ed, org.springframework.security.web.access.intercept.AuthorizationFilter@67420940]
2024-08-05T19:38:08.650+03:00  INFO 16804 --- [BikeShop] [    Test worker] o.s.b.t.m.w.SpringBootMockServletContext : Initializing Spring TestDispatcherServlet ''
2024-08-05T19:38:08.650+03:00  INFO 16804 --- [BikeShop] [    Test worker] o.s.t.web.servlet.TestDispatcherServlet  : Initializing Servlet ''
2024-08-05T19:38:08.651+03:00  INFO 16804 --- [BikeShop] [    Test worker] o.s.t.web.servlet.TestDispatcherServlet  : Completed initialization in 1 ms
2024-08-05T19:38:08.662+03:00  INFO 16804 --- [BikeShop] [    Test worker] s.b.b.controller.ReviewControllerIT      : Started ReviewControllerIT in 3.157 seconds (process running for 34.507)
2024-08-05T19:38:08.667+03:00 DEBUG 16804 --- [BikeShop] [    Test worker] org.hibernate.SQL                        : 
    select
        count(*) 
    from
        roles r1_0
2024-08-05T19:38:08.691+03:00 DEBUG 16804 --- [BikeShop] [    Test worker] org.hibernate.SQL                        : 
    select
        count(*) 
    from
        users u1_0
]]></system-out>
  <system-err><![CDATA[]]></system-err>
</testsuite>
